2017/07/06 21:03:59 [error] [exception.CException] CException: Alias "application.modules.YiiScraper.YiiScraperModule" is invalid. Make sure it points to an existing PHP file and the file is readable. in /var/www/html/yii/YiiBase.php:323
Stack trace:
#0 /var/www/html/yii/YiiBase.php(196): YiiBase::import('application.mod...', true)
#1 /var/www/html/yii/base/CModule.php(282): YiiBase::createComponent(Array, 'yscraper', NULL, Array)
#2 /var/www/html/yii/web/CWebApplication.php(337): CModule->getModule('yscraper')
#3 /var/www/html/yii/web/CWebApplication.php(276): CWebApplication->createController('')
#4 /var/www/html/yii/web/CWebApplication.php(141): CWebApplication->runController('yscraper')
#5 /var/www/html/yii/base/CApplication.php(185): CWebApplication->processRequest()
#6 /var/www/html/mcscrap/index.php(13): CApplication->run()
#7 {main}
REQUEST_URI=/mcscrap/index.php/yscraper
---
2017/07/06 21:04:49 [error] [exception.CException] CException: Alias "application.modules.YiiScraper.YiiScraperModule" is invalid. Make sure it points to an existing PHP file and the file is readable. in /var/www/html/yii/YiiBase.php:323
Stack trace:
#0 /var/www/html/yii/YiiBase.php(196): YiiBase::import('application.mod...', true)
#1 /var/www/html/yii/base/CModule.php(282): YiiBase::createComponent(Array, 'yscraper', NULL, Array)
#2 /var/www/html/yii/web/CWebApplication.php(337): CModule->getModule('yscraper')
#3 /var/www/html/yii/web/CWebApplication.php(276): CWebApplication->createController('default/install...')
#4 /var/www/html/yii/web/CWebApplication.php(141): CWebApplication->runController('yscraper/defaul...')
#5 /var/www/html/yii/base/CApplication.php(185): CWebApplication->processRequest()
#6 /var/www/html/mcscrap/index.php(13): CApplication->run()
#7 {main}
REQUEST_URI=/mcscrap/index.php/yscraper/default/install
---
2017/07/06 21:06:41 [error] [exception.CException] CException: Alias "application.modules.YiiScraper.YiiScraperModule" is invalid. Make sure it points to an existing PHP file and the file is readable. in /var/www/html/yii/YiiBase.php:323
Stack trace:
#0 /var/www/html/yii/YiiBase.php(196): YiiBase::import('application.mod...', true)
#1 /var/www/html/yii/base/CModule.php(282): YiiBase::createComponent(Array, 'yscraper', NULL, Array)
#2 /var/www/html/yii/web/CWebApplication.php(337): CModule->getModule('yscraper')
#3 /var/www/html/yii/web/CWebApplication.php(276): CWebApplication->createController('default/install...')
#4 /var/www/html/yii/web/CWebApplication.php(141): CWebApplication->runController('yscraper/defaul...')
#5 /var/www/html/yii/base/CApplication.php(185): CWebApplication->processRequest()
#6 /var/www/html/mcscrap/index.php(13): CApplication->run()
#7 {main}
REQUEST_URI=/mcscrap/index.php/yscraper/default/install
---
2017/07/06 21:06:43 [error] [exception.CException] CException: Alias "application.modules.YiiScraper.YiiScraperModule" is invalid. Make sure it points to an existing PHP file and the file is readable. in /var/www/html/yii/YiiBase.php:323
Stack trace:
#0 /var/www/html/yii/YiiBase.php(196): YiiBase::import('application.mod...', true)
#1 /var/www/html/yii/base/CModule.php(282): YiiBase::createComponent(Array, 'yscraper', NULL, Array)
#2 /var/www/html/yii/web/CWebApplication.php(337): CModule->getModule('yscraper')
#3 /var/www/html/yii/web/CWebApplication.php(276): CWebApplication->createController('default/install...')
#4 /var/www/html/yii/web/CWebApplication.php(141): CWebApplication->runController('yscraper/defaul...')
#5 /var/www/html/yii/base/CApplication.php(185): CWebApplication->processRequest()
#6 /var/www/html/mcscrap/index.php(13): CApplication->run()
#7 {main}
REQUEST_URI=/mcscrap/index.php/yscraper/default/install
---
2017/07/06 21:06:44 [error] [exception.CException] CException: Alias "application.modules.YiiScraper.YiiScraperModule" is invalid. Make sure it points to an existing PHP file and the file is readable. in /var/www/html/yii/YiiBase.php:323
Stack trace:
#0 /var/www/html/yii/YiiBase.php(196): YiiBase::import('application.mod...', true)
#1 /var/www/html/yii/base/CModule.php(282): YiiBase::createComponent(Array, 'yscraper', NULL, Array)
#2 /var/www/html/yii/web/CWebApplication.php(337): CModule->getModule('yscraper')
#3 /var/www/html/yii/web/CWebApplication.php(276): CWebApplication->createController('default/install...')
#4 /var/www/html/yii/web/CWebApplication.php(141): CWebApplication->runController('yscraper/defaul...')
#5 /var/www/html/yii/base/CApplication.php(185): CWebApplication->processRequest()
#6 /var/www/html/mcscrap/index.php(13): CApplication->run()
#7 {main}
REQUEST_URI=/mcscrap/index.php/yscraper/default/install
---
2017/07/06 21:06:44 [error] [exception.CException] CException: Alias "application.modules.YiiScraper.YiiScraperModule" is invalid. Make sure it points to an existing PHP file and the file is readable. in /var/www/html/yii/YiiBase.php:323
Stack trace:
#0 /var/www/html/yii/YiiBase.php(196): YiiBase::import('application.mod...', true)
#1 /var/www/html/yii/base/CModule.php(282): YiiBase::createComponent(Array, 'yscraper', NULL, Array)
#2 /var/www/html/yii/web/CWebApplication.php(337): CModule->getModule('yscraper')
#3 /var/www/html/yii/web/CWebApplication.php(276): CWebApplication->createController('default/install...')
#4 /var/www/html/yii/web/CWebApplication.php(141): CWebApplication->runController('yscraper/defaul...')
#5 /var/www/html/yii/base/CApplication.php(185): CWebApplication->processRequest()
#6 /var/www/html/mcscrap/index.php(13): CApplication->run()
#7 {main}
REQUEST_URI=/mcscrap/index.php/yscraper/default/install
---
2017/07/06 21:06:44 [error] [exception.CException] CException: Alias "application.modules.YiiScraper.YiiScraperModule" is invalid. Make sure it points to an existing PHP file and the file is readable. in /var/www/html/yii/YiiBase.php:323
Stack trace:
#0 /var/www/html/yii/YiiBase.php(196): YiiBase::import('application.mod...', true)
#1 /var/www/html/yii/base/CModule.php(282): YiiBase::createComponent(Array, 'yscraper', NULL, Array)
#2 /var/www/html/yii/web/CWebApplication.php(337): CModule->getModule('yscraper')
#3 /var/www/html/yii/web/CWebApplication.php(276): CWebApplication->createController('default/install...')
#4 /var/www/html/yii/web/CWebApplication.php(141): CWebApplication->runController('yscraper/defaul...')
#5 /var/www/html/yii/base/CApplication.php(185): CWebApplication->processRequest()
#6 /var/www/html/mcscrap/index.php(13): CApplication->run()
#7 {main}
REQUEST_URI=/mcscrap/index.php/yscraper/default/install
---
2017/07/06 21:08:29 [error] [exception.CException] CException: Alias "application.modules.YiiScraper.YiiScraperModule" is invalid. Make sure it points to an existing PHP file and the file is readable. in /var/www/html/yii/YiiBase.php:323
Stack trace:
#0 /var/www/html/yii/YiiBase.php(196): YiiBase::import('application.mod...', true)
#1 /var/www/html/yii/base/CModule.php(282): YiiBase::createComponent(Array, 'yscraper', NULL, Array)
#2 /var/www/html/yii/web/CWebApplication.php(337): CModule->getModule('yscraper')
#3 /var/www/html/yii/web/CWebApplication.php(276): CWebApplication->createController('')
#4 /var/www/html/yii/web/CWebApplication.php(141): CWebApplication->runController('yscraper')
#5 /var/www/html/yii/base/CApplication.php(185): CWebApplication->processRequest()
#6 /var/www/html/mcscrap/index.php(13): CApplication->run()
#7 {main}
REQUEST_URI=/mcscrap/index.php/yscraper/
---
2017/07/06 21:10:38 [error] [exception.CException] CException: Alias "application.modules.YiiScraper.YiiScraperModule" is invalid. Make sure it points to an existing PHP file and the file is readable. in /var/www/html/yii/YiiBase.php:323
Stack trace:
#0 /var/www/html/yii/YiiBase.php(196): YiiBase::import('application.mod...', true)
#1 /var/www/html/yii/base/CModule.php(282): YiiBase::createComponent(Array, 'yscraper', NULL, Array)
#2 /var/www/html/yii/web/CWebApplication.php(337): CModule->getModule('yscraper')
#3 /var/www/html/yii/web/CWebApplication.php(276): CWebApplication->createController('')
#4 /var/www/html/yii/web/CWebApplication.php(141): CWebApplication->runController('yscraper')
#5 /var/www/html/yii/base/CApplication.php(185): CWebApplication->processRequest()
#6 /var/www/html/mcscrap/index.php(13): CApplication->run()
#7 {main}
REQUEST_URI=/mcscrap/index.php/yscraper/
---
2017/07/06 21:16:02 [error] [exception.CException] CException: Alias "application.modules.YiiScraper.YiiScraperModule" is invalid. Make sure it points to an existing PHP file and the file is readable. in /var/www/html/yii/YiiBase.php:323
Stack trace:
#0 /var/www/html/yii/YiiBase.php(196): YiiBase::import('application.mod...', true)
#1 /var/www/html/yii/base/CModule.php(282): YiiBase::createComponent(Array, 'yscraper', NULL, Array)
#2 /var/www/html/yii/web/CWebApplication.php(337): CModule->getModule('yscraper')
#3 /var/www/html/yii/web/CWebApplication.php(276): CWebApplication->createController('')
#4 /var/www/html/yii/web/CWebApplication.php(141): CWebApplication->runController('yscraper')
#5 /var/www/html/yii/base/CApplication.php(185): CWebApplication->processRequest()
#6 /var/www/html/mcscrap/index.php(13): CApplication->run()
#7 {main}
REQUEST_URI=/mcscrap/index.php/yscraper/
---
2017/07/06 21:19:04 [error] [exception.CException] CException: Alias "modules.YiiScraper.YiiScraperModule" is invalid. Make sure it points to an existing directory or file. in /var/www/html/yii/YiiBase.php:348
Stack trace:
#0 /var/www/html/yii/YiiBase.php(196): YiiBase::import('modules.YiiScra...', true)
#1 /var/www/html/yii/base/CModule.php(282): YiiBase::createComponent(Array, 'yscraper', NULL, Array)
#2 /var/www/html/yii/web/CWebApplication.php(337): CModule->getModule('yscraper')
#3 /var/www/html/yii/web/CWebApplication.php(276): CWebApplication->createController('default/install...')
#4 /var/www/html/yii/web/CWebApplication.php(141): CWebApplication->runController('yscraper/defaul...')
#5 /var/www/html/yii/base/CApplication.php(185): CWebApplication->processRequest()
#6 /var/www/html/mcscrap/index.php(13): CApplication->run()
#7 {main}
REQUEST_URI=/mcscrap/index.php/yscraper/default/install
---
2017/07/06 21:55:52 [error] [exception.CException] CException: Alias "modules.YiiScraper.YiiScraperModule" is invalid. Make sure it points to an existing directory or file. in /var/www/html/yii/YiiBase.php:348
Stack trace:
#0 /var/www/html/yii/YiiBase.php(196): YiiBase::import('modules.YiiScra...', true)
#1 /var/www/html/yii/base/CModule.php(282): YiiBase::createComponent(Array, 'yscraper', NULL, Array)
#2 /var/www/html/yii/web/CWebApplication.php(337): CModule->getModule('yscraper')
#3 /var/www/html/yii/web/CWebApplication.php(276): CWebApplication->createController('default/install...')
#4 /var/www/html/yii/web/CWebApplication.php(141): CWebApplication->runController('yscraper/defaul...')
#5 /var/www/html/yii/base/CApplication.php(185): CWebApplication->processRequest()
#6 /var/www/html/mcscrap/index.php(13): CApplication->run()
#7 {main}
REQUEST_URI=/mcscrap/index.php/yscraper/default/install
---
2017/07/06 21:57:37 [error] [exception.CException] CException: Alias "modules.YiiScraper.YiiScraperModule" is invalid. Make sure it points to an existing directory or file. in /var/www/html/yii/YiiBase.php:348
Stack trace:
#0 /var/www/html/yii/YiiBase.php(196): YiiBase::import('modules.YiiScra...', true)
#1 /var/www/html/yii/base/CModule.php(282): YiiBase::createComponent(Array, 'yscraper', NULL, Array)
#2 /var/www/html/yii/web/CWebApplication.php(337): CModule->getModule('yscraper')
#3 /var/www/html/yii/web/CWebApplication.php(276): CWebApplication->createController('default/install...')
#4 /var/www/html/yii/web/CWebApplication.php(141): CWebApplication->runController('yscraper/defaul...')
#5 /var/www/html/yii/base/CApplication.php(185): CWebApplication->processRequest()
#6 /var/www/html/mcscrap/index.php(13): CApplication->run()
#7 {main}
REQUEST_URI=/mcscrap/index.php/yscraper/default/install
---
2017/07/06 21:57:39 [error] [exception.CException] CException: Alias "modules.YiiScraper.YiiScraperModule" is invalid. Make sure it points to an existing directory or file. in /var/www/html/yii/YiiBase.php:348
Stack trace:
#0 /var/www/html/yii/YiiBase.php(196): YiiBase::import('modules.YiiScra...', true)
#1 /var/www/html/yii/base/CModule.php(282): YiiBase::createComponent(Array, 'yscraper', NULL, Array)
#2 /var/www/html/yii/web/CWebApplication.php(337): CModule->getModule('yscraper')
#3 /var/www/html/yii/web/CWebApplication.php(276): CWebApplication->createController('default/install...')
#4 /var/www/html/yii/web/CWebApplication.php(141): CWebApplication->runController('yscraper/defaul...')
#5 /var/www/html/yii/base/CApplication.php(185): CWebApplication->processRequest()
#6 /var/www/html/mcscrap/index.php(13): CApplication->run()
#7 {main}
REQUEST_URI=/mcscrap/index.php/yscraper/default/install
---
2017/07/06 21:58:02 [error] [exception.CException] CException: Alias "application.modules.YiiScraper.YiiScraperModule" is invalid. Make sure it points to an existing PHP file and the file is readable. in /var/www/html/yii/YiiBase.php:323
Stack trace:
#0 /var/www/html/yii/YiiBase.php(196): YiiBase::import('application.mod...', true)
#1 /var/www/html/yii/base/CModule.php(282): YiiBase::createComponent(Array, 'yscraper', NULL, Array)
#2 /var/www/html/yii/web/CWebApplication.php(337): CModule->getModule('yscraper')
#3 /var/www/html/yii/web/CWebApplication.php(276): CWebApplication->createController('default/install...')
#4 /var/www/html/yii/web/CWebApplication.php(141): CWebApplication->runController('yscraper/defaul...')
#5 /var/www/html/yii/base/CApplication.php(185): CWebApplication->processRequest()
#6 /var/www/html/mcscrap/index.php(13): CApplication->run()
#7 {main}
REQUEST_URI=/mcscrap/index.php/yscraper/default/install
---
2017/07/06 22:04:56 [error] [exception.CException] CException: Alias "application.modules.YiiScraper.YiiScraperModule" is invalid. Make sure it points to an existing PHP file and the file is readable. in /var/www/html/yii/YiiBase.php:323
Stack trace:
#0 /var/www/html/yii/YiiBase.php(196): YiiBase::import('application.mod...', true)
#1 /var/www/html/yii/base/CModule.php(282): YiiBase::createComponent(Array, 'yscraper', NULL, Array)
#2 /var/www/html/yii/web/CWebApplication.php(337): CModule->getModule('yscraper')
#3 /var/www/html/yii/web/CWebApplication.php(276): CWebApplication->createController('default/install...')
#4 /var/www/html/yii/web/CWebApplication.php(141): CWebApplication->runController('yscraper/defaul...')
#5 /var/www/html/yii/base/CApplication.php(185): CWebApplication->processRequest()
#6 /var/www/html/mcscrap/index.php(13): CApplication->run()
#7 {main}
REQUEST_URI=/mcscrap/index.php/yscraper/default/install
---
2017/07/06 22:04:57 [error] [exception.CException] CException: Alias "application.modules.YiiScraper.YiiScraperModule" is invalid. Make sure it points to an existing PHP file and the file is readable. in /var/www/html/yii/YiiBase.php:323
Stack trace:
#0 /var/www/html/yii/YiiBase.php(196): YiiBase::import('application.mod...', true)
#1 /var/www/html/yii/base/CModule.php(282): YiiBase::createComponent(Array, 'yscraper', NULL, Array)
#2 /var/www/html/yii/web/CWebApplication.php(337): CModule->getModule('yscraper')
#3 /var/www/html/yii/web/CWebApplication.php(276): CWebApplication->createController('default/install...')
#4 /var/www/html/yii/web/CWebApplication.php(141): CWebApplication->runController('yscraper/defaul...')
#5 /var/www/html/yii/base/CApplication.php(185): CWebApplication->processRequest()
#6 /var/www/html/mcscrap/index.php(13): CApplication->run()
#7 {main}
REQUEST_URI=/mcscrap/index.php/yscraper/default/install
---
2017/07/06 22:04:58 [error] [exception.CException] CException: Alias "application.modules.YiiScraper.YiiScraperModule" is invalid. Make sure it points to an existing PHP file and the file is readable. in /var/www/html/yii/YiiBase.php:323
Stack trace:
#0 /var/www/html/yii/YiiBase.php(196): YiiBase::import('application.mod...', true)
#1 /var/www/html/yii/base/CModule.php(282): YiiBase::createComponent(Array, 'yscraper', NULL, Array)
#2 /var/www/html/yii/web/CWebApplication.php(337): CModule->getModule('yscraper')
#3 /var/www/html/yii/web/CWebApplication.php(276): CWebApplication->createController('default/install...')
#4 /var/www/html/yii/web/CWebApplication.php(141): CWebApplication->runController('yscraper/defaul...')
#5 /var/www/html/yii/base/CApplication.php(185): CWebApplication->processRequest()
#6 /var/www/html/mcscrap/index.php(13): CApplication->run()
#7 {main}
REQUEST_URI=/mcscrap/index.php/yscraper/default/install
---
2017/07/06 22:04:58 [error] [exception.CException] CException: Alias "application.modules.YiiScraper.YiiScraperModule" is invalid. Make sure it points to an existing PHP file and the file is readable. in /var/www/html/yii/YiiBase.php:323
Stack trace:
#0 /var/www/html/yii/YiiBase.php(196): YiiBase::import('application.mod...', true)
#1 /var/www/html/yii/base/CModule.php(282): YiiBase::createComponent(Array, 'yscraper', NULL, Array)
#2 /var/www/html/yii/web/CWebApplication.php(337): CModule->getModule('yscraper')
#3 /var/www/html/yii/web/CWebApplication.php(276): CWebApplication->createController('default/install...')
#4 /var/www/html/yii/web/CWebApplication.php(141): CWebApplication->runController('yscraper/defaul...')
#5 /var/www/html/yii/base/CApplication.php(185): CWebApplication->processRequest()
#6 /var/www/html/mcscrap/index.php(13): CApplication->run()
#7 {main}
REQUEST_URI=/mcscrap/index.php/yscraper/default/install
---
2017/07/06 22:04:58 [error] [exception.CException] CException: Alias "application.modules.YiiScraper.YiiScraperModule" is invalid. Make sure it points to an existing PHP file and the file is readable. in /var/www/html/yii/YiiBase.php:323
Stack trace:
#0 /var/www/html/yii/YiiBase.php(196): YiiBase::import('application.mod...', true)
#1 /var/www/html/yii/base/CModule.php(282): YiiBase::createComponent(Array, 'yscraper', NULL, Array)
#2 /var/www/html/yii/web/CWebApplication.php(337): CModule->getModule('yscraper')
#3 /var/www/html/yii/web/CWebApplication.php(276): CWebApplication->createController('default/install...')
#4 /var/www/html/yii/web/CWebApplication.php(141): CWebApplication->runController('yscraper/defaul...')
#5 /var/www/html/yii/base/CApplication.php(185): CWebApplication->processRequest()
#6 /var/www/html/mcscrap/index.php(13): CApplication->run()
#7 {main}
REQUEST_URI=/mcscrap/index.php/yscraper/default/install
---
2017/07/06 22:04:58 [error] [exception.CException] CException: Alias "application.modules.YiiScraper.YiiScraperModule" is invalid. Make sure it points to an existing PHP file and the file is readable. in /var/www/html/yii/YiiBase.php:323
Stack trace:
#0 /var/www/html/yii/YiiBase.php(196): YiiBase::import('application.mod...', true)
#1 /var/www/html/yii/base/CModule.php(282): YiiBase::createComponent(Array, 'yscraper', NULL, Array)
#2 /var/www/html/yii/web/CWebApplication.php(337): CModule->getModule('yscraper')
#3 /var/www/html/yii/web/CWebApplication.php(276): CWebApplication->createController('default/install...')
#4 /var/www/html/yii/web/CWebApplication.php(141): CWebApplication->runController('yscraper/defaul...')
#5 /var/www/html/yii/base/CApplication.php(185): CWebApplication->processRequest()
#6 /var/www/html/mcscrap/index.php(13): CApplication->run()
#7 {main}
REQUEST_URI=/mcscrap/index.php/yscraper/default/install
---
2017/07/06 22:04:59 [error] [exception.CException] CException: Alias "application.modules.YiiScraper.YiiScraperModule" is invalid. Make sure it points to an existing PHP file and the file is readable. in /var/www/html/yii/YiiBase.php:323
Stack trace:
#0 /var/www/html/yii/YiiBase.php(196): YiiBase::import('application.mod...', true)
#1 /var/www/html/yii/base/CModule.php(282): YiiBase::createComponent(Array, 'yscraper', NULL, Array)
#2 /var/www/html/yii/web/CWebApplication.php(337): CModule->getModule('yscraper')
#3 /var/www/html/yii/web/CWebApplication.php(276): CWebApplication->createController('default/install...')
#4 /var/www/html/yii/web/CWebApplication.php(141): CWebApplication->runController('yscraper/defaul...')
#5 /var/www/html/yii/base/CApplication.php(185): CWebApplication->processRequest()
#6 /var/www/html/mcscrap/index.php(13): CApplication->run()
#7 {main}
REQUEST_URI=/mcscrap/index.php/yscraper/default/install
---
2017/07/06 22:04:59 [error] [exception.CException] CException: Alias "application.modules.YiiScraper.YiiScraperModule" is invalid. Make sure it points to an existing PHP file and the file is readable. in /var/www/html/yii/YiiBase.php:323
Stack trace:
#0 /var/www/html/yii/YiiBase.php(196): YiiBase::import('application.mod...', true)
#1 /var/www/html/yii/base/CModule.php(282): YiiBase::createComponent(Array, 'yscraper', NULL, Array)
#2 /var/www/html/yii/web/CWebApplication.php(337): CModule->getModule('yscraper')
#3 /var/www/html/yii/web/CWebApplication.php(276): CWebApplication->createController('default/install...')
#4 /var/www/html/yii/web/CWebApplication.php(141): CWebApplication->runController('yscraper/defaul...')
#5 /var/www/html/yii/base/CApplication.php(185): CWebApplication->processRequest()
#6 /var/www/html/mcscrap/index.php(13): CApplication->run()
#7 {main}
REQUEST_URI=/mcscrap/index.php/yscraper/default/install
---
2017/07/06 22:04:59 [error] [exception.CException] CException: Alias "application.modules.YiiScraper.YiiScraperModule" is invalid. Make sure it points to an existing PHP file and the file is readable. in /var/www/html/yii/YiiBase.php:323
Stack trace:
#0 /var/www/html/yii/YiiBase.php(196): YiiBase::import('application.mod...', true)
#1 /var/www/html/yii/base/CModule.php(282): YiiBase::createComponent(Array, 'yscraper', NULL, Array)
#2 /var/www/html/yii/web/CWebApplication.php(337): CModule->getModule('yscraper')
#3 /var/www/html/yii/web/CWebApplication.php(276): CWebApplication->createController('default/install...')
#4 /var/www/html/yii/web/CWebApplication.php(141): CWebApplication->runController('yscraper/defaul...')
#5 /var/www/html/yii/base/CApplication.php(185): CWebApplication->processRequest()
#6 /var/www/html/mcscrap/index.php(13): CApplication->run()
#7 {main}
REQUEST_URI=/mcscrap/index.php/yscraper/default/install
---
2017/07/06 22:04:59 [error] [exception.CException] CException: Alias "application.modules.YiiScraper.YiiScraperModule" is invalid. Make sure it points to an existing PHP file and the file is readable. in /var/www/html/yii/YiiBase.php:323
Stack trace:
#0 /var/www/html/yii/YiiBase.php(196): YiiBase::import('application.mod...', true)
#1 /var/www/html/yii/base/CModule.php(282): YiiBase::createComponent(Array, 'yscraper', NULL, Array)
#2 /var/www/html/yii/web/CWebApplication.php(337): CModule->getModule('yscraper')
#3 /var/www/html/yii/web/CWebApplication.php(276): CWebApplication->createController('default/install...')
#4 /var/www/html/yii/web/CWebApplication.php(141): CWebApplication->runController('yscraper/defaul...')
#5 /var/www/html/yii/base/CApplication.php(185): CWebApplication->processRequest()
#6 /var/www/html/mcscrap/index.php(13): CApplication->run()
#7 {main}
REQUEST_URI=/mcscrap/index.php/yscraper/default/install
---
2017/07/06 22:05:00 [error] [exception.CException] CException: Alias "application.modules.YiiScraper.YiiScraperModule" is invalid. Make sure it points to an existing PHP file and the file is readable. in /var/www/html/yii/YiiBase.php:323
Stack trace:
#0 /var/www/html/yii/YiiBase.php(196): YiiBase::import('application.mod...', true)
#1 /var/www/html/yii/base/CModule.php(282): YiiBase::createComponent(Array, 'yscraper', NULL, Array)
#2 /var/www/html/yii/web/CWebApplication.php(337): CModule->getModule('yscraper')
#3 /var/www/html/yii/web/CWebApplication.php(276): CWebApplication->createController('default/install...')
#4 /var/www/html/yii/web/CWebApplication.php(141): CWebApplication->runController('yscraper/defaul...')
#5 /var/www/html/yii/base/CApplication.php(185): CWebApplication->processRequest()
#6 /var/www/html/mcscrap/index.php(13): CApplication->run()
#7 {main}
REQUEST_URI=/mcscrap/index.php/yscraper/default/install
---
2017/07/06 22:05:00 [error] [exception.CException] CException: Alias "application.modules.YiiScraper.YiiScraperModule" is invalid. Make sure it points to an existing PHP file and the file is readable. in /var/www/html/yii/YiiBase.php:323
Stack trace:
#0 /var/www/html/yii/YiiBase.php(196): YiiBase::import('application.mod...', true)
#1 /var/www/html/yii/base/CModule.php(282): YiiBase::createComponent(Array, 'yscraper', NULL, Array)
#2 /var/www/html/yii/web/CWebApplication.php(337): CModule->getModule('yscraper')
#3 /var/www/html/yii/web/CWebApplication.php(276): CWebApplication->createController('default/install...')
#4 /var/www/html/yii/web/CWebApplication.php(141): CWebApplication->runController('yscraper/defaul...')
#5 /var/www/html/yii/base/CApplication.php(185): CWebApplication->processRequest()
#6 /var/www/html/mcscrap/index.php(13): CApplication->run()
#7 {main}
REQUEST_URI=/mcscrap/index.php/yscraper/default/install
---
2017/07/06 22:07:12 [error] [exception.CException] CException: Alias "application.modules.YiiScraper.YiiScraperModule" is invalid. Make sure it points to an existing PHP file and the file is readable. in /var/www/html/yii/YiiBase.php:323
Stack trace:
#0 /var/www/html/yii/YiiBase.php(196): YiiBase::import('application.mod...', true)
#1 /var/www/html/yii/base/CModule.php(282): YiiBase::createComponent(Array, 'yscraper', NULL, Array)
#2 /var/www/html/yii/web/CWebApplication.php(337): CModule->getModule('yscraper')
#3 /var/www/html/yii/web/CWebApplication.php(276): CWebApplication->createController('default/install...')
#4 /var/www/html/yii/web/CWebApplication.php(141): CWebApplication->runController('yscraper/defaul...')
#5 /var/www/html/yii/base/CApplication.php(185): CWebApplication->processRequest()
#6 /var/www/html/mcscrap/index.php(13): CApplication->run()
#7 {main}
REQUEST_URI=/mcscrap/index.php/yscraper/default/install
---
2017/07/06 22:07:14 [error] [exception.CException] CException: Alias "application.modules.YiiScraper.YiiScraperModule" is invalid. Make sure it points to an existing PHP file and the file is readable. in /var/www/html/yii/YiiBase.php:323
Stack trace:
#0 /var/www/html/yii/YiiBase.php(196): YiiBase::import('application.mod...', true)
#1 /var/www/html/yii/base/CModule.php(282): YiiBase::createComponent(Array, 'yscraper', NULL, Array)
#2 /var/www/html/yii/web/CWebApplication.php(337): CModule->getModule('yscraper')
#3 /var/www/html/yii/web/CWebApplication.php(276): CWebApplication->createController('default/install...')
#4 /var/www/html/yii/web/CWebApplication.php(141): CWebApplication->runController('yscraper/defaul...')
#5 /var/www/html/yii/base/CApplication.php(185): CWebApplication->processRequest()
#6 /var/www/html/mcscrap/index.php(13): CApplication->run()
#7 {main}
REQUEST_URI=/mcscrap/index.php/yscraper/default/install
---
2017/07/06 22:07:14 [error] [exception.CException] CException: Alias "application.modules.YiiScraper.YiiScraperModule" is invalid. Make sure it points to an existing PHP file and the file is readable. in /var/www/html/yii/YiiBase.php:323
Stack trace:
#0 /var/www/html/yii/YiiBase.php(196): YiiBase::import('application.mod...', true)
#1 /var/www/html/yii/base/CModule.php(282): YiiBase::createComponent(Array, 'yscraper', NULL, Array)
#2 /var/www/html/yii/web/CWebApplication.php(337): CModule->getModule('yscraper')
#3 /var/www/html/yii/web/CWebApplication.php(276): CWebApplication->createController('default/install...')
#4 /var/www/html/yii/web/CWebApplication.php(141): CWebApplication->runController('yscraper/defaul...')
#5 /var/www/html/yii/base/CApplication.php(185): CWebApplication->processRequest()
#6 /var/www/html/mcscrap/index.php(13): CApplication->run()
#7 {main}
REQUEST_URI=/mcscrap/index.php/yscraper/default/install
---
2017/07/06 22:07:14 [error] [exception.CException] CException: Alias "application.modules.YiiScraper.YiiScraperModule" is invalid. Make sure it points to an existing PHP file and the file is readable. in /var/www/html/yii/YiiBase.php:323
Stack trace:
#0 /var/www/html/yii/YiiBase.php(196): YiiBase::import('application.mod...', true)
#1 /var/www/html/yii/base/CModule.php(282): YiiBase::createComponent(Array, 'yscraper', NULL, Array)
#2 /var/www/html/yii/web/CWebApplication.php(337): CModule->getModule('yscraper')
#3 /var/www/html/yii/web/CWebApplication.php(276): CWebApplication->createController('default/install...')
#4 /var/www/html/yii/web/CWebApplication.php(141): CWebApplication->runController('yscraper/defaul...')
#5 /var/www/html/yii/base/CApplication.php(185): CWebApplication->processRequest()
#6 /var/www/html/mcscrap/index.php(13): CApplication->run()
#7 {main}
REQUEST_URI=/mcscrap/index.php/yscraper/default/install
---
2017/07/06 22:28:18 [error] [exception.CHttpException.404] CHttpException: Unable to resolve the request "demo". in /var/www/html/yii/web/CWebApplication.php:286
Stack trace:
#0 /var/www/html/yii/web/CWebApplication.php(141): CWebApplication->runController('demo')
#1 /var/www/html/yii/base/CApplication.php(185): CWebApplication->processRequest()
#2 /var/www/html/mcscrap/index.php(13): CApplication->run()
#3 {main}
REQUEST_URI=/mcscrap/index.php/demo
---
2017/07/06 22:28:42 [error] [exception.CHttpException.404] CHttpException: Unable to resolve the request "demo/default/index". in /var/www/html/yii/web/CWebApplication.php:286
Stack trace:
#0 /var/www/html/yii/web/CWebApplication.php(141): CWebApplication->runController('demo/default/in...')
#1 /var/www/html/yii/base/CApplication.php(185): CWebApplication->processRequest()
#2 /var/www/html/mcscrap/index.php(13): CApplication->run()
#3 {main}
REQUEST_URI=/mcscrap/index.php/demo/default/index
---
2017/07/06 22:31:36 [error] [exception.CDbException] CDbException: CDbConnection failed to open the DB connection: could not find driver in /var/www/html/yii/db/CDbConnection.php:399
Stack trace:
#0 /var/www/html/yii/db/CDbConnection.php(347): CDbConnection->open()
#1 /var/www/html/yii/db/CDbConnection.php(325): CDbConnection->setActive(true)
#2 /var/www/html/yii/base/CModule.php(394): CDbConnection->init()
#3 /var/www/html/yii/base/CModule.php(103): CModule->getComponent('db')
#4 /var/www/html/mcscrap/protected/modules/YiiScraper/components/Installer.php(10): CModule->__get('db')
#5 /var/www/html/mcscrap/protected/modules/YiiScraper/YiiScraperModule.php(276): Installer::install(true)
#6 /var/www/html/mcscrap/protected/modules/YiiScraper/controllers/DefaultController.php(12): YiiScraperModule->install()
#7 /var/www/html/yii/web/actions/CInlineAction.php(49): DefaultController->actionInstall()
#8 /var/www/html/yii/web/CController.php(308): CInlineAction->runWithParams(Array)
#9 /var/www/html/yii/web/CController.php(286): CController->runAction(Object(CInlineAction))
#10 /var/www/html/yii/web/CController.php(265): CController->runActionWithFilters(Object(CInlineAction), Array)
#11 /var/www/html/yii/web/CWebApplication.php(282): CController->run('install')
#12 /var/www/html/yii/web/CWebApplication.php(141): CWebApplication->runController('YiiScraper/defa...')
#13 /var/www/html/yii/base/CApplication.php(185): CWebApplication->processRequest()
#14 /var/www/html/mcscrap/index.php(13): CApplication->run()
#15 {main}
REQUEST_URI=/mcscrap/index.php/YiiScraper/default/install
---
2017/07/06 22:46:42 [error] [system.db.CDbCommand] CDbCommand::execute() failed: SQLSTATE[HY000]: General error: 1215 Cannot add foreign key constraint. The SQL statement executed was: CREATE TABLE `yiiscraper_related_data` (
				`link_id_from` int(11) unsigned NOT NULL,
				`link_id_to` int(11) unsigned NOT NULL,
				PRIMARY KEY (`link_id_from`,`link_id_to`),
				UNIQUE KEY `link_id_to` (`link_id_to`,`link_id_from`),
				CONSTRAINT `tbl_yiiscraper_related_data_ibfk_1` FOREIGN KEY (`link_id_from`) REFERENCES `tbl_yiiscraper_link` (`id`) ON DELETE CASCADE,
				CONSTRAINT `tbl_yiiscraper_related_data_ibfk_2` FOREIGN KEY (`link_id_to`) REFERENCES `tbl_yiiscraper_link` (`id`) ON DELETE CASCADE
			) ENGINE=InnoDB DEFAULT CHARSET=utf8 COMMENT='Table to handle relations of links'.
in /var/www/html/mcscrap/protected/modules/YiiScraper/components/Installer.php (58)
in /var/www/html/mcscrap/protected/modules/YiiScraper/YiiScraperModule.php (276)
in /var/www/html/mcscrap/protected/modules/YiiScraper/controllers/DefaultController.php (12)
2017/07/06 22:46:42 [error] [exception.CDbException] CDbException: CDbCommand failed to execute the SQL statement: SQLSTATE[HY000]: General error: 1215 Cannot add foreign key constraint. The SQL statement executed was: CREATE TABLE `yiiscraper_related_data` (
				`link_id_from` int(11) unsigned NOT NULL,
				`link_id_to` int(11) unsigned NOT NULL,
				PRIMARY KEY (`link_id_from`,`link_id_to`),
				UNIQUE KEY `link_id_to` (`link_id_to`,`link_id_from`),
				CONSTRAINT `tbl_yiiscraper_related_data_ibfk_1` FOREIGN KEY (`link_id_from`) REFERENCES `tbl_yiiscraper_link` (`id`) ON DELETE CASCADE,
				CONSTRAINT `tbl_yiiscraper_related_data_ibfk_2` FOREIGN KEY (`link_id_to`) REFERENCES `tbl_yiiscraper_link` (`id`) ON DELETE CASCADE
			) ENGINE=InnoDB DEFAULT CHARSET=utf8 COMMENT='Table to handle relations of links' in /var/www/html/yii/db/CDbCommand.php:358
Stack trace:
#0 /var/www/html/mcscrap/protected/modules/YiiScraper/components/Installer.php(58): CDbCommand->execute()
#1 /var/www/html/mcscrap/protected/modules/YiiScraper/YiiScraperModule.php(276): Installer::install(true)
#2 /var/www/html/mcscrap/protected/modules/YiiScraper/controllers/DefaultController.php(12): YiiScraperModule->install()
#3 /var/www/html/yii/web/actions/CInlineAction.php(49): DefaultController->actionInstall()
#4 /var/www/html/yii/web/CController.php(308): CInlineAction->runWithParams(Array)
#5 /var/www/html/yii/web/CController.php(286): CController->runAction(Object(CInlineAction))
#6 /var/www/html/yii/web/CController.php(265): CController->runActionWithFilters(Object(CInlineAction), Array)
#7 /var/www/html/yii/web/CWebApplication.php(282): CController->run('install')
#8 /var/www/html/yii/web/CWebApplication.php(141): CWebApplication->runController('YiiScraper/defa...')
#9 /var/www/html/yii/base/CApplication.php(185): CWebApplication->processRequest()
#10 /var/www/html/mcscrap/index.php(13): CApplication->run()
#11 {main}
REQUEST_URI=/mcscrap/index.php/YiiScraper/default/install
---
2017/07/06 22:47:30 [error] [exception.CException] CException: Property "YiiScraperModule.tablePrefix" is not defined. in /var/www/html/yii/base/CComponent.php:173
Stack trace:
#0 /var/www/html/yii/base/CModule.php(520): CComponent->__set('tablePrefix', '')
#1 /var/www/html/yii/base/CModule.php(86): CModule->configure(Array)
#2 /var/www/html/yii/YiiBase.php(206): CModule->__construct('YiiScraper', NULL, Array)
#3 /var/www/html/yii/base/CModule.php(282): YiiBase::createComponent(Array, 'YiiScraper', NULL, Array)
#4 /var/www/html/yii/web/CWebApplication.php(337): CModule->getModule('YiiScraper')
#5 /var/www/html/yii/web/CWebApplication.php(276): CWebApplication->createController('default/install...')
#6 /var/www/html/yii/web/CWebApplication.php(141): CWebApplication->runController('YiiScraper/defa...')
#7 /var/www/html/yii/base/CApplication.php(185): CWebApplication->processRequest()
#8 /var/www/html/mcscrap/index.php(13): CApplication->run()
#9 {main}
REQUEST_URI=/mcscrap/index.php/YiiScraper/default/install
---
2017/07/06 22:47:42 [error] [exception.CException] CException: Property "YiiScraperModule.tablePrefix" is not defined. in /var/www/html/yii/base/CComponent.php:173
Stack trace:
#0 /var/www/html/yii/base/CModule.php(520): CComponent->__set('tablePrefix', '')
#1 /var/www/html/yii/base/CModule.php(86): CModule->configure(Array)
#2 /var/www/html/yii/YiiBase.php(206): CModule->__construct('YiiScraper', NULL, Array)
#3 /var/www/html/yii/base/CModule.php(282): YiiBase::createComponent(Array, 'YiiScraper', NULL, Array)
#4 /var/www/html/yii/web/CWebApplication.php(337): CModule->getModule('YiiScraper')
#5 /var/www/html/yii/web/CWebApplication.php(276): CWebApplication->createController('default/install...')
#6 /var/www/html/yii/web/CWebApplication.php(141): CWebApplication->runController('YiiScraper/defa...')
#7 /var/www/html/yii/base/CApplication.php(185): CWebApplication->processRequest()
#8 /var/www/html/mcscrap/index.php(13): CApplication->run()
#9 {main}
REQUEST_URI=/mcscrap/index.php/YiiScraper/default/install
---
2017/07/06 22:48:10 [error] [system.db.CDbCommand] CDbCommand::execute() failed: SQLSTATE[HY000]: General error: 1215 Cannot add foreign key constraint. The SQL statement executed was: CREATE TABLE `yiiscraper_related_data` (
				`link_id_from` int(11) unsigned NOT NULL,
				`link_id_to` int(11) unsigned NOT NULL,
				PRIMARY KEY (`link_id_from`,`link_id_to`),
				UNIQUE KEY `link_id_to` (`link_id_to`,`link_id_from`),
				CONSTRAINT `tbl_yiiscraper_related_data_ibfk_1` FOREIGN KEY (`link_id_from`) REFERENCES `tbl_yiiscraper_link` (`id`) ON DELETE CASCADE,
				CONSTRAINT `tbl_yiiscraper_related_data_ibfk_2` FOREIGN KEY (`link_id_to`) REFERENCES `tbl_yiiscraper_link` (`id`) ON DELETE CASCADE
			) ENGINE=InnoDB DEFAULT CHARSET=utf8 COMMENT='Table to handle relations of links'.
in /var/www/html/mcscrap/protected/modules/YiiScraper/components/Installer.php (58)
in /var/www/html/mcscrap/protected/modules/YiiScraper/YiiScraperModule.php (276)
in /var/www/html/mcscrap/protected/modules/YiiScraper/controllers/DefaultController.php (12)
2017/07/06 22:48:10 [error] [exception.CDbException] CDbException: CDbCommand failed to execute the SQL statement: SQLSTATE[HY000]: General error: 1215 Cannot add foreign key constraint. The SQL statement executed was: CREATE TABLE `yiiscraper_related_data` (
				`link_id_from` int(11) unsigned NOT NULL,
				`link_id_to` int(11) unsigned NOT NULL,
				PRIMARY KEY (`link_id_from`,`link_id_to`),
				UNIQUE KEY `link_id_to` (`link_id_to`,`link_id_from`),
				CONSTRAINT `tbl_yiiscraper_related_data_ibfk_1` FOREIGN KEY (`link_id_from`) REFERENCES `tbl_yiiscraper_link` (`id`) ON DELETE CASCADE,
				CONSTRAINT `tbl_yiiscraper_related_data_ibfk_2` FOREIGN KEY (`link_id_to`) REFERENCES `tbl_yiiscraper_link` (`id`) ON DELETE CASCADE
			) ENGINE=InnoDB DEFAULT CHARSET=utf8 COMMENT='Table to handle relations of links' in /var/www/html/yii/db/CDbCommand.php:358
Stack trace:
#0 /var/www/html/mcscrap/protected/modules/YiiScraper/components/Installer.php(58): CDbCommand->execute()
#1 /var/www/html/mcscrap/protected/modules/YiiScraper/YiiScraperModule.php(276): Installer::install(true)
#2 /var/www/html/mcscrap/protected/modules/YiiScraper/controllers/DefaultController.php(12): YiiScraperModule->install()
#3 /var/www/html/yii/web/actions/CInlineAction.php(49): DefaultController->actionInstall()
#4 /var/www/html/yii/web/CController.php(308): CInlineAction->runWithParams(Array)
#5 /var/www/html/yii/web/CController.php(286): CController->runAction(Object(CInlineAction))
#6 /var/www/html/yii/web/CController.php(265): CController->runActionWithFilters(Object(CInlineAction), Array)
#7 /var/www/html/yii/web/CWebApplication.php(282): CController->run('install')
#8 /var/www/html/yii/web/CWebApplication.php(141): CWebApplication->runController('YiiScraper/defa...')
#9 /var/www/html/yii/base/CApplication.php(185): CWebApplication->processRequest()
#10 /var/www/html/mcscrap/index.php(13): CApplication->run()
#11 {main}
REQUEST_URI=/mcscrap/index.php/YiiScraper/default/install
---
2017/07/06 22:48:33 [error] [system.db.CDbCommand] CDbCommand::execute() failed: SQLSTATE[HY000]: General error: 1215 Cannot add foreign key constraint. The SQL statement executed was: CREATE TABLE `yiiscraper_related_data` (
				`link_id_from` int(11) unsigned NOT NULL,
				`link_id_to` int(11) unsigned NOT NULL,
				PRIMARY KEY (`link_id_from`,`link_id_to`),
				UNIQUE KEY `link_id_to` (`link_id_to`,`link_id_from`),
				CONSTRAINT `tbl_yiiscraper_related_data_ibfk_1` FOREIGN KEY (`link_id_from`) REFERENCES `tbl_yiiscraper_link` (`id`) ON DELETE CASCADE,
				CONSTRAINT `tbl_yiiscraper_related_data_ibfk_2` FOREIGN KEY (`link_id_to`) REFERENCES `tbl_yiiscraper_link` (`id`) ON DELETE CASCADE
			) ENGINE=InnoDB DEFAULT CHARSET=utf8 COMMENT='Table to handle relations of links'.
in /var/www/html/mcscrap/protected/modules/YiiScraper/components/Installer.php (58)
in /var/www/html/mcscrap/protected/modules/YiiScraper/YiiScraperModule.php (276)
in /var/www/html/mcscrap/protected/modules/YiiScraper/controllers/DefaultController.php (12)
2017/07/06 22:48:33 [error] [exception.CDbException] CDbException: CDbCommand failed to execute the SQL statement: SQLSTATE[HY000]: General error: 1215 Cannot add foreign key constraint. The SQL statement executed was: CREATE TABLE `yiiscraper_related_data` (
				`link_id_from` int(11) unsigned NOT NULL,
				`link_id_to` int(11) unsigned NOT NULL,
				PRIMARY KEY (`link_id_from`,`link_id_to`),
				UNIQUE KEY `link_id_to` (`link_id_to`,`link_id_from`),
				CONSTRAINT `tbl_yiiscraper_related_data_ibfk_1` FOREIGN KEY (`link_id_from`) REFERENCES `tbl_yiiscraper_link` (`id`) ON DELETE CASCADE,
				CONSTRAINT `tbl_yiiscraper_related_data_ibfk_2` FOREIGN KEY (`link_id_to`) REFERENCES `tbl_yiiscraper_link` (`id`) ON DELETE CASCADE
			) ENGINE=InnoDB DEFAULT CHARSET=utf8 COMMENT='Table to handle relations of links' in /var/www/html/yii/db/CDbCommand.php:358
Stack trace:
#0 /var/www/html/mcscrap/protected/modules/YiiScraper/components/Installer.php(58): CDbCommand->execute()
#1 /var/www/html/mcscrap/protected/modules/YiiScraper/YiiScraperModule.php(276): Installer::install(true)
#2 /var/www/html/mcscrap/protected/modules/YiiScraper/controllers/DefaultController.php(12): YiiScraperModule->install()
#3 /var/www/html/yii/web/actions/CInlineAction.php(49): DefaultController->actionInstall()
#4 /var/www/html/yii/web/CController.php(308): CInlineAction->runWithParams(Array)
#5 /var/www/html/yii/web/CController.php(286): CController->runAction(Object(CInlineAction))
#6 /var/www/html/yii/web/CController.php(265): CController->runActionWithFilters(Object(CInlineAction), Array)
#7 /var/www/html/yii/web/CWebApplication.php(282): CController->run('install')
#8 /var/www/html/yii/web/CWebApplication.php(141): CWebApplication->runController('YiiScraper/defa...')
#9 /var/www/html/yii/base/CApplication.php(185): CWebApplication->processRequest()
#10 /var/www/html/mcscrap/index.php(13): CApplication->run()
#11 {main}
REQUEST_URI=/mcscrap/index.php/YiiScraper/default/install
---
2017/07/08 18:18:59 [error] [system.db.CDbCommand] CDbCommand::execute() failed: SQLSTATE[42S02]: Base table or view not found: 1146 Table 'mcscrap.yiiscraper_related_data' doesn't exist. The SQL statement executed was: truncate table yiiscraper_related_data.
in /var/www/html/mcscrap/protected/modules/YiiScraper/YiiScraperModule.php (335)
in /var/www/html/mcscrap/protected/modules/YiiScraper/YiiScraperModule.php (289)
in /var/www/html/mcscrap/protected/views/site/index.php (21)
2017/07/08 18:18:59 [error] [exception.CDbException] CDbException: CDbCommand failed to execute the SQL statement: SQLSTATE[42S02]: Base table or view not found: 1146 Table 'mcscrap.yiiscraper_related_data' doesn't exist. The SQL statement executed was: truncate table yiiscraper_related_data in /var/www/html/yii/db/CDbCommand.php:358
Stack trace:
#0 /var/www/html/mcscrap/protected/modules/YiiScraper/YiiScraperModule.php(335): CDbCommand->execute()
#1 /var/www/html/mcscrap/protected/modules/YiiScraper/YiiScraperModule.php(289): YiiScraperModule->saveSeeds()
#2 /var/www/html/mcscrap/protected/views/site/index.php(21): YiiScraperModule->run()
#3 /var/www/html/yii/web/CBaseController.php(126): require('/var/www/html/m...')
#4 /var/www/html/yii/web/CBaseController.php(95): CBaseController->renderInternal('/var/www/html/m...', NULL, true)
#5 /var/www/html/yii/web/CController.php(869): CBaseController->renderFile('/var/www/html/m...', NULL, true)
#6 /var/www/html/yii/web/CController.php(782): CController->renderPartial('index', NULL, true)
#7 /var/www/html/mcscrap/protected/controllers/SiteController.php(32): CController->render('index')
#8 /var/www/html/yii/web/actions/CInlineAction.php(49): SiteController->actionIndex()
#9 /var/www/html/yii/web/CController.php(308): CInlineAction->runWithParams(Array)
#10 /var/www/html/yii/web/CController.php(286): CController->runAction(Object(CInlineAction))
#11 /var/www/html/yii/web/CController.php(265): CController->runActionWithFilters(Object(CInlineAction), Array)
#12 /var/www/html/yii/web/CWebApplication.php(282): CController->run('')
#13 /var/www/html/yii/web/CWebApplication.php(141): CWebApplication->runController('')
#14 /var/www/html/yii/base/CApplication.php(185): CWebApplication->processRequest()
#15 /var/www/html/mcscrap/index.php(13): CApplication->run()
#16 {main}
REQUEST_URI=/mcscrap/
---
2017/07/08 18:21:39 [error] [exception.CHttpException.404] CHttpException: Unable to resolve the request "Yiiscraper/default/install". in /var/www/html/yii/web/CWebApplication.php:286
Stack trace:
#0 /var/www/html/yii/web/CWebApplication.php(141): CWebApplication->runController('Yiiscraper/defa...')
#1 /var/www/html/yii/base/CApplication.php(185): CWebApplication->processRequest()
#2 /var/www/html/mcscrap/index.php(13): CApplication->run()
#3 {main}
REQUEST_URI=/mcscrap/index.php/Yiiscraper/default/install
---
2017/07/08 18:21:51 [error] [system.db.CDbCommand] CDbCommand::fetchAll() failed: SQLSTATE[42S02]: Base table or view not found: 1146 Table 'mcscrap.yiiscraper_log' doesn't exist. The SQL statement executed was: SHOW FULL COLUMNS FROM `yiiscraper_log`.
in /var/www/html/mcscrap/protected/modules/YiiScraper/YiiScraperModule.php (246)
in /var/www/html/mcscrap/index.php (13)
2017/07/08 18:21:51 [error] [exception.CDbException] CDbException: The table "{{yiiscraper_log}}" for active record class "YiiScraperLog" cannot be found in the database. in /var/www/html/yii/db/ar/CActiveRecord.php:2387
Stack trace:
#0 /var/www/html/yii/db/ar/CActiveRecord.php(411): CActiveRecordMetaData->__construct(Object(YiiScraperLog))
#1 /var/www/html/yii/db/ar/CActiveRecord.php(79): CActiveRecord->getMetaData()
#2 /var/www/html/mcscrap/protected/modules/YiiScraper/YiiScraperModule.php(246): CActiveRecord->__construct()
#3 /var/www/html/yii/base/CModule.php(90): YiiScraperModule->init()
#4 /var/www/html/yii/YiiBase.php(206): CModule->__construct('YiiScraper', NULL, Array)
#5 /var/www/html/yii/base/CModule.php(282): YiiBase::createComponent(Array, 'YiiScraper', NULL, Array)
#6 /var/www/html/yii/web/CWebApplication.php(337): CModule->getModule('YiiScraper')
#7 /var/www/html/yii/web/CWebApplication.php(276): CWebApplication->createController('default/install...')
#8 /var/www/html/yii/web/CWebApplication.php(141): CWebApplication->runController('YiiScraper/defa...')
#9 /var/www/html/yii/base/CApplication.php(185): CWebApplication->processRequest()
#10 /var/www/html/mcscrap/index.php(13): CApplication->run()
#11 {main}
REQUEST_URI=/mcscrap/index.php/YiiScraper/default/install
---
2017/07/08 18:22:16 [error] [system.db.CDbCommand] CDbCommand::execute() failed: SQLSTATE[HY000]: General error: 1215 Cannot add foreign key constraint. The SQL statement executed was: CREATE TABLE `yiiscraper_related_data` (
				`link_id_from` int(11) unsigned NOT NULL,
				`link_id_to` int(11) unsigned NOT NULL,
				PRIMARY KEY (`link_id_from`,`link_id_to`),
				UNIQUE KEY `link_id_to` (`link_id_to`,`link_id_from`),
				CONSTRAINT `tbl_yiiscraper_related_data_ibfk_1` FOREIGN KEY (`link_id_from`) REFERENCES `tbl_yiiscraper_link` (`id`) ON DELETE CASCADE,
				CONSTRAINT `tbl_yiiscraper_related_data_ibfk_2` FOREIGN KEY (`link_id_to`) REFERENCES `tbl_yiiscraper_link` (`id`) ON DELETE CASCADE
			) ENGINE=InnoDB DEFAULT CHARSET=utf8 COMMENT='Table to handle relations of links'.
in /var/www/html/mcscrap/protected/modules/YiiScraper/components/Installer.php (58)
in /var/www/html/mcscrap/protected/modules/YiiScraper/YiiScraperModule.php (276)
in /var/www/html/mcscrap/protected/modules/YiiScraper/controllers/DefaultController.php (12)
2017/07/08 18:22:16 [error] [exception.CDbException] CDbException: CDbCommand failed to execute the SQL statement: SQLSTATE[HY000]: General error: 1215 Cannot add foreign key constraint. The SQL statement executed was: CREATE TABLE `yiiscraper_related_data` (
				`link_id_from` int(11) unsigned NOT NULL,
				`link_id_to` int(11) unsigned NOT NULL,
				PRIMARY KEY (`link_id_from`,`link_id_to`),
				UNIQUE KEY `link_id_to` (`link_id_to`,`link_id_from`),
				CONSTRAINT `tbl_yiiscraper_related_data_ibfk_1` FOREIGN KEY (`link_id_from`) REFERENCES `tbl_yiiscraper_link` (`id`) ON DELETE CASCADE,
				CONSTRAINT `tbl_yiiscraper_related_data_ibfk_2` FOREIGN KEY (`link_id_to`) REFERENCES `tbl_yiiscraper_link` (`id`) ON DELETE CASCADE
			) ENGINE=InnoDB DEFAULT CHARSET=utf8 COMMENT='Table to handle relations of links' in /var/www/html/yii/db/CDbCommand.php:358
Stack trace:
#0 /var/www/html/mcscrap/protected/modules/YiiScraper/components/Installer.php(58): CDbCommand->execute()
#1 /var/www/html/mcscrap/protected/modules/YiiScraper/YiiScraperModule.php(276): Installer::install(true)
#2 /var/www/html/mcscrap/protected/modules/YiiScraper/controllers/DefaultController.php(12): YiiScraperModule->install()
#3 /var/www/html/yii/web/actions/CInlineAction.php(49): DefaultController->actionInstall()
#4 /var/www/html/yii/web/CController.php(308): CInlineAction->runWithParams(Array)
#5 /var/www/html/yii/web/CController.php(286): CController->runAction(Object(CInlineAction))
#6 /var/www/html/yii/web/CController.php(265): CController->runActionWithFilters(Object(CInlineAction), Array)
#7 /var/www/html/yii/web/CWebApplication.php(282): CController->run('install')
#8 /var/www/html/yii/web/CWebApplication.php(141): CWebApplication->runController('YiiScraper/defa...')
#9 /var/www/html/yii/base/CApplication.php(185): CWebApplication->processRequest()
#10 /var/www/html/mcscrap/index.php(13): CApplication->run()
#11 {main}
REQUEST_URI=/mcscrap/index.php/YiiScraper/default/install
---
2017/07/08 18:23:38 [error] [system.db.CDbCommand] CDbCommand::execute() failed: SQLSTATE[HY000]: General error: 1215 Cannot add foreign key constraint. The SQL statement executed was: CREATE TABLE `tblyiiscraper_related_data` (
				`link_id_from` int(11) unsigned NOT NULL,
				`link_id_to` int(11) unsigned NOT NULL,
				PRIMARY KEY (`link_id_from`,`link_id_to`),
				UNIQUE KEY `link_id_to` (`link_id_to`,`link_id_from`),
				CONSTRAINT `tbl_yiiscraper_related_data_ibfk_1` FOREIGN KEY (`link_id_from`) REFERENCES `tbl_yiiscraper_link` (`id`) ON DELETE CASCADE,
				CONSTRAINT `tbl_yiiscraper_related_data_ibfk_2` FOREIGN KEY (`link_id_to`) REFERENCES `tbl_yiiscraper_link` (`id`) ON DELETE CASCADE
			) ENGINE=InnoDB DEFAULT CHARSET=utf8 COMMENT='Table to handle relations of links'.
in /var/www/html/mcscrap/protected/modules/YiiScraper/components/Installer.php (58)
in /var/www/html/mcscrap/protected/modules/YiiScraper/YiiScraperModule.php (276)
in /var/www/html/mcscrap/protected/modules/YiiScraper/controllers/DefaultController.php (12)
2017/07/08 18:23:38 [error] [exception.CDbException] CDbException: CDbCommand failed to execute the SQL statement: SQLSTATE[HY000]: General error: 1215 Cannot add foreign key constraint. The SQL statement executed was: CREATE TABLE `tblyiiscraper_related_data` (
				`link_id_from` int(11) unsigned NOT NULL,
				`link_id_to` int(11) unsigned NOT NULL,
				PRIMARY KEY (`link_id_from`,`link_id_to`),
				UNIQUE KEY `link_id_to` (`link_id_to`,`link_id_from`),
				CONSTRAINT `tbl_yiiscraper_related_data_ibfk_1` FOREIGN KEY (`link_id_from`) REFERENCES `tbl_yiiscraper_link` (`id`) ON DELETE CASCADE,
				CONSTRAINT `tbl_yiiscraper_related_data_ibfk_2` FOREIGN KEY (`link_id_to`) REFERENCES `tbl_yiiscraper_link` (`id`) ON DELETE CASCADE
			) ENGINE=InnoDB DEFAULT CHARSET=utf8 COMMENT='Table to handle relations of links' in /var/www/html/yii/db/CDbCommand.php:358
Stack trace:
#0 /var/www/html/mcscrap/protected/modules/YiiScraper/components/Installer.php(58): CDbCommand->execute()
#1 /var/www/html/mcscrap/protected/modules/YiiScraper/YiiScraperModule.php(276): Installer::install(true)
#2 /var/www/html/mcscrap/protected/modules/YiiScraper/controllers/DefaultController.php(12): YiiScraperModule->install()
#3 /var/www/html/yii/web/actions/CInlineAction.php(49): DefaultController->actionInstall()
#4 /var/www/html/yii/web/CController.php(308): CInlineAction->runWithParams(Array)
#5 /var/www/html/yii/web/CController.php(286): CController->runAction(Object(CInlineAction))
#6 /var/www/html/yii/web/CController.php(265): CController->runActionWithFilters(Object(CInlineAction), Array)
#7 /var/www/html/yii/web/CWebApplication.php(282): CController->run('install')
#8 /var/www/html/yii/web/CWebApplication.php(141): CWebApplication->runController('YiiScraper/defa...')
#9 /var/www/html/yii/base/CApplication.php(185): CWebApplication->processRequest()
#10 /var/www/html/mcscrap/index.php(13): CApplication->run()
#11 {main}
REQUEST_URI=/mcscrap/index.php/YiiScraper/default/install
---
2017/07/08 18:28:05 [error] [system.db.CDbCommand] CDbCommand::execute() failed: SQLSTATE[42S02]: Base table or view not found: 1146 Table 'mcscrap.tbl_yiiscraper_link' doesn't exist. The SQL statement executed was: INSERT INTO `tbl_yiiscraper_link` (`depth`, `active`, `url`, `content`) VALUES (:yp0, :yp1, :yp2, :yp3).
in /var/www/html/mcscrap/protected/modules/YiiScraper/YiiScraperModule.php (383)
in /var/www/html/mcscrap/protected/modules/YiiScraper/YiiScraperModule.php (565)
in /var/www/html/mcscrap/protected/modules/YiiScraper/YiiScraperModule.php (500)
2017/07/08 18:28:05 [error] [exception.CDbException] CDbException: CDbCommand failed to execute the SQL statement: SQLSTATE[42S02]: Base table or view not found: 1146 Table 'mcscrap.tbl_yiiscraper_link' doesn't exist. The SQL statement executed was: INSERT INTO `tbl_yiiscraper_link` (`depth`, `active`, `url`, `content`) VALUES (:yp0, :yp1, :yp2, :yp3) in /var/www/html/yii/db/CDbCommand.php:358
Stack trace:
#0 /var/www/html/yii/db/ar/CActiveRecord.php(1080): CDbCommand->execute()
#1 /var/www/html/yii/db/ar/CActiveRecord.php(809): CActiveRecord->insert(NULL)
#2 /var/www/html/mcscrap/protected/modules/YiiScraper/YiiScraperModule.php(383): CActiveRecord->save()
#3 /var/www/html/mcscrap/protected/modules/YiiScraper/YiiScraperModule.php(565): YiiScraperModule->saveRows(Array)
#4 /var/www/html/mcscrap/protected/modules/YiiScraper/YiiScraperModule.php(500): YiiScraperModule->extractLinks('HTTP/1.1 200 OK...')
#5 /var/www/html/mcscrap/protected/modules/YiiScraper/YiiScraperModule.php(292): YiiScraperModule->processLink()
#6 /var/www/html/mcscrap/protected/views/site/index.php(21): YiiScraperModule->run()
#7 /var/www/html/yii/web/CBaseController.php(126): require('/var/www/html/m...')
#8 /var/www/html/yii/web/CBaseController.php(95): CBaseController->renderInternal('/var/www/html/m...', NULL, true)
#9 /var/www/html/yii/web/CController.php(869): CBaseController->renderFile('/var/www/html/m...', NULL, true)
#10 /var/www/html/yii/web/CController.php(782): CController->renderPartial('index', NULL, true)
#11 /var/www/html/mcscrap/protected/controllers/SiteController.php(32): CController->render('index')
#12 /var/www/html/yii/web/actions/CInlineAction.php(49): SiteController->actionIndex()
#13 /var/www/html/yii/web/CController.php(308): CInlineAction->runWithParams(Array)
#14 /var/www/html/yii/web/CController.php(286): CController->runAction(Object(CInlineAction))
#15 /var/www/html/yii/web/CController.php(265): CController->runActionWithFilters(Object(CInlineAction), Array)
#16 /var/www/html/yii/web/CWebApplication.php(282): CController->run('')
#17 /var/www/html/yii/web/CWebApplication.php(141): CWebApplication->runController('')
#18 /var/www/html/yii/base/CApplication.php(185): CWebApplication->processRequest()
#19 /var/www/html/mcscrap/index.php(13): CApplication->run()
#20 {main}
REQUEST_URI=/mcscrap/
---
2017/07/08 18:28:32 [error] [exception.CException] CException: Please, remove or comment module option "'installMode' => true" from your config file in /var/www/html/mcscrap/protected/modules/YiiScraper/YiiScraperModule.php:286
Stack trace:
#0 /var/www/html/mcscrap/protected/views/site/index.php(21): YiiScraperModule->run()
#1 /var/www/html/yii/web/CBaseController.php(126): require('/var/www/html/m...')
#2 /var/www/html/yii/web/CBaseController.php(95): CBaseController->renderInternal('/var/www/html/m...', NULL, true)
#3 /var/www/html/yii/web/CController.php(869): CBaseController->renderFile('/var/www/html/m...', NULL, true)
#4 /var/www/html/yii/web/CController.php(782): CController->renderPartial('index', NULL, true)
#5 /var/www/html/mcscrap/protected/controllers/SiteController.php(32): CController->render('index')
#6 /var/www/html/yii/web/actions/CInlineAction.php(49): SiteController->actionIndex()
#7 /var/www/html/yii/web/CController.php(308): CInlineAction->runWithParams(Array)
#8 /var/www/html/yii/web/CController.php(286): CController->runAction(Object(CInlineAction))
#9 /var/www/html/yii/web/CController.php(265): CController->runActionWithFilters(Object(CInlineAction), Array)
#10 /var/www/html/yii/web/CWebApplication.php(282): CController->run('')
#11 /var/www/html/yii/web/CWebApplication.php(141): CWebApplication->runController('')
#12 /var/www/html/yii/base/CApplication.php(185): CWebApplication->processRequest()
#13 /var/www/html/mcscrap/index.php(13): CApplication->run()
#14 {main}
REQUEST_URI=/mcscrap/index.php/
---
2017/07/08 18:41:42 [error] [php] include(Client.php): failed to open stream: No such file or directory (/var/www/html/yii/YiiBase.php:432)
Stack trace:
#0 /var/www/html/mcscrap/protected/controllers/SiteController.php(30): spl_autoload_call()
#1 /var/www/html/yii/web/actions/CInlineAction.php(49): SiteController->actionIndex()
#2 /var/www/html/yii/web/CController.php(308): CInlineAction->runWithParams()
#3 /var/www/html/yii/web/CController.php(286): SiteController->runAction()
#4 /var/www/html/yii/web/CController.php(265): SiteController->runActionWithFilters()
#5 /var/www/html/yii/web/CWebApplication.php(282): SiteController->run()
#6 /var/www/html/yii/web/CWebApplication.php(141): CWebApplication->runController()
#7 /var/www/html/yii/base/CApplication.php(185): CWebApplication->processRequest()
#8 /var/www/html/mcscrap/index.php(13): CWebApplication->run()
REQUEST_URI=/mcscrap/index.php/
in /var/www/html/mcscrap/protected/controllers/SiteController.php (30)
in /var/www/html/mcscrap/index.php (13)
2017/07/08 18:42:06 [error] [exception.Error] Error: Class 'Goutte\Client' not found in /var/www/html/mcscrap/protected/controllers/SiteController.php:30
Stack trace:
#0 /var/www/html/yii/web/actions/CInlineAction.php(49): SiteController->actionIndex()
#1 /var/www/html/yii/web/CController.php(308): CInlineAction->runWithParams(Array)
#2 /var/www/html/yii/web/CController.php(286): CController->runAction(Object(CInlineAction))
#3 /var/www/html/yii/web/CController.php(265): CController->runActionWithFilters(Object(CInlineAction), Array)
#4 /var/www/html/yii/web/CWebApplication.php(282): CController->run('')
#5 /var/www/html/yii/web/CWebApplication.php(141): CWebApplication->runController('')
#6 /var/www/html/yii/base/CApplication.php(185): CWebApplication->processRequest()
#7 /var/www/html/mcscrap/index.php(13): CApplication->run()
#8 {main}
REQUEST_URI=/mcscrap/index.php/
---
2017/07/08 18:48:22 [error] [php] include(/var/www/html/mcscrap/protected/vendor/fabpot/goutte/Goutte/Client.php): failed to open stream: No such file or directory (/var/www/html/yii/YiiBase.php:404)
Stack trace:
#0 /var/www/html/mcscrap/protected/controllers/SiteController.php(30): spl_autoload_call()
#1 /var/www/html/yii/web/actions/CInlineAction.php(49): SiteController->actionIndex()
#2 /var/www/html/yii/web/CController.php(308): CInlineAction->runWithParams()
#3 /var/www/html/yii/web/CController.php(286): SiteController->runAction()
#4 /var/www/html/yii/web/CController.php(265): SiteController->runActionWithFilters()
#5 /var/www/html/yii/web/CWebApplication.php(282): SiteController->run()
#6 /var/www/html/yii/web/CWebApplication.php(141): CWebApplication->runController()
#7 /var/www/html/yii/base/CApplication.php(185): CWebApplication->processRequest()
#8 /var/www/html/mcscrap/index.php(13): CWebApplication->run()
REQUEST_URI=/mcscrap/index.php/
in /var/www/html/mcscrap/protected/controllers/SiteController.php (30)
in /var/www/html/mcscrap/index.php (13)
2017/07/08 18:55:27 [error] [php] include(/var/www/html/mcscrap/protected/vendor/fabpot/goutte/Goutte/Client.php): failed to open stream: No such file or directory (/var/www/html/yii/YiiBase.php:404)
Stack trace:
#0 /var/www/html/mcscrap/protected/controllers/SiteController.php(30): spl_autoload_call()
#1 /var/www/html/yii/web/actions/CInlineAction.php(49): SiteController->actionIndex()
#2 /var/www/html/yii/web/CController.php(308): CInlineAction->runWithParams()
#3 /var/www/html/yii/web/CController.php(286): SiteController->runAction()
#4 /var/www/html/yii/web/CController.php(265): SiteController->runActionWithFilters()
#5 /var/www/html/yii/web/CWebApplication.php(282): SiteController->run()
#6 /var/www/html/yii/web/CWebApplication.php(141): CWebApplication->runController()
#7 /var/www/html/yii/base/CApplication.php(185): CWebApplication->processRequest()
#8 /var/www/html/mcscrap/index.php(14): CWebApplication->run()
REQUEST_URI=/mcscrap/index.php/
in /var/www/html/mcscrap/protected/controllers/SiteController.php (30)
in /var/www/html/mcscrap/index.php (14)
2017/07/08 19:04:13 [error] [exception.CHttpException.404] CHttpException: Unable to resolve the request "'   tmb_url   '". in /var/www/html/yii/web/CWebApplication.php:286
Stack trace:
#0 /var/www/html/yii/web/CWebApplication.php(141): CWebApplication->runController(''   tmb_url   '')
#1 /var/www/html/yii/base/CApplication.php(185): CWebApplication->processRequest()
#2 /var/www/html/mcscrap/index.php(14): CApplication->run()
#3 {main}
REQUEST_URI=/mcscrap/index.php/'%20+%20tmb_url%20+%20'
HTTP_REFERER=http://localhost/mcscrap/index.php/
---
2017/07/08 19:04:13 [error] [exception.CHttpException.404] CHttpException: Unable to resolve the request "'   main_image.thumb_url   '". in /var/www/html/yii/web/CWebApplication.php:286
Stack trace:
#0 /var/www/html/yii/web/CWebApplication.php(141): CWebApplication->runController(''   main_image....')
#1 /var/www/html/yii/base/CApplication.php(185): CWebApplication->processRequest()
#2 /var/www/html/mcscrap/index.php(14): CApplication->run()
#3 {main}
REQUEST_URI=/mcscrap/index.php/'%20+%20main_image.thumb_url%20+%20'
HTTP_REFERER=http://localhost/mcscrap/index.php/
---
2017/07/08 19:04:46 [error] [exception.CHttpException.404] CHttpException: Unable to resolve the request "'   tmb_url   '". in /var/www/html/yii/web/CWebApplication.php:286
Stack trace:
#0 /var/www/html/yii/web/CWebApplication.php(141): CWebApplication->runController(''   tmb_url   '')
#1 /var/www/html/yii/base/CApplication.php(185): CWebApplication->processRequest()
#2 /var/www/html/mcscrap/index.php(14): CApplication->run()
#3 {main}
REQUEST_URI=/mcscrap/index.php/'%20+%20tmb_url%20+%20'
HTTP_REFERER=http://localhost/mcscrap/index.php/
---
2017/07/08 19:04:46 [error] [exception.CHttpException.404] CHttpException: Unable to resolve the request "'   main_image.thumb_url   '". in /var/www/html/yii/web/CWebApplication.php:286
Stack trace:
#0 /var/www/html/yii/web/CWebApplication.php(141): CWebApplication->runController(''   main_image....')
#1 /var/www/html/yii/base/CApplication.php(185): CWebApplication->processRequest()
#2 /var/www/html/mcscrap/index.php(14): CApplication->run()
#3 {main}
REQUEST_URI=/mcscrap/index.php/'%20+%20main_image.thumb_url%20+%20'
HTTP_REFERER=http://localhost/mcscrap/index.php/
---
2017/07/08 19:05:26 [error] [exception.CHttpException.404] CHttpException: Unable to resolve the request "'   main_image.thumb_url   '". in /var/www/html/yii/web/CWebApplication.php:286
Stack trace:
#0 /var/www/html/yii/web/CWebApplication.php(141): CWebApplication->runController(''   main_image....')
#1 /var/www/html/yii/base/CApplication.php(185): CWebApplication->processRequest()
#2 /var/www/html/mcscrap/index.php(14): CApplication->run()
#3 {main}
REQUEST_URI=/mcscrap/index.php/'%20+%20main_image.thumb_url%20+%20'
HTTP_REFERER=http://localhost/mcscrap/index.php/
---
2017/07/08 19:05:26 [error] [exception.CHttpException.404] CHttpException: Unable to resolve the request "'   tmb_url   '". in /var/www/html/yii/web/CWebApplication.php:286
Stack trace:
#0 /var/www/html/yii/web/CWebApplication.php(141): CWebApplication->runController(''   tmb_url   '')
#1 /var/www/html/yii/base/CApplication.php(185): CWebApplication->processRequest()
#2 /var/www/html/mcscrap/index.php(14): CApplication->run()
#3 {main}
REQUEST_URI=/mcscrap/index.php/'%20+%20tmb_url%20+%20'
HTTP_REFERER=http://localhost/mcscrap/index.php/
---
2017/07/08 19:06:01 [error] [exception.CHttpException.404] CHttpException: Unable to resolve the request "'   main_image.thumb_url   '". in /var/www/html/yii/web/CWebApplication.php:286
Stack trace:
#0 /var/www/html/yii/web/CWebApplication.php(141): CWebApplication->runController(''   main_image....')
#1 /var/www/html/yii/base/CApplication.php(185): CWebApplication->processRequest()
#2 /var/www/html/mcscrap/index.php(14): CApplication->run()
#3 {main}
REQUEST_URI=/mcscrap/index.php/'%20+%20main_image.thumb_url%20+%20'
HTTP_REFERER=http://localhost/mcscrap/index.php/
---
2017/07/08 19:06:01 [error] [exception.CHttpException.404] CHttpException: Unable to resolve the request "'   tmb_url   '". in /var/www/html/yii/web/CWebApplication.php:286
Stack trace:
#0 /var/www/html/yii/web/CWebApplication.php(141): CWebApplication->runController(''   tmb_url   '')
#1 /var/www/html/yii/base/CApplication.php(185): CWebApplication->processRequest()
#2 /var/www/html/mcscrap/index.php(14): CApplication->run()
#3 {main}
REQUEST_URI=/mcscrap/index.php/'%20+%20tmb_url%20+%20'
HTTP_REFERER=http://localhost/mcscrap/index.php/
---
2017/07/16 04:12:50 [error] [exception.Error] Error: Call to undefined method Goutte\Client::post() in /var/www/html/mcscrap/protected/controllers/SiteController.php:34
Stack trace:
#0 /var/www/html/yii/web/actions/CInlineAction.php(49): SiteController->actionIndex()
#1 /var/www/html/yii/web/CController.php(308): CInlineAction->runWithParams(Array)
#2 /var/www/html/yii/web/CController.php(286): CController->runAction(Object(CInlineAction))
#3 /var/www/html/yii/web/CController.php(265): CController->runActionWithFilters(Object(CInlineAction), Array)
#4 /var/www/html/yii/web/CWebApplication.php(282): CController->run('')
#5 /var/www/html/yii/web/CWebApplication.php(141): CWebApplication->runController('')
#6 /var/www/html/yii/base/CApplication.php(185): CWebApplication->processRequest()
#7 /var/www/html/mcscrap/index.php(14): CApplication->run()
#8 {main}
REQUEST_URI=/mcscrap/
---
2017/07/16 04:15:00 [error] [php] Undefined variable: res (/var/www/html/mcscrap/protected/controllers/SiteController.php:41)
Stack trace:
#0 /var/www/html/yii/web/CController.php(286): SiteController->runAction()
#1 /var/www/html/yii/web/CController.php(265): SiteController->runActionWithFilters()
#2 /var/www/html/yii/web/CWebApplication.php(282): SiteController->run()
#3 /var/www/html/yii/web/CWebApplication.php(141): CWebApplication->runController()
#4 /var/www/html/yii/base/CApplication.php(185): CWebApplication->processRequest()
#5 /var/www/html/mcscrap/index.php(14): CWebApplication->run()
REQUEST_URI=/mcscrap/
in /var/www/html/mcscrap/protected/controllers/SiteController.php (41)
in /var/www/html/mcscrap/index.php (14)
2017/07/16 04:16:33 [error] [exception.ParseError] ParseError: syntax error, unexpected 'echo' (T_ECHO) in /var/www/html/mcscrap/protected/controllers/SiteController.php:38
Stack trace:
#0 /var/www/html/yii/web/CWebApplication.php(276): CWebApplication->createController('')
#1 /var/www/html/yii/web/CWebApplication.php(141): CWebApplication->runController('')
#2 /var/www/html/yii/base/CApplication.php(185): CWebApplication->processRequest()
#3 /var/www/html/mcscrap/index.php(14): CApplication->run()
#4 {main}
REQUEST_URI=/mcscrap/
---
2017/07/16 04:17:01 [error] [php] include(Crawler.php): failed to open stream: No such file or directory (/var/www/html/yii/YiiBase.php:432)
Stack trace:
#0 /var/www/html/mcscrap/protected/controllers/SiteController.php(37): spl_autoload_call()
#1 /var/www/html/yii/web/actions/CInlineAction.php(49): SiteController->actionIndex()
#2 /var/www/html/yii/web/CController.php(308): CInlineAction->runWithParams()
#3 /var/www/html/yii/web/CController.php(286): SiteController->runAction()
#4 /var/www/html/yii/web/CController.php(265): SiteController->runActionWithFilters()
#5 /var/www/html/yii/web/CWebApplication.php(282): SiteController->run()
#6 /var/www/html/yii/web/CWebApplication.php(141): CWebApplication->runController()
#7 /var/www/html/yii/base/CApplication.php(185): CWebApplication->processRequest()
#8 /var/www/html/mcscrap/index.php(14): CWebApplication->run()
REQUEST_URI=/mcscrap/
in /var/www/html/mcscrap/protected/controllers/SiteController.php (37)
in /var/www/html/mcscrap/index.php (14)
2017/07/16 04:18:32 [error] [exception.GuzzleHttp\Exception\ConnectException] GuzzleHttp\Exception\ConnectException: cURL error 6: Could not resolve host: www.arihantbooks.com (see http://curl.haxx.se/libcurl/c/libcurl-errors.html) in /var/www/html/mcscrap/vendor/guzzlehttp/guzzle/src/Handler/CurlFactory.php:186
Stack trace:
#0 /var/www/html/mcscrap/vendor/guzzlehttp/guzzle/src/Handler/CurlFactory.php(150): GuzzleHttp\Handler\CurlFactory::createRejection(Object(GuzzleHttp\Handler\EasyHandle), Array)
#1 /var/www/html/mcscrap/vendor/guzzlehttp/guzzle/src/Handler/CurlFactory.php(103): GuzzleHttp\Handler\CurlFactory::finishError(Object(GuzzleHttp\Handler\CurlHandler), Object(GuzzleHttp\Handler\EasyHandle), Object(GuzzleHttp\Handler\CurlFactory))
#2 /var/www/html/mcscrap/vendor/guzzlehttp/guzzle/src/Handler/CurlHandler.php(43): GuzzleHttp\Handler\CurlFactory::finish(Object(GuzzleHttp\Handler\CurlHandler), Object(GuzzleHttp\Handler\EasyHandle), Object(GuzzleHttp\Handler\CurlFactory))
#3 /var/www/html/mcscrap/vendor/guzzlehttp/guzzle/src/Handler/Proxy.php(28): GuzzleHttp\Handler\CurlHandler->__invoke(Object(GuzzleHttp\Psr7\Request), Array)
#4 /var/www/html/mcscrap/vendor/guzzlehttp/guzzle/src/Handler/Proxy.php(51): GuzzleHttp\Handler\Proxy::GuzzleHttp\Handler\{closure}(Object(GuzzleHttp\Psr7\Request), Array)
#5 /var/www/html/mcscrap/vendor/guzzlehttp/guzzle/src/PrepareBodyMiddleware.php(37): GuzzleHttp\Handler\Proxy::GuzzleHttp\Handler\{closure}(Object(GuzzleHttp\Psr7\Request), Array)
#6 /var/www/html/mcscrap/vendor/guzzlehttp/guzzle/src/Middleware.php(36): GuzzleHttp\PrepareBodyMiddleware->__invoke(Object(GuzzleHttp\Psr7\Request), Array)
#7 /var/www/html/mcscrap/vendor/guzzlehttp/guzzle/src/RedirectMiddleware.php(54): GuzzleHttp\Middleware::GuzzleHttp\{closure}(Object(GuzzleHttp\Psr7\Request), Array)
#8 /var/www/html/mcscrap/vendor/guzzlehttp/guzzle/src/Middleware.php(59): GuzzleHttp\RedirectMiddleware->__invoke(Object(GuzzleHttp\Psr7\Request), Array)
#9 /var/www/html/mcscrap/vendor/guzzlehttp/guzzle/src/HandlerStack.php(67): GuzzleHttp\Middleware::GuzzleHttp\{closure}(Object(GuzzleHttp\Psr7\Request), Array)
#10 /var/www/html/mcscrap/vendor/guzzlehttp/guzzle/src/Client.php(277): GuzzleHttp\HandlerStack->__invoke(Object(GuzzleHttp\Psr7\Request), Array)
#11 /var/www/html/mcscrap/vendor/guzzlehttp/guzzle/src/Client.php(125): GuzzleHttp\Client->transfer(Object(GuzzleHttp\Psr7\Request), Array)
#12 /var/www/html/mcscrap/vendor/guzzlehttp/guzzle/src/Client.php(131): GuzzleHttp\Client->requestAsync('GET', Object(GuzzleHttp\Psr7\Uri), Array)
#13 /var/www/html/mcscrap/vendor/fabpot/goutte/Goutte/Client.php(155): GuzzleHttp\Client->request('GET', 'https://www.ari...', Array)
#14 /var/www/html/mcscrap/vendor/symfony/browser-kit/Client.php(315): Goutte\Client->doRequest(Object(Symfony\Component\BrowserKit\Request))
#15 /var/www/html/mcscrap/protected/controllers/SiteController.php(36): Symfony\Component\BrowserKit\Client->request('GET', 'https://www.ari...')
#16 /var/www/html/yii/web/actions/CInlineAction.php(49): SiteController->actionIndex()
#17 /var/www/html/yii/web/CController.php(308): CInlineAction->runWithParams(Array)
#18 /var/www/html/yii/web/CController.php(286): CController->runAction(Object(CInlineAction))
#19 /var/www/html/yii/web/CController.php(265): CController->runActionWithFilters(Object(CInlineAction), Array)
#20 /var/www/html/yii/web/CWebApplication.php(282): CController->run('')
#21 /var/www/html/yii/web/CWebApplication.php(141): CWebApplication->runController('')
#22 /var/www/html/yii/base/CApplication.php(185): CWebApplication->processRequest()
#23 /var/www/html/mcscrap/index.php(14): CApplication->run()
#24 {main}
REQUEST_URI=/mcscrap/
---
2017/07/16 04:32:45 [error] [exception.Error] Error: Call to undefined method Symfony\Component\DomCrawler\Crawler::getBody() in /var/www/html/mcscrap/protected/controllers/SiteController.php:37
Stack trace:
#0 /var/www/html/yii/web/actions/CInlineAction.php(49): SiteController->actionIndex()
#1 /var/www/html/yii/web/CController.php(308): CInlineAction->runWithParams(Array)
#2 /var/www/html/yii/web/CController.php(286): CController->runAction(Object(CInlineAction))
#3 /var/www/html/yii/web/CController.php(265): CController->runActionWithFilters(Object(CInlineAction), Array)
#4 /var/www/html/yii/web/CWebApplication.php(282): CController->run('')
#5 /var/www/html/yii/web/CWebApplication.php(141): CWebApplication->runController('')
#6 /var/www/html/yii/base/CApplication.php(185): CWebApplication->processRequest()
#7 /var/www/html/mcscrap/index.php(14): CApplication->run()
#8 {main}
REQUEST_URI=/mcscrap/
---
2017/07/16 04:36:40 [error] [exception.Error] Error: Call to undefined method Symfony\Component\DomCrawler\Crawler::getBody() in /var/www/html/mcscrap/protected/controllers/SiteController.php:37
Stack trace:
#0 /var/www/html/yii/web/actions/CInlineAction.php(49): SiteController->actionIndex()
#1 /var/www/html/yii/web/CController.php(308): CInlineAction->runWithParams(Array)
#2 /var/www/html/yii/web/CController.php(286): CController->runAction(Object(CInlineAction))
#3 /var/www/html/yii/web/CController.php(265): CController->runActionWithFilters(Object(CInlineAction), Array)
#4 /var/www/html/yii/web/CWebApplication.php(282): CController->run('')
#5 /var/www/html/yii/web/CWebApplication.php(141): CWebApplication->runController('')
#6 /var/www/html/yii/base/CApplication.php(185): CWebApplication->processRequest()
#7 /var/www/html/mcscrap/index.php(14): CApplication->run()
#8 {main}
REQUEST_URI=/mcscrap/
---
2017/07/16 04:38:00 [error] [php] Trying to get property of non-object (/var/www/html/mcscrap/protected/controllers/SiteController.php:38)
Stack trace:
#0 /var/www/html/yii/web/CController.php(286): SiteController->runAction()
#1 /var/www/html/yii/web/CController.php(265): SiteController->runActionWithFilters()
#2 /var/www/html/yii/web/CWebApplication.php(282): SiteController->run()
#3 /var/www/html/yii/web/CWebApplication.php(141): CWebApplication->runController()
#4 /var/www/html/yii/base/CApplication.php(185): CWebApplication->processRequest()
#5 /var/www/html/mcscrap/index.php(14): CWebApplication->run()
REQUEST_URI=/mcscrap/
in /var/www/html/mcscrap/protected/controllers/SiteController.php (38)
in /var/www/html/mcscrap/index.php (14)
2017/07/16 04:38:57 [error] [exception.InvalidArgumentException] InvalidArgumentException: Expecting a DOMNodeList or DOMNode instance, an array, a string, or null, but got "GuzzleHttp\Psr7\Response". in /var/www/html/mcscrap/vendor/symfony/dom-crawler/Crawler.php:123
Stack trace:
#0 /var/www/html/mcscrap/vendor/symfony/dom-crawler/Crawler.php(70): Symfony\Component\DomCrawler\Crawler->add(Object(GuzzleHttp\Psr7\Response))
#1 /var/www/html/mcscrap/protected/controllers/SiteController.php(40): Symfony\Component\DomCrawler\Crawler->__construct(Object(GuzzleHttp\Psr7\Response))
#2 /var/www/html/yii/web/actions/CInlineAction.php(49): SiteController->actionIndex()
#3 /var/www/html/yii/web/CController.php(308): CInlineAction->runWithParams(Array)
#4 /var/www/html/yii/web/CController.php(286): CController->runAction(Object(CInlineAction))
#5 /var/www/html/yii/web/CController.php(265): CController->runActionWithFilters(Object(CInlineAction), Array)
#6 /var/www/html/yii/web/CWebApplication.php(282): CController->run('')
#7 /var/www/html/yii/web/CWebApplication.php(141): CWebApplication->runController('')
#8 /var/www/html/yii/base/CApplication.php(185): CWebApplication->processRequest()
#9 /var/www/html/mcscrap/index.php(14): CApplication->run()
#10 {main}
REQUEST_URI=/mcscrap/
---
2017/07/16 04:39:20 [error] [exception.ParseError] ParseError: syntax error, unexpected ';', expecting ',' or ')' in /var/www/html/mcscrap/protected/controllers/SiteController.php:37
Stack trace:
#0 /var/www/html/yii/web/CWebApplication.php(276): CWebApplication->createController('')
#1 /var/www/html/yii/web/CWebApplication.php(141): CWebApplication->runController('')
#2 /var/www/html/yii/base/CApplication.php(185): CWebApplication->processRequest()
#3 /var/www/html/mcscrap/index.php(14): CApplication->run()
#4 {main}
REQUEST_URI=/mcscrap/
---
2017/07/16 04:39:27 [error] [exception.InvalidArgumentException] InvalidArgumentException: Expecting a DOMNodeList or DOMNode instance, an array, a string, or null, but got "GuzzleHttp\Psr7\Response". in /var/www/html/mcscrap/vendor/symfony/dom-crawler/Crawler.php:123
Stack trace:
#0 /var/www/html/mcscrap/vendor/symfony/dom-crawler/Crawler.php(70): Symfony\Component\DomCrawler\Crawler->add(Object(GuzzleHttp\Psr7\Response))
#1 /var/www/html/mcscrap/protected/controllers/SiteController.php(40): Symfony\Component\DomCrawler\Crawler->__construct(Object(GuzzleHttp\Psr7\Response))
#2 /var/www/html/yii/web/actions/CInlineAction.php(49): SiteController->actionIndex()
#3 /var/www/html/yii/web/CController.php(308): CInlineAction->runWithParams(Array)
#4 /var/www/html/yii/web/CController.php(286): CController->runAction(Object(CInlineAction))
#5 /var/www/html/yii/web/CController.php(265): CController->runActionWithFilters(Object(CInlineAction), Array)
#6 /var/www/html/yii/web/CWebApplication.php(282): CController->run('')
#7 /var/www/html/yii/web/CWebApplication.php(141): CWebApplication->runController('')
#8 /var/www/html/yii/base/CApplication.php(185): CWebApplication->processRequest()
#9 /var/www/html/mcscrap/index.php(14): CApplication->run()
#10 {main}
REQUEST_URI=/mcscrap/
---
2017/07/16 04:56:36 [error] [exception.Error] Error: Call to undefined method GuzzleHttp\Psr7\Response::send() in /var/www/html/mcscrap/protected/controllers/SiteController.php:37
Stack trace:
#0 /var/www/html/yii/web/actions/CInlineAction.php(49): SiteController->actionIndex()
#1 /var/www/html/yii/web/CController.php(308): CInlineAction->runWithParams(Array)
#2 /var/www/html/yii/web/CController.php(286): CController->runAction(Object(CInlineAction))
#3 /var/www/html/yii/web/CController.php(265): CController->runActionWithFilters(Object(CInlineAction), Array)
#4 /var/www/html/yii/web/CWebApplication.php(282): CController->run('')
#5 /var/www/html/yii/web/CWebApplication.php(141): CWebApplication->runController('')
#6 /var/www/html/yii/base/CApplication.php(185): CWebApplication->processRequest()
#7 /var/www/html/mcscrap/index.php(14): CApplication->run()
#8 {main}
REQUEST_URI=/mcscrap/
---
2017/07/16 04:58:50 [error] [exception.Error] Error: Call to undefined method GuzzleHttp\Psr7\Response::send() in /var/www/html/mcscrap/protected/controllers/SiteController.php:37
Stack trace:
#0 /var/www/html/yii/web/actions/CInlineAction.php(49): SiteController->actionIndex()
#1 /var/www/html/yii/web/CController.php(308): CInlineAction->runWithParams(Array)
#2 /var/www/html/yii/web/CController.php(286): CController->runAction(Object(CInlineAction))
#3 /var/www/html/yii/web/CController.php(265): CController->runActionWithFilters(Object(CInlineAction), Array)
#4 /var/www/html/yii/web/CWebApplication.php(282): CController->run('')
#5 /var/www/html/yii/web/CWebApplication.php(141): CWebApplication->runController('')
#6 /var/www/html/yii/base/CApplication.php(185): CWebApplication->processRequest()
#7 /var/www/html/mcscrap/index.php(14): CApplication->run()
#8 {main}
REQUEST_URI=/mcscrap/
---
2017/07/16 05:00:53 [error] [exception.Error] Error: Call to undefined method GuzzleHttp\Psr7\Response::send() in /var/www/html/mcscrap/protected/controllers/SiteController.php:37
Stack trace:
#0 /var/www/html/yii/web/actions/CInlineAction.php(49): SiteController->actionIndex()
#1 /var/www/html/yii/web/CController.php(308): CInlineAction->runWithParams(Array)
#2 /var/www/html/yii/web/CController.php(286): CController->runAction(Object(CInlineAction))
#3 /var/www/html/yii/web/CController.php(265): CController->runActionWithFilters(Object(CInlineAction), Array)
#4 /var/www/html/yii/web/CWebApplication.php(282): CController->run('')
#5 /var/www/html/yii/web/CWebApplication.php(141): CWebApplication->runController('')
#6 /var/www/html/yii/base/CApplication.php(185): CWebApplication->processRequest()
#7 /var/www/html/mcscrap/index.php(14): CApplication->run()
#8 {main}
REQUEST_URI=/mcscrap/
---
2017/07/16 05:18:48 [error] [exception.GuzzleHttp\Exception\ConnectException] GuzzleHttp\Exception\ConnectException: cURL error 6: Could not resolve host: www.arihantbooks.com (see http://curl.haxx.se/libcurl/c/libcurl-errors.html) in /var/www/html/mcscrap/vendor/guzzlehttp/guzzle/src/Handler/CurlFactory.php:186
Stack trace:
#0 /var/www/html/mcscrap/vendor/guzzlehttp/guzzle/src/Handler/CurlFactory.php(150): GuzzleHttp\Handler\CurlFactory::createRejection(Object(GuzzleHttp\Handler\EasyHandle), Array)
#1 /var/www/html/mcscrap/vendor/guzzlehttp/guzzle/src/Handler/CurlFactory.php(103): GuzzleHttp\Handler\CurlFactory::finishError(Object(GuzzleHttp\Handler\CurlHandler), Object(GuzzleHttp\Handler\EasyHandle), Object(GuzzleHttp\Handler\CurlFactory))
#2 /var/www/html/mcscrap/vendor/guzzlehttp/guzzle/src/Handler/CurlHandler.php(43): GuzzleHttp\Handler\CurlFactory::finish(Object(GuzzleHttp\Handler\CurlHandler), Object(GuzzleHttp\Handler\EasyHandle), Object(GuzzleHttp\Handler\CurlFactory))
#3 /var/www/html/mcscrap/vendor/guzzlehttp/guzzle/src/Handler/Proxy.php(28): GuzzleHttp\Handler\CurlHandler->__invoke(Object(GuzzleHttp\Psr7\Request), Array)
#4 /var/www/html/mcscrap/vendor/guzzlehttp/guzzle/src/Handler/Proxy.php(51): GuzzleHttp\Handler\Proxy::GuzzleHttp\Handler\{closure}(Object(GuzzleHttp\Psr7\Request), Array)
#5 /var/www/html/mcscrap/vendor/guzzlehttp/guzzle/src/PrepareBodyMiddleware.php(37): GuzzleHttp\Handler\Proxy::GuzzleHttp\Handler\{closure}(Object(GuzzleHttp\Psr7\Request), Array)
#6 /var/www/html/mcscrap/vendor/guzzlehttp/guzzle/src/Middleware.php(36): GuzzleHttp\PrepareBodyMiddleware->__invoke(Object(GuzzleHttp\Psr7\Request), Array)
#7 /var/www/html/mcscrap/vendor/guzzlehttp/guzzle/src/RedirectMiddleware.php(54): GuzzleHttp\Middleware::GuzzleHttp\{closure}(Object(GuzzleHttp\Psr7\Request), Array)
#8 /var/www/html/mcscrap/vendor/guzzlehttp/guzzle/src/Middleware.php(59): GuzzleHttp\RedirectMiddleware->__invoke(Object(GuzzleHttp\Psr7\Request), Array)
#9 /var/www/html/mcscrap/vendor/guzzlehttp/guzzle/src/HandlerStack.php(67): GuzzleHttp\Middleware::GuzzleHttp\{closure}(Object(GuzzleHttp\Psr7\Request), Array)
#10 /var/www/html/mcscrap/vendor/guzzlehttp/guzzle/src/Client.php(277): GuzzleHttp\HandlerStack->__invoke(Object(GuzzleHttp\Psr7\Request), Array)
#11 /var/www/html/mcscrap/vendor/guzzlehttp/guzzle/src/Client.php(125): GuzzleHttp\Client->transfer(Object(GuzzleHttp\Psr7\Request), Array)
#12 /var/www/html/mcscrap/vendor/guzzlehttp/guzzle/src/Client.php(131): GuzzleHttp\Client->requestAsync('GET', Object(GuzzleHttp\Psr7\Uri), Array)
#13 /var/www/html/mcscrap/vendor/fabpot/goutte/Goutte/Client.php(155): GuzzleHttp\Client->request('GET', 'https://www.ari...', Array)
#14 /var/www/html/mcscrap/vendor/symfony/browser-kit/Client.php(315): Goutte\Client->doRequest(Object(Symfony\Component\BrowserKit\Request))
#15 /var/www/html/mcscrap/protected/controllers/SiteController.php(36): Symfony\Component\BrowserKit\Client->request('GET', 'https://www.ari...')
#16 /var/www/html/yii/web/actions/CInlineAction.php(49): SiteController->actionIndex()
#17 /var/www/html/yii/web/CController.php(308): CInlineAction->runWithParams(Array)
#18 /var/www/html/yii/web/CController.php(286): CController->runAction(Object(CInlineAction))
#19 /var/www/html/yii/web/CController.php(265): CController->runActionWithFilters(Object(CInlineAction), Array)
#20 /var/www/html/yii/web/CWebApplication.php(282): CController->run('')
#21 /var/www/html/yii/web/CWebApplication.php(141): CWebApplication->runController('')
#22 /var/www/html/yii/base/CApplication.php(185): CWebApplication->processRequest()
#23 /var/www/html/mcscrap/index.php(14): CApplication->run()
#24 {main}
REQUEST_URI=/mcscrap/
---
2017/07/16 09:00:29 [error] [exception.TypeError] TypeError: Argument 1 passed to GuzzleHttp\Client::__construct() must be of the type array, string given, called in /var/www/html/mcscrap/protected/controllers/SiteController.php on line 37 and defined in /var/www/html/mcscrap/vendor/guzzlehttp/guzzle/src/Client.php:62
Stack trace:
#0 /var/www/html/mcscrap/protected/controllers/SiteController.php(37): GuzzleHttp\Client->__construct('https://www.ari...')
#1 /var/www/html/yii/web/actions/CInlineAction.php(49): SiteController->actionIndex()
#2 /var/www/html/yii/web/CController.php(308): CInlineAction->runWithParams(Array)
#3 /var/www/html/yii/web/CController.php(286): CController->runAction(Object(CInlineAction))
#4 /var/www/html/yii/web/CController.php(265): CController->runActionWithFilters(Object(CInlineAction), Array)
#5 /var/www/html/yii/web/CWebApplication.php(282): CController->run('')
#6 /var/www/html/yii/web/CWebApplication.php(141): CWebApplication->runController('')
#7 /var/www/html/yii/base/CApplication.php(185): CWebApplication->processRequest()
#8 /var/www/html/mcscrap/index.php(14): CApplication->run()
#9 {main}
REQUEST_URI=/mcscrap/
---
2017/07/16 09:05:32 [error] [exception.GuzzleHttp\Exception\RequestException] GuzzleHttp\Exception\RequestException: cURL error 3: <url> malformed (see http://curl.haxx.se/libcurl/c/libcurl-errors.html) in /var/www/html/mcscrap/vendor/guzzlehttp/guzzle/src/Handler/CurlFactory.php:187
Stack trace:
#0 /var/www/html/mcscrap/vendor/guzzlehttp/guzzle/src/Handler/CurlFactory.php(150): GuzzleHttp\Handler\CurlFactory::createRejection(Object(GuzzleHttp\Handler\EasyHandle), Array)
#1 /var/www/html/mcscrap/vendor/guzzlehttp/guzzle/src/Handler/CurlFactory.php(103): GuzzleHttp\Handler\CurlFactory::finishError(Object(GuzzleHttp\Handler\CurlHandler), Object(GuzzleHttp\Handler\EasyHandle), Object(GuzzleHttp\Handler\CurlFactory))
#2 /var/www/html/mcscrap/vendor/guzzlehttp/guzzle/src/Handler/CurlHandler.php(43): GuzzleHttp\Handler\CurlFactory::finish(Object(GuzzleHttp\Handler\CurlHandler), Object(GuzzleHttp\Handler\EasyHandle), Object(GuzzleHttp\Handler\CurlFactory))
#3 /var/www/html/mcscrap/vendor/guzzlehttp/guzzle/src/Handler/Proxy.php(28): GuzzleHttp\Handler\CurlHandler->__invoke(Object(GuzzleHttp\Psr7\Request), Array)
#4 /var/www/html/mcscrap/vendor/guzzlehttp/guzzle/src/Handler/Proxy.php(51): GuzzleHttp\Handler\Proxy::GuzzleHttp\Handler\{closure}(Object(GuzzleHttp\Psr7\Request), Array)
#5 /var/www/html/mcscrap/vendor/guzzlehttp/guzzle/src/PrepareBodyMiddleware.php(37): GuzzleHttp\Handler\Proxy::GuzzleHttp\Handler\{closure}(Object(GuzzleHttp\Psr7\Request), Array)
#6 /var/www/html/mcscrap/vendor/guzzlehttp/guzzle/src/Middleware.php(30): GuzzleHttp\PrepareBodyMiddleware->__invoke(Object(GuzzleHttp\Psr7\Request), Array)
#7 /var/www/html/mcscrap/vendor/guzzlehttp/guzzle/src/RedirectMiddleware.php(70): GuzzleHttp\Middleware::GuzzleHttp\{closure}(Object(GuzzleHttp\Psr7\Request), Array)
#8 /var/www/html/mcscrap/vendor/guzzlehttp/guzzle/src/Middleware.php(59): GuzzleHttp\RedirectMiddleware->__invoke(Object(GuzzleHttp\Psr7\Request), Array)
#9 /var/www/html/mcscrap/vendor/guzzlehttp/guzzle/src/HandlerStack.php(67): GuzzleHttp\Middleware::GuzzleHttp\{closure}(Object(GuzzleHttp\Psr7\Request), Array)
#10 /var/www/html/mcscrap/vendor/guzzlehttp/guzzle/src/Client.php(277): GuzzleHttp\HandlerStack->__invoke(Object(GuzzleHttp\Psr7\Request), Array)
#11 /var/www/html/mcscrap/vendor/guzzlehttp/guzzle/src/Client.php(125): GuzzleHttp\Client->transfer(Object(GuzzleHttp\Psr7\Request), Array)
#12 /var/www/html/mcscrap/vendor/guzzlehttp/guzzle/src/Client.php(131): GuzzleHttp\Client->requestAsync('get', Object(GuzzleHttp\Psr7\Uri), Array)
#13 /var/www/html/mcscrap/vendor/guzzlehttp/guzzle/src/Client.php(89): GuzzleHttp\Client->request('get', '/jee-main--adva...', Array)
#14 /var/www/html/mcscrap/protected/controllers/SiteController.php(38): GuzzleHttp\Client->__call('get', Array)
#15 /var/www/html/yii/web/actions/CInlineAction.php(49): SiteController->actionIndex()
#16 /var/www/html/yii/web/CController.php(308): CInlineAction->runWithParams(Array)
#17 /var/www/html/yii/web/CController.php(286): CController->runAction(Object(CInlineAction))
#18 /var/www/html/yii/web/CController.php(265): CController->runActionWithFilters(Object(CInlineAction), Array)
#19 /var/www/html/yii/web/CWebApplication.php(282): CController->run('')
#20 /var/www/html/yii/web/CWebApplication.php(141): CWebApplication->runController('')
#21 /var/www/html/yii/base/CApplication.php(185): CWebApplication->processRequest()
#22 /var/www/html/mcscrap/index.php(14): CApplication->run()
#23 {main}
REQUEST_URI=/mcscrap/
---
2017/07/16 09:09:04 [error] [exception.GuzzleHttp\Exception\RequestException] GuzzleHttp\Exception\RequestException: cURL error 3: <url> malformed (see http://curl.haxx.se/libcurl/c/libcurl-errors.html) in /var/www/html/mcscrap/vendor/guzzlehttp/guzzle/src/Handler/CurlFactory.php:187
Stack trace:
#0 /var/www/html/mcscrap/vendor/guzzlehttp/guzzle/src/Handler/CurlFactory.php(150): GuzzleHttp\Handler\CurlFactory::createRejection(Object(GuzzleHttp\Handler\EasyHandle), Array)
#1 /var/www/html/mcscrap/vendor/guzzlehttp/guzzle/src/Handler/CurlFactory.php(103): GuzzleHttp\Handler\CurlFactory::finishError(Object(GuzzleHttp\Handler\CurlHandler), Object(GuzzleHttp\Handler\EasyHandle), Object(GuzzleHttp\Handler\CurlFactory))
#2 /var/www/html/mcscrap/vendor/guzzlehttp/guzzle/src/Handler/CurlHandler.php(43): GuzzleHttp\Handler\CurlFactory::finish(Object(GuzzleHttp\Handler\CurlHandler), Object(GuzzleHttp\Handler\EasyHandle), Object(GuzzleHttp\Handler\CurlFactory))
#3 /var/www/html/mcscrap/vendor/guzzlehttp/guzzle/src/Handler/Proxy.php(28): GuzzleHttp\Handler\CurlHandler->__invoke(Object(GuzzleHttp\Psr7\Request), Array)
#4 /var/www/html/mcscrap/vendor/guzzlehttp/guzzle/src/Handler/Proxy.php(51): GuzzleHttp\Handler\Proxy::GuzzleHttp\Handler\{closure}(Object(GuzzleHttp\Psr7\Request), Array)
#5 /var/www/html/mcscrap/vendor/guzzlehttp/guzzle/src/PrepareBodyMiddleware.php(37): GuzzleHttp\Handler\Proxy::GuzzleHttp\Handler\{closure}(Object(GuzzleHttp\Psr7\Request), Array)
#6 /var/www/html/mcscrap/vendor/guzzlehttp/guzzle/src/Middleware.php(30): GuzzleHttp\PrepareBodyMiddleware->__invoke(Object(GuzzleHttp\Psr7\Request), Array)
#7 /var/www/html/mcscrap/vendor/guzzlehttp/guzzle/src/RedirectMiddleware.php(70): GuzzleHttp\Middleware::GuzzleHttp\{closure}(Object(GuzzleHttp\Psr7\Request), Array)
#8 /var/www/html/mcscrap/vendor/guzzlehttp/guzzle/src/Middleware.php(59): GuzzleHttp\RedirectMiddleware->__invoke(Object(GuzzleHttp\Psr7\Request), Array)
#9 /var/www/html/mcscrap/vendor/guzzlehttp/guzzle/src/HandlerStack.php(67): GuzzleHttp\Middleware::GuzzleHttp\{closure}(Object(GuzzleHttp\Psr7\Request), Array)
#10 /var/www/html/mcscrap/vendor/guzzlehttp/guzzle/src/Client.php(277): GuzzleHttp\HandlerStack->__invoke(Object(GuzzleHttp\Psr7\Request), Array)
#11 /var/www/html/mcscrap/vendor/guzzlehttp/guzzle/src/Client.php(125): GuzzleHttp\Client->transfer(Object(GuzzleHttp\Psr7\Request), Array)
#12 /var/www/html/mcscrap/vendor/guzzlehttp/guzzle/src/Client.php(131): GuzzleHttp\Client->requestAsync('get', Object(GuzzleHttp\Psr7\Uri), Array)
#13 /var/www/html/mcscrap/vendor/guzzlehttp/guzzle/src/Client.php(89): GuzzleHttp\Client->request('get', '/jee-main--adva...', Array)
#14 /var/www/html/mcscrap/protected/controllers/SiteController.php(38): GuzzleHttp\Client->__call('get', Array)
#15 /var/www/html/yii/web/actions/CInlineAction.php(49): SiteController->actionIndex()
#16 /var/www/html/yii/web/CController.php(308): CInlineAction->runWithParams(Array)
#17 /var/www/html/yii/web/CController.php(286): CController->runAction(Object(CInlineAction))
#18 /var/www/html/yii/web/CController.php(265): CController->runActionWithFilters(Object(CInlineAction), Array)
#19 /var/www/html/yii/web/CWebApplication.php(282): CController->run('')
#20 /var/www/html/yii/web/CWebApplication.php(141): CWebApplication->runController('')
#21 /var/www/html/yii/base/CApplication.php(185): CWebApplication->processRequest()
#22 /var/www/html/mcscrap/index.php(14): CApplication->run()
#23 {main}
REQUEST_URI=/mcscrap/
---
2017/07/16 09:10:07 [error] [exception.GuzzleHttp\Exception\RequestException] GuzzleHttp\Exception\RequestException: cURL error 3: <url> malformed (see http://curl.haxx.se/libcurl/c/libcurl-errors.html) in /var/www/html/mcscrap/vendor/guzzlehttp/guzzle/src/Handler/CurlFactory.php:187
Stack trace:
#0 /var/www/html/mcscrap/vendor/guzzlehttp/guzzle/src/Handler/CurlFactory.php(150): GuzzleHttp\Handler\CurlFactory::createRejection(Object(GuzzleHttp\Handler\EasyHandle), Array)
#1 /var/www/html/mcscrap/vendor/guzzlehttp/guzzle/src/Handler/CurlFactory.php(103): GuzzleHttp\Handler\CurlFactory::finishError(Object(GuzzleHttp\Handler\CurlHandler), Object(GuzzleHttp\Handler\EasyHandle), Object(GuzzleHttp\Handler\CurlFactory))
#2 /var/www/html/mcscrap/vendor/guzzlehttp/guzzle/src/Handler/CurlHandler.php(43): GuzzleHttp\Handler\CurlFactory::finish(Object(GuzzleHttp\Handler\CurlHandler), Object(GuzzleHttp\Handler\EasyHandle), Object(GuzzleHttp\Handler\CurlFactory))
#3 /var/www/html/mcscrap/vendor/guzzlehttp/guzzle/src/Handler/Proxy.php(28): GuzzleHttp\Handler\CurlHandler->__invoke(Object(GuzzleHttp\Psr7\Request), Array)
#4 /var/www/html/mcscrap/vendor/guzzlehttp/guzzle/src/Handler/Proxy.php(51): GuzzleHttp\Handler\Proxy::GuzzleHttp\Handler\{closure}(Object(GuzzleHttp\Psr7\Request), Array)
#5 /var/www/html/mcscrap/vendor/guzzlehttp/guzzle/src/PrepareBodyMiddleware.php(37): GuzzleHttp\Handler\Proxy::GuzzleHttp\Handler\{closure}(Object(GuzzleHttp\Psr7\Request), Array)
#6 /var/www/html/mcscrap/vendor/guzzlehttp/guzzle/src/Middleware.php(30): GuzzleHttp\PrepareBodyMiddleware->__invoke(Object(GuzzleHttp\Psr7\Request), Array)
#7 /var/www/html/mcscrap/vendor/guzzlehttp/guzzle/src/RedirectMiddleware.php(70): GuzzleHttp\Middleware::GuzzleHttp\{closure}(Object(GuzzleHttp\Psr7\Request), Array)
#8 /var/www/html/mcscrap/vendor/guzzlehttp/guzzle/src/Middleware.php(59): GuzzleHttp\RedirectMiddleware->__invoke(Object(GuzzleHttp\Psr7\Request), Array)
#9 /var/www/html/mcscrap/vendor/guzzlehttp/guzzle/src/HandlerStack.php(67): GuzzleHttp\Middleware::GuzzleHttp\{closure}(Object(GuzzleHttp\Psr7\Request), Array)
#10 /var/www/html/mcscrap/vendor/guzzlehttp/guzzle/src/Client.php(277): GuzzleHttp\HandlerStack->__invoke(Object(GuzzleHttp\Psr7\Request), Array)
#11 /var/www/html/mcscrap/vendor/guzzlehttp/guzzle/src/Client.php(125): GuzzleHttp\Client->transfer(Object(GuzzleHttp\Psr7\Request), Array)
#12 /var/www/html/mcscrap/vendor/guzzlehttp/guzzle/src/Client.php(131): GuzzleHttp\Client->requestAsync('get', Object(GuzzleHttp\Psr7\Uri), Array)
#13 /var/www/html/mcscrap/vendor/guzzlehttp/guzzle/src/Client.php(89): GuzzleHttp\Client->request('get', '/jee-main--adva...', Array)
#14 /var/www/html/mcscrap/protected/controllers/SiteController.php(40): GuzzleHttp\Client->__call('get', Array)
#15 /var/www/html/yii/web/actions/CInlineAction.php(49): SiteController->actionIndex()
#16 /var/www/html/yii/web/CController.php(308): CInlineAction->runWithParams(Array)
#17 /var/www/html/yii/web/CController.php(286): CController->runAction(Object(CInlineAction))
#18 /var/www/html/yii/web/CController.php(265): CController->runActionWithFilters(Object(CInlineAction), Array)
#19 /var/www/html/yii/web/CWebApplication.php(282): CController->run('')
#20 /var/www/html/yii/web/CWebApplication.php(141): CWebApplication->runController('')
#21 /var/www/html/yii/base/CApplication.php(185): CWebApplication->processRequest()
#22 /var/www/html/mcscrap/index.php(14): CApplication->run()
#23 {main}
REQUEST_URI=/mcscrap/
---
2017/07/16 09:10:10 [error] [exception.GuzzleHttp\Exception\RequestException] GuzzleHttp\Exception\RequestException: cURL error 3: <url> malformed (see http://curl.haxx.se/libcurl/c/libcurl-errors.html) in /var/www/html/mcscrap/vendor/guzzlehttp/guzzle/src/Handler/CurlFactory.php:187
Stack trace:
#0 /var/www/html/mcscrap/vendor/guzzlehttp/guzzle/src/Handler/CurlFactory.php(150): GuzzleHttp\Handler\CurlFactory::createRejection(Object(GuzzleHttp\Handler\EasyHandle), Array)
#1 /var/www/html/mcscrap/vendor/guzzlehttp/guzzle/src/Handler/CurlFactory.php(103): GuzzleHttp\Handler\CurlFactory::finishError(Object(GuzzleHttp\Handler\CurlHandler), Object(GuzzleHttp\Handler\EasyHandle), Object(GuzzleHttp\Handler\CurlFactory))
#2 /var/www/html/mcscrap/vendor/guzzlehttp/guzzle/src/Handler/CurlHandler.php(43): GuzzleHttp\Handler\CurlFactory::finish(Object(GuzzleHttp\Handler\CurlHandler), Object(GuzzleHttp\Handler\EasyHandle), Object(GuzzleHttp\Handler\CurlFactory))
#3 /var/www/html/mcscrap/vendor/guzzlehttp/guzzle/src/Handler/Proxy.php(28): GuzzleHttp\Handler\CurlHandler->__invoke(Object(GuzzleHttp\Psr7\Request), Array)
#4 /var/www/html/mcscrap/vendor/guzzlehttp/guzzle/src/Handler/Proxy.php(51): GuzzleHttp\Handler\Proxy::GuzzleHttp\Handler\{closure}(Object(GuzzleHttp\Psr7\Request), Array)
#5 /var/www/html/mcscrap/vendor/guzzlehttp/guzzle/src/PrepareBodyMiddleware.php(37): GuzzleHttp\Handler\Proxy::GuzzleHttp\Handler\{closure}(Object(GuzzleHttp\Psr7\Request), Array)
#6 /var/www/html/mcscrap/vendor/guzzlehttp/guzzle/src/Middleware.php(30): GuzzleHttp\PrepareBodyMiddleware->__invoke(Object(GuzzleHttp\Psr7\Request), Array)
#7 /var/www/html/mcscrap/vendor/guzzlehttp/guzzle/src/RedirectMiddleware.php(70): GuzzleHttp\Middleware::GuzzleHttp\{closure}(Object(GuzzleHttp\Psr7\Request), Array)
#8 /var/www/html/mcscrap/vendor/guzzlehttp/guzzle/src/Middleware.php(59): GuzzleHttp\RedirectMiddleware->__invoke(Object(GuzzleHttp\Psr7\Request), Array)
#9 /var/www/html/mcscrap/vendor/guzzlehttp/guzzle/src/HandlerStack.php(67): GuzzleHttp\Middleware::GuzzleHttp\{closure}(Object(GuzzleHttp\Psr7\Request), Array)
#10 /var/www/html/mcscrap/vendor/guzzlehttp/guzzle/src/Client.php(277): GuzzleHttp\HandlerStack->__invoke(Object(GuzzleHttp\Psr7\Request), Array)
#11 /var/www/html/mcscrap/vendor/guzzlehttp/guzzle/src/Client.php(125): GuzzleHttp\Client->transfer(Object(GuzzleHttp\Psr7\Request), Array)
#12 /var/www/html/mcscrap/vendor/guzzlehttp/guzzle/src/Client.php(131): GuzzleHttp\Client->requestAsync('get', Object(GuzzleHttp\Psr7\Uri), Array)
#13 /var/www/html/mcscrap/vendor/guzzlehttp/guzzle/src/Client.php(89): GuzzleHttp\Client->request('get', '/jee-main--adva...', Array)
#14 /var/www/html/mcscrap/protected/controllers/SiteController.php(40): GuzzleHttp\Client->__call('get', Array)
#15 /var/www/html/yii/web/actions/CInlineAction.php(49): SiteController->actionIndex()
#16 /var/www/html/yii/web/CController.php(308): CInlineAction->runWithParams(Array)
#17 /var/www/html/yii/web/CController.php(286): CController->runAction(Object(CInlineAction))
#18 /var/www/html/yii/web/CController.php(265): CController->runActionWithFilters(Object(CInlineAction), Array)
#19 /var/www/html/yii/web/CWebApplication.php(282): CController->run('')
#20 /var/www/html/yii/web/CWebApplication.php(141): CWebApplication->runController('')
#21 /var/www/html/yii/base/CApplication.php(185): CWebApplication->processRequest()
#22 /var/www/html/mcscrap/index.php(14): CApplication->run()
#23 {main}
REQUEST_URI=/mcscrap/
---
2017/07/16 09:29:18 [error] [exception.ParseError] ParseError: syntax error, unexpected 'echo' (T_ECHO) in /var/www/html/mcscrap/protected/controllers/SiteController.php:48
Stack trace:
#0 /var/www/html/yii/web/CWebApplication.php(276): CWebApplication->createController('')
#1 /var/www/html/yii/web/CWebApplication.php(141): CWebApplication->runController('')
#2 /var/www/html/yii/base/CApplication.php(185): CWebApplication->processRequest()
#3 /var/www/html/mcscrap/index.php(14): CApplication->run()
#4 {main}
REQUEST_URI=/mcscrap/
---
2017/07/16 17:55:35 [error] [exception.InvalidArgumentException] InvalidArgumentException: The current node list is empty. in /var/www/html/mcscrap/vendor/symfony/dom-crawler/Crawler.php:584
Stack trace:
#0 /var/www/html/mcscrap/protected/controllers/SiteController.php(57): Symfony\Component\DomCrawler\Crawler->html()
#1 /var/www/html/yii/web/actions/CInlineAction.php(49): SiteController->actionIndex()
#2 /var/www/html/yii/web/CController.php(308): CInlineAction->runWithParams(Array)
#3 /var/www/html/yii/web/CController.php(286): CController->runAction(Object(CInlineAction))
#4 /var/www/html/yii/web/CController.php(265): CController->runActionWithFilters(Object(CInlineAction), Array)
#5 /var/www/html/yii/web/CWebApplication.php(282): CController->run('')
#6 /var/www/html/yii/web/CWebApplication.php(141): CWebApplication->runController('')
#7 /var/www/html/yii/base/CApplication.php(185): CWebApplication->processRequest()
#8 /var/www/html/mcscrap/index.php(14): CApplication->run()
#9 {main}
REQUEST_URI=/mcscrap/
---
2017/07/16 17:57:47 [error] [exception.InvalidArgumentException] InvalidArgumentException: The current node list is empty. in /var/www/html/mcscrap/vendor/symfony/dom-crawler/Crawler.php:584
Stack trace:
#0 /var/www/html/mcscrap/protected/controllers/SiteController.php(58): Symfony\Component\DomCrawler\Crawler->html()
#1 /var/www/html/yii/web/actions/CInlineAction.php(49): SiteController->actionIndex()
#2 /var/www/html/yii/web/CController.php(308): CInlineAction->runWithParams(Array)
#3 /var/www/html/yii/web/CController.php(286): CController->runAction(Object(CInlineAction))
#4 /var/www/html/yii/web/CController.php(265): CController->runActionWithFilters(Object(CInlineAction), Array)
#5 /var/www/html/yii/web/CWebApplication.php(282): CController->run('')
#6 /var/www/html/yii/web/CWebApplication.php(141): CWebApplication->runController('')
#7 /var/www/html/yii/base/CApplication.php(185): CWebApplication->processRequest()
#8 /var/www/html/mcscrap/index.php(14): CApplication->run()
#9 {main}
REQUEST_URI=/mcscrap/
---
2017/07/16 18:00:12 [error] [php] Undefined property: GuzzleHttp\Psr7\Response::$getBody (/var/www/html/mcscrap/protected/controllers/SiteController.php:41)
Stack trace:
#0 /var/www/html/yii/web/CController.php(286): SiteController->runAction()
#1 /var/www/html/yii/web/CController.php(265): SiteController->runActionWithFilters()
#2 /var/www/html/yii/web/CWebApplication.php(282): SiteController->run()
#3 /var/www/html/yii/web/CWebApplication.php(141): CWebApplication->runController()
#4 /var/www/html/yii/base/CApplication.php(185): CWebApplication->processRequest()
#5 /var/www/html/mcscrap/index.php(14): CWebApplication->run()
REQUEST_URI=/mcscrap/
in /var/www/html/mcscrap/protected/controllers/SiteController.php (41)
in /var/www/html/mcscrap/index.php (14)
2017/07/18 17:35:44 [error] [exception.InvalidArgumentException] InvalidArgumentException: Expecting a DOMNodeList or DOMNode instance, an array, a string, or null, but got "GuzzleHttp\Psr7\Stream". in /var/www/html/mcscrap/vendor/symfony/dom-crawler/Crawler.php:123
Stack trace:
#0 /var/www/html/mcscrap/vendor/symfony/dom-crawler/Crawler.php(70): Symfony\Component\DomCrawler\Crawler->add(Object(GuzzleHttp\Psr7\Stream))
#1 /var/www/html/mcscrap/protected/controllers/SiteController.php(44): Symfony\Component\DomCrawler\Crawler->__construct(Object(GuzzleHttp\Psr7\Stream))
#2 /var/www/html/yii/web/actions/CInlineAction.php(49): SiteController->actionIndex()
#3 /var/www/html/yii/web/CController.php(308): CInlineAction->runWithParams(Array)
#4 /var/www/html/yii/web/CController.php(286): CController->runAction(Object(CInlineAction))
#5 /var/www/html/yii/web/CController.php(265): CController->runActionWithFilters(Object(CInlineAction), Array)
#6 /var/www/html/yii/web/CWebApplication.php(282): CController->run('')
#7 /var/www/html/yii/web/CWebApplication.php(141): CWebApplication->runController('')
#8 /var/www/html/yii/base/CApplication.php(185): CWebApplication->processRequest()
#9 /var/www/html/mcscrap/index.php(14): CApplication->run()
#10 {main}
REQUEST_URI=/mcscrap/
---
2017/07/18 17:42:23 [error] [exception.InvalidArgumentException] InvalidArgumentException: Expecting a DOMNodeList or DOMNode instance, an array, a string, or null, but got "GuzzleHttp\Psr7\Stream". in /var/www/html/mcscrap/vendor/symfony/dom-crawler/Crawler.php:123
Stack trace:
#0 /var/www/html/mcscrap/vendor/symfony/dom-crawler/Crawler.php(70): Symfony\Component\DomCrawler\Crawler->add(Object(GuzzleHttp\Psr7\Stream))
#1 /var/www/html/mcscrap/protected/controllers/SiteController.php(44): Symfony\Component\DomCrawler\Crawler->__construct(Object(GuzzleHttp\Psr7\Stream))
#2 /var/www/html/yii/web/actions/CInlineAction.php(49): SiteController->actionIndex()
#3 /var/www/html/yii/web/CController.php(308): CInlineAction->runWithParams(Array)
#4 /var/www/html/yii/web/CController.php(286): CController->runAction(Object(CInlineAction))
#5 /var/www/html/yii/web/CController.php(265): CController->runActionWithFilters(Object(CInlineAction), Array)
#6 /var/www/html/yii/web/CWebApplication.php(282): CController->run('')
#7 /var/www/html/yii/web/CWebApplication.php(141): CWebApplication->runController('')
#8 /var/www/html/yii/base/CApplication.php(185): CWebApplication->processRequest()
#9 /var/www/html/mcscrap/index.php(14): CApplication->run()
#10 {main}
REQUEST_URI=/mcscrap/
---
2017/07/18 17:50:19 [error] [php] Undefined variable: res (/var/www/html/mcscrap/protected/controllers/SiteController.php:46)
Stack trace:
#0 /var/www/html/yii/web/CController.php(286): SiteController->runAction()
#1 /var/www/html/yii/web/CController.php(265): SiteController->runActionWithFilters()
#2 /var/www/html/yii/web/CWebApplication.php(282): SiteController->run()
#3 /var/www/html/yii/web/CWebApplication.php(141): CWebApplication->runController()
#4 /var/www/html/yii/base/CApplication.php(185): CWebApplication->processRequest()
#5 /var/www/html/mcscrap/index.php(14): CWebApplication->run()
REQUEST_URI=/mcscrap/
in /var/www/html/mcscrap/protected/controllers/SiteController.php (46)
in /var/www/html/mcscrap/index.php (14)
2017/07/18 17:55:04 [error] [exception.InvalidArgumentException] InvalidArgumentException: Expecting a DOMNodeList or DOMNode instance, an array, a string, or null, but got "GuzzleHttp\Psr7\Stream". in /var/www/html/mcscrap/vendor/symfony/dom-crawler/Crawler.php:123
Stack trace:
#0 /var/www/html/mcscrap/vendor/symfony/dom-crawler/Crawler.php(70): Symfony\Component\DomCrawler\Crawler->add(Object(GuzzleHttp\Psr7\Stream))
#1 /var/www/html/mcscrap/protected/controllers/SiteController.php(44): Symfony\Component\DomCrawler\Crawler->__construct(Object(GuzzleHttp\Psr7\Stream))
#2 /var/www/html/yii/web/actions/CInlineAction.php(49): SiteController->actionIndex()
#3 /var/www/html/yii/web/CController.php(308): CInlineAction->runWithParams(Array)
#4 /var/www/html/yii/web/CController.php(286): CController->runAction(Object(CInlineAction))
#5 /var/www/html/yii/web/CController.php(265): CController->runActionWithFilters(Object(CInlineAction), Array)
#6 /var/www/html/yii/web/CWebApplication.php(282): CController->run('')
#7 /var/www/html/yii/web/CWebApplication.php(141): CWebApplication->runController('')
#8 /var/www/html/yii/base/CApplication.php(185): CWebApplication->processRequest()
#9 /var/www/html/mcscrap/index.php(14): CApplication->run()
#10 {main}
REQUEST_URI=/mcscrap/
---
2017/07/18 17:55:33 [error] [exception.InvalidArgumentException] InvalidArgumentException: Expecting a DOMNodeList or DOMNode instance, an array, a string, or null, but got "GuzzleHttp\Psr7\Stream". in /var/www/html/mcscrap/vendor/symfony/dom-crawler/Crawler.php:123
Stack trace:
#0 /var/www/html/mcscrap/vendor/symfony/dom-crawler/Crawler.php(70): Symfony\Component\DomCrawler\Crawler->add(Object(GuzzleHttp\Psr7\Stream))
#1 /var/www/html/mcscrap/protected/controllers/SiteController.php(44): Symfony\Component\DomCrawler\Crawler->__construct(Object(GuzzleHttp\Psr7\Stream))
#2 /var/www/html/yii/web/actions/CInlineAction.php(49): SiteController->actionIndex()
#3 /var/www/html/yii/web/CController.php(308): CInlineAction->runWithParams(Array)
#4 /var/www/html/yii/web/CController.php(286): CController->runAction(Object(CInlineAction))
#5 /var/www/html/yii/web/CController.php(265): CController->runActionWithFilters(Object(CInlineAction), Array)
#6 /var/www/html/yii/web/CWebApplication.php(282): CController->run('')
#7 /var/www/html/yii/web/CWebApplication.php(141): CWebApplication->runController('')
#8 /var/www/html/yii/base/CApplication.php(185): CWebApplication->processRequest()
#9 /var/www/html/mcscrap/index.php(14): CApplication->run()
#10 {main}
REQUEST_URI=/mcscrap/
---
2017/07/18 17:56:03 [error] [exception.InvalidArgumentException] InvalidArgumentException: Expecting a DOMNodeList or DOMNode instance, an array, a string, or null, but got "GuzzleHttp\Psr7\Stream". in /var/www/html/mcscrap/vendor/symfony/dom-crawler/Crawler.php:123
Stack trace:
#0 /var/www/html/mcscrap/vendor/symfony/dom-crawler/Crawler.php(70): Symfony\Component\DomCrawler\Crawler->add(Object(GuzzleHttp\Psr7\Stream))
#1 /var/www/html/mcscrap/protected/controllers/SiteController.php(44): Symfony\Component\DomCrawler\Crawler->__construct(Object(GuzzleHttp\Psr7\Stream))
#2 /var/www/html/yii/web/actions/CInlineAction.php(49): SiteController->actionIndex()
#3 /var/www/html/yii/web/CController.php(308): CInlineAction->runWithParams(Array)
#4 /var/www/html/yii/web/CController.php(286): CController->runAction(Object(CInlineAction))
#5 /var/www/html/yii/web/CController.php(265): CController->runActionWithFilters(Object(CInlineAction), Array)
#6 /var/www/html/yii/web/CWebApplication.php(282): CController->run('')
#7 /var/www/html/yii/web/CWebApplication.php(141): CWebApplication->runController('')
#8 /var/www/html/yii/base/CApplication.php(185): CWebApplication->processRequest()
#9 /var/www/html/mcscrap/index.php(14): CApplication->run()
#10 {main}
REQUEST_URI=/mcscrap/
---
2017/07/18 18:08:30 [error] [php] Object of class DOMElement could not be converted to string (/var/www/html/mcscrap/protected/controllers/SiteController.php:57)
Stack trace:
#0 /var/www/html/yii/web/CController.php(286): SiteController->runAction()
#1 /var/www/html/yii/web/CController.php(265): SiteController->runActionWithFilters()
#2 /var/www/html/yii/web/CWebApplication.php(282): SiteController->run()
#3 /var/www/html/yii/web/CWebApplication.php(141): CWebApplication->runController()
#4 /var/www/html/yii/base/CApplication.php(185): CWebApplication->processRequest()
#5 /var/www/html/mcscrap/index.php(14): CWebApplication->run()
REQUEST_URI=/mcscrap/
in /var/www/html/mcscrap/protected/controllers/SiteController.php (57)
in /var/www/html/mcscrap/index.php (14)
2017/07/18 18:11:51 [error] [exception.ParseError] ParseError: syntax error, unexpected ',' in /var/www/html/mcscrap/protected/controllers/SiteController.php:57
Stack trace:
#0 /var/www/html/yii/web/CWebApplication.php(276): CWebApplication->createController('')
#1 /var/www/html/yii/web/CWebApplication.php(141): CWebApplication->runController('')
#2 /var/www/html/yii/base/CApplication.php(185): CWebApplication->processRequest()
#3 /var/www/html/mcscrap/index.php(14): CApplication->run()
#4 {main}
REQUEST_URI=/mcscrap/
---
2017/07/18 18:17:42 [error] [exception.RuntimeException] RuntimeException: \nGot empty result processing the dataset!\n in /var/www/html/mcscrap/protected/controllers/SiteController.php:87
Stack trace:
#0 /var/www/html/yii/web/actions/CInlineAction.php(49): SiteController->actionIndex()
#1 /var/www/html/yii/web/CController.php(308): CInlineAction->runWithParams(Array)
#2 /var/www/html/yii/web/CController.php(286): CController->runAction(Object(CInlineAction))
#3 /var/www/html/yii/web/CController.php(265): CController->runActionWithFilters(Object(CInlineAction), Array)
#4 /var/www/html/yii/web/CWebApplication.php(282): CController->run('')
#5 /var/www/html/yii/web/CWebApplication.php(141): CWebApplication->runController('')
#6 /var/www/html/yii/base/CApplication.php(185): CWebApplication->processRequest()
#7 /var/www/html/mcscrap/index.php(14): CApplication->run()
#8 {main}
REQUEST_URI=/mcscrap/
---
2017/07/18 18:26:31 [error] [exception.InvalidArgumentException] InvalidArgumentException: The current node list is empty. in /var/www/html/mcscrap/vendor/symfony/dom-crawler/Crawler.php:584
Stack trace:
#0 /var/www/html/mcscrap/protected/controllers/SiteController.php(49): Symfony\Component\DomCrawler\Crawler->html()
#1 /var/www/html/yii/web/actions/CInlineAction.php(49): SiteController->actionIndex()
#2 /var/www/html/yii/web/CController.php(308): CInlineAction->runWithParams(Array)
#3 /var/www/html/yii/web/CController.php(286): CController->runAction(Object(CInlineAction))
#4 /var/www/html/yii/web/CController.php(265): CController->runActionWithFilters(Object(CInlineAction), Array)
#5 /var/www/html/yii/web/CWebApplication.php(282): CController->run('')
#6 /var/www/html/yii/web/CWebApplication.php(141): CWebApplication->runController('')
#7 /var/www/html/yii/base/CApplication.php(185): CWebApplication->processRequest()
#8 /var/www/html/mcscrap/index.php(14): CApplication->run()
#9 {main}
REQUEST_URI=/mcscrap/
---
2017/07/18 18:33:48 [error] [exception.InvalidArgumentException] InvalidArgumentException: The current node list is empty. in /var/www/html/mcscrap/vendor/symfony/dom-crawler/Crawler.php:584
Stack trace:
#0 /var/www/html/mcscrap/protected/controllers/SiteController.php(55): Symfony\Component\DomCrawler\Crawler->html()
#1 /var/www/html/yii/web/actions/CInlineAction.php(49): SiteController->actionIndex()
#2 /var/www/html/yii/web/CController.php(308): CInlineAction->runWithParams(Array)
#3 /var/www/html/yii/web/CController.php(286): CController->runAction(Object(CInlineAction))
#4 /var/www/html/yii/web/CController.php(265): CController->runActionWithFilters(Object(CInlineAction), Array)
#5 /var/www/html/yii/web/CWebApplication.php(282): CController->run('')
#6 /var/www/html/yii/web/CWebApplication.php(141): CWebApplication->runController('')
#7 /var/www/html/yii/base/CApplication.php(185): CWebApplication->processRequest()
#8 /var/www/html/mcscrap/index.php(14): CApplication->run()
#9 {main}
REQUEST_URI=/mcscrap/
---
2017/07/18 18:36:21 [error] [exception.InvalidArgumentException] InvalidArgumentException: The current node list is empty. in /var/www/html/mcscrap/vendor/symfony/dom-crawler/Crawler.php:584
Stack trace:
#0 /var/www/html/mcscrap/protected/controllers/SiteController.php(55): Symfony\Component\DomCrawler\Crawler->html()
#1 /var/www/html/yii/web/actions/CInlineAction.php(49): SiteController->actionIndex()
#2 /var/www/html/yii/web/CController.php(308): CInlineAction->runWithParams(Array)
#3 /var/www/html/yii/web/CController.php(286): CController->runAction(Object(CInlineAction))
#4 /var/www/html/yii/web/CController.php(265): CController->runActionWithFilters(Object(CInlineAction), Array)
#5 /var/www/html/yii/web/CWebApplication.php(282): CController->run('')
#6 /var/www/html/yii/web/CWebApplication.php(141): CWebApplication->runController('')
#7 /var/www/html/yii/base/CApplication.php(185): CWebApplication->processRequest()
#8 /var/www/html/mcscrap/index.php(14): CApplication->run()
#9 {main}
REQUEST_URI=/mcscrap/
---
2017/07/18 18:39:45 [error] [exception.GuzzleHttp\Exception\ConnectException] GuzzleHttp\Exception\ConnectException: cURL error 7: Failed to connect to www.arihantbooks.com port 443: Connection timed out (see http://curl.haxx.se/libcurl/c/libcurl-errors.html) in /var/www/html/mcscrap/vendor/guzzlehttp/guzzle/src/Handler/CurlFactory.php:186
Stack trace:
#0 /var/www/html/mcscrap/vendor/guzzlehttp/guzzle/src/Handler/CurlFactory.php(150): GuzzleHttp\Handler\CurlFactory::createRejection(Object(GuzzleHttp\Handler\EasyHandle), Array)
#1 /var/www/html/mcscrap/vendor/guzzlehttp/guzzle/src/Handler/CurlFactory.php(103): GuzzleHttp\Handler\CurlFactory::finishError(Object(GuzzleHttp\Handler\CurlHandler), Object(GuzzleHttp\Handler\EasyHandle), Object(GuzzleHttp\Handler\CurlFactory))
#2 /var/www/html/mcscrap/vendor/guzzlehttp/guzzle/src/Handler/CurlHandler.php(43): GuzzleHttp\Handler\CurlFactory::finish(Object(GuzzleHttp\Handler\CurlHandler), Object(GuzzleHttp\Handler\EasyHandle), Object(GuzzleHttp\Handler\CurlFactory))
#3 /var/www/html/mcscrap/vendor/guzzlehttp/guzzle/src/Handler/Proxy.php(28): GuzzleHttp\Handler\CurlHandler->__invoke(Object(GuzzleHttp\Psr7\Request), Array)
#4 /var/www/html/mcscrap/vendor/guzzlehttp/guzzle/src/Handler/Proxy.php(51): GuzzleHttp\Handler\Proxy::GuzzleHttp\Handler\{closure}(Object(GuzzleHttp\Psr7\Request), Array)
#5 /var/www/html/mcscrap/vendor/guzzlehttp/guzzle/src/PrepareBodyMiddleware.php(37): GuzzleHttp\Handler\Proxy::GuzzleHttp\Handler\{closure}(Object(GuzzleHttp\Psr7\Request), Array)
#6 /var/www/html/mcscrap/vendor/guzzlehttp/guzzle/src/Middleware.php(30): GuzzleHttp\PrepareBodyMiddleware->__invoke(Object(GuzzleHttp\Psr7\Request), Array)
#7 /var/www/html/mcscrap/vendor/guzzlehttp/guzzle/src/RedirectMiddleware.php(70): GuzzleHttp\Middleware::GuzzleHttp\{closure}(Object(GuzzleHttp\Psr7\Request), Array)
#8 /var/www/html/mcscrap/vendor/guzzlehttp/guzzle/src/Middleware.php(59): GuzzleHttp\RedirectMiddleware->__invoke(Object(GuzzleHttp\Psr7\Request), Array)
#9 /var/www/html/mcscrap/vendor/guzzlehttp/guzzle/src/HandlerStack.php(67): GuzzleHttp\Middleware::GuzzleHttp\{closure}(Object(GuzzleHttp\Psr7\Request), Array)
#10 /var/www/html/mcscrap/vendor/guzzlehttp/guzzle/src/Client.php(277): GuzzleHttp\HandlerStack->__invoke(Object(GuzzleHttp\Psr7\Request), Array)
#11 /var/www/html/mcscrap/vendor/guzzlehttp/guzzle/src/Client.php(125): GuzzleHttp\Client->transfer(Object(GuzzleHttp\Psr7\Request), Array)
#12 /var/www/html/mcscrap/vendor/guzzlehttp/guzzle/src/Client.php(131): GuzzleHttp\Client->requestAsync('GET', Object(GuzzleHttp\Psr7\Uri), Array)
#13 /var/www/html/mcscrap/protected/controllers/SiteController.php(39): GuzzleHttp\Client->request('GET', 'https://www.ari...', Array)
#14 /var/www/html/yii/web/actions/CInlineAction.php(49): SiteController->actionIndex()
#15 /var/www/html/yii/web/CController.php(308): CInlineAction->runWithParams(Array)
#16 /var/www/html/yii/web/CController.php(286): CController->runAction(Object(CInlineAction))
#17 /var/www/html/yii/web/CController.php(265): CController->runActionWithFilters(Object(CInlineAction), Array)
#18 /var/www/html/yii/web/CWebApplication.php(282): CController->run('')
#19 /var/www/html/yii/web/CWebApplication.php(141): CWebApplication->runController('')
#20 /var/www/html/yii/base/CApplication.php(185): CWebApplication->processRequest()
#21 /var/www/html/mcscrap/index.php(14): CApplication->run()
#22 {main}
REQUEST_URI=/mcscrap/
---
2017/07/18 18:43:10 [error] [exception.InvalidArgumentException] InvalidArgumentException: The current node list is empty. in /var/www/html/mcscrap/vendor/symfony/dom-crawler/Crawler.php:534
Stack trace:
#0 /var/www/html/mcscrap/protected/controllers/SiteController.php(55): Symfony\Component\DomCrawler\Crawler->attr('href')
#1 /var/www/html/yii/web/actions/CInlineAction.php(49): SiteController->actionIndex()
#2 /var/www/html/yii/web/CController.php(308): CInlineAction->runWithParams(Array)
#3 /var/www/html/yii/web/CController.php(286): CController->runAction(Object(CInlineAction))
#4 /var/www/html/yii/web/CController.php(265): CController->runActionWithFilters(Object(CInlineAction), Array)
#5 /var/www/html/yii/web/CWebApplication.php(282): CController->run('')
#6 /var/www/html/yii/web/CWebApplication.php(141): CWebApplication->runController('')
#7 /var/www/html/yii/base/CApplication.php(185): CWebApplication->processRequest()
#8 /var/www/html/mcscrap/index.php(14): CApplication->run()
#9 {main}
REQUEST_URI=/mcscrap/
---
2017/07/18 20:09:40 [error] [php] Invalid argument supplied for foreach() (/var/www/html/mcscrap/protected/controllers/SiteController.php:49)
Stack trace:
#0 /var/www/html/yii/web/CController.php(286): SiteController->runAction()
#1 /var/www/html/yii/web/CController.php(265): SiteController->runActionWithFilters()
#2 /var/www/html/yii/web/CWebApplication.php(282): SiteController->run()
#3 /var/www/html/yii/web/CWebApplication.php(141): CWebApplication->runController()
#4 /var/www/html/yii/base/CApplication.php(185): CWebApplication->processRequest()
#5 /var/www/html/mcscrap/index.php(14): CWebApplication->run()
REQUEST_URI=/mcscrap/
in /var/www/html/mcscrap/protected/controllers/SiteController.php (49)
in /var/www/html/mcscrap/index.php (14)
2017/07/18 21:28:05 [error] [exception.CHttpException.404] CHttpException: Unable to resolve the request "bookdetails". in /var/www/html/yii/web/CWebApplication.php:286
Stack trace:
#0 /var/www/html/yii/web/CWebApplication.php(141): CWebApplication->runController('bookdetails')
#1 /var/www/html/yii/base/CApplication.php(185): CWebApplication->processRequest()
#2 /var/www/html/mcscrap/index.php(14): CApplication->run()
#3 {main}
REQUEST_URI=/mcscrap/index.php/bookdetails
---
2017/07/18 21:28:22 [error] [exception.ParseError] ParseError: syntax error, unexpected '$book' (T_VARIABLE) in /var/www/html/mcscrap/protected/controllers/SiteController.php:85
Stack trace:
#0 /var/www/html/yii/web/CWebApplication.php(276): CWebApplication->createController('bookdetails/')
#1 /var/www/html/yii/web/CWebApplication.php(141): CWebApplication->runController('site/bookdetail...')
#2 /var/www/html/yii/base/CApplication.php(185): CWebApplication->processRequest()
#3 /var/www/html/mcscrap/index.php(14): CApplication->run()
#4 {main}
REQUEST_URI=/mcscrap/index.php/site/bookdetails
---
2017/07/18 21:28:51 [error] [exception.InvalidArgumentException] InvalidArgumentException: The current node list is empty. in /var/www/html/mcscrap/vendor/symfony/dom-crawler/Crawler.php:584
Stack trace:
#0 /var/www/html/mcscrap/protected/controllers/SiteController.php(81): Symfony\Component\DomCrawler\Crawler->html()
#1 /var/www/html/yii/web/actions/CInlineAction.php(49): SiteController->actionBookdetails()
#2 /var/www/html/yii/web/CController.php(308): CInlineAction->runWithParams(Array)
#3 /var/www/html/yii/web/CController.php(286): CController->runAction(Object(CInlineAction))
#4 /var/www/html/yii/web/CController.php(265): CController->runActionWithFilters(Object(CInlineAction), Array)
#5 /var/www/html/yii/web/CWebApplication.php(282): CController->run('bookdetails')
#6 /var/www/html/yii/web/CWebApplication.php(141): CWebApplication->runController('site/bookdetail...')
#7 /var/www/html/yii/base/CApplication.php(185): CWebApplication->processRequest()
#8 /var/www/html/mcscrap/index.php(14): CApplication->run()
#9 {main}
REQUEST_URI=/mcscrap/index.php/site/bookdetails
---
2017/07/19 04:02:21 [error] [exception.InvalidArgumentException] InvalidArgumentException: The current node list is empty. in /var/www/html/mcscrap/vendor/symfony/dom-crawler/Crawler.php:534
Stack trace:
#0 /var/www/html/mcscrap/protected/controllers/SiteController.php(55): Symfony\Component\DomCrawler\Crawler->attr('src')
#1 /var/www/html/yii/web/actions/CInlineAction.php(49): SiteController->actionIndex()
#2 /var/www/html/yii/web/CController.php(308): CInlineAction->runWithParams(Array)
#3 /var/www/html/yii/web/CController.php(286): CController->runAction(Object(CInlineAction))
#4 /var/www/html/yii/web/CController.php(265): CController->runActionWithFilters(Object(CInlineAction), Array)
#5 /var/www/html/yii/web/CWebApplication.php(282): CController->run('')
#6 /var/www/html/yii/web/CWebApplication.php(141): CWebApplication->runController('')
#7 /var/www/html/yii/base/CApplication.php(185): CWebApplication->processRequest()
#8 /var/www/html/mcscrap/index.php(14): CApplication->run()
#9 {main}
REQUEST_URI=/mcscrap/
---
2017/07/19 04:08:10 [error] [exception.CHttpException.404] CHttpException: Unable to resolve the request "bookdetails". in /var/www/html/yii/web/CWebApplication.php:286
Stack trace:
#0 /var/www/html/yii/web/CWebApplication.php(141): CWebApplication->runController('bookdetails')
#1 /var/www/html/yii/base/CApplication.php(185): CWebApplication->processRequest()
#2 /var/www/html/mcscrap/index.php(14): CApplication->run()
#3 {main}
REQUEST_URI=/mcscrap/index.php/bookdetails
---
2017/07/19 04:08:16 [error] [exception.InvalidArgumentException] InvalidArgumentException: The current node list is empty. in /var/www/html/mcscrap/vendor/symfony/dom-crawler/Crawler.php:584
Stack trace:
#0 /var/www/html/mcscrap/protected/controllers/SiteController.php(86): Symfony\Component\DomCrawler\Crawler->html()
#1 /var/www/html/yii/web/actions/CInlineAction.php(49): SiteController->actionBookdetails()
#2 /var/www/html/yii/web/CController.php(308): CInlineAction->runWithParams(Array)
#3 /var/www/html/yii/web/CController.php(286): CController->runAction(Object(CInlineAction))
#4 /var/www/html/yii/web/CController.php(265): CController->runActionWithFilters(Object(CInlineAction), Array)
#5 /var/www/html/yii/web/CWebApplication.php(282): CController->run('bookdetails')
#6 /var/www/html/yii/web/CWebApplication.php(141): CWebApplication->runController('site/bookdetail...')
#7 /var/www/html/yii/base/CApplication.php(185): CWebApplication->processRequest()
#8 /var/www/html/mcscrap/index.php(14): CApplication->run()
#9 {main}
REQUEST_URI=/mcscrap/index.php/site/bookdetails
---
2017/07/19 04:08:24 [error] [exception.InvalidArgumentException] InvalidArgumentException: The current node list is empty. in /var/www/html/mcscrap/vendor/symfony/dom-crawler/Crawler.php:584
Stack trace:
#0 /var/www/html/mcscrap/protected/controllers/SiteController.php(86): Symfony\Component\DomCrawler\Crawler->html()
#1 /var/www/html/yii/web/actions/CInlineAction.php(49): SiteController->actionBookdetails()
#2 /var/www/html/yii/web/CController.php(308): CInlineAction->runWithParams(Array)
#3 /var/www/html/yii/web/CController.php(286): CController->runAction(Object(CInlineAction))
#4 /var/www/html/yii/web/CController.php(265): CController->runActionWithFilters(Object(CInlineAction), Array)
#5 /var/www/html/yii/web/CWebApplication.php(282): CController->run('bookdetails')
#6 /var/www/html/yii/web/CWebApplication.php(141): CWebApplication->runController('site/bookdetail...')
#7 /var/www/html/yii/base/CApplication.php(185): CWebApplication->processRequest()
#8 /var/www/html/mcscrap/index.php(14): CApplication->run()
#9 {main}
REQUEST_URI=/mcscrap/index.php/site/bookdetails
---
2017/07/19 04:09:37 [error] [exception.InvalidArgumentException] InvalidArgumentException: The current node list is empty. in /var/www/html/mcscrap/vendor/symfony/dom-crawler/Crawler.php:584
Stack trace:
#0 /var/www/html/mcscrap/protected/controllers/SiteController.php(86): Symfony\Component\DomCrawler\Crawler->html()
#1 /var/www/html/yii/web/actions/CInlineAction.php(49): SiteController->actionBookdetails()
#2 /var/www/html/yii/web/CController.php(308): CInlineAction->runWithParams(Array)
#3 /var/www/html/yii/web/CController.php(286): CController->runAction(Object(CInlineAction))
#4 /var/www/html/yii/web/CController.php(265): CController->runActionWithFilters(Object(CInlineAction), Array)
#5 /var/www/html/yii/web/CWebApplication.php(282): CController->run('bookdetails')
#6 /var/www/html/yii/web/CWebApplication.php(141): CWebApplication->runController('site/bookdetail...')
#7 /var/www/html/yii/base/CApplication.php(185): CWebApplication->processRequest()
#8 /var/www/html/mcscrap/index.php(14): CApplication->run()
#9 {main}
REQUEST_URI=/mcscrap/index.php/site/bookdetails
---
2017/07/19 13:36:15 [error] [php] Object of class Symfony\Component\DomCrawler\Crawler could not be converted to string (/var/www/html/mcscrap/protected/controllers/SiteController.php:89)
Stack trace:
#0 /var/www/html/yii/web/CController.php(286): SiteController->runAction()
#1 /var/www/html/yii/web/CController.php(265): SiteController->runActionWithFilters()
#2 /var/www/html/yii/web/CWebApplication.php(282): SiteController->run()
#3 /var/www/html/yii/web/CWebApplication.php(141): CWebApplication->runController()
#4 /var/www/html/yii/base/CApplication.php(185): CWebApplication->processRequest()
#5 /var/www/html/mcscrap/index.php(14): CWebApplication->run()
REQUEST_URI=/mcscrap/index.php/site/bookdetails
in /var/www/html/mcscrap/protected/controllers/SiteController.php (89)
in /var/www/html/mcscrap/index.php (14)
2017/07/19 13:37:18 [error] [exception.CHttpException.404] CHttpException: The system is unable to find the requested action "'   main_image.thumb_url   '". in /var/www/html/yii/web/CController.php:483
Stack trace:
#0 /var/www/html/yii/web/CController.php(270): CController->missingAction(''   main_image....')
#1 /var/www/html/yii/web/CWebApplication.php(282): CController->run(''   main_image....')
#2 /var/www/html/yii/web/CWebApplication.php(141): CWebApplication->runController('site/'   main_i...')
#3 /var/www/html/yii/base/CApplication.php(185): CWebApplication->processRequest()
#4 /var/www/html/mcscrap/index.php(14): CApplication->run()
#5 {main}
REQUEST_URI=/mcscrap/index.php/site/'%20+%20main_image.thumb_url%20+%20'
HTTP_REFERER=http://localhost/mcscrap/index.php/site/bookdetails
---
2017/07/19 13:37:18 [error] [exception.CHttpException.404] CHttpException: The system is unable to find the requested action "'   tmb_url   '". in /var/www/html/yii/web/CController.php:483
Stack trace:
#0 /var/www/html/yii/web/CController.php(270): CController->missingAction(''   tmb_url   '')
#1 /var/www/html/yii/web/CWebApplication.php(282): CController->run(''   tmb_url   '')
#2 /var/www/html/yii/web/CWebApplication.php(141): CWebApplication->runController('site/'   tmb_ur...')
#3 /var/www/html/yii/base/CApplication.php(185): CWebApplication->processRequest()
#4 /var/www/html/mcscrap/index.php(14): CApplication->run()
#5 {main}
REQUEST_URI=/mcscrap/index.php/site/'%20+%20tmb_url%20+%20'
HTTP_REFERER=http://localhost/mcscrap/index.php/site/bookdetails
---
2017/07/19 13:37:28 [error] [php] Object of class Symfony\Component\DomCrawler\Crawler could not be converted to string (/var/www/html/mcscrap/protected/controllers/SiteController.php:89)
Stack trace:
#0 /var/www/html/yii/web/CController.php(286): SiteController->runAction()
#1 /var/www/html/yii/web/CController.php(265): SiteController->runActionWithFilters()
#2 /var/www/html/yii/web/CWebApplication.php(282): SiteController->run()
#3 /var/www/html/yii/web/CWebApplication.php(141): CWebApplication->runController()
#4 /var/www/html/yii/base/CApplication.php(185): CWebApplication->processRequest()
#5 /var/www/html/mcscrap/index.php(14): CWebApplication->run()
REQUEST_URI=/mcscrap/index.php/site/bookdetails
in /var/www/html/mcscrap/protected/controllers/SiteController.php (89)
in /var/www/html/mcscrap/index.php (14)
2017/07/19 15:19:52 [error] [exception.CHttpException.404] CHttpException: The system is unable to find the requested action "'   main_image.thumb_url   '". in /var/www/html/yii/web/CController.php:483
Stack trace:
#0 /var/www/html/yii/web/CController.php(270): CController->missingAction(''   main_image....')
#1 /var/www/html/yii/web/CWebApplication.php(282): CController->run(''   main_image....')
#2 /var/www/html/yii/web/CWebApplication.php(141): CWebApplication->runController('site/'   main_i...')
#3 /var/www/html/yii/base/CApplication.php(185): CWebApplication->processRequest()
#4 /var/www/html/mcscrap/index.php(14): CApplication->run()
#5 {main}
REQUEST_URI=/mcscrap/index.php/site/'%20+%20main_image.thumb_url%20+%20'
HTTP_REFERER=http://localhost/mcscrap/index.php/site/bookdetails
---
2017/07/19 15:19:52 [error] [exception.CHttpException.404] CHttpException: The system is unable to find the requested action "'   tmb_url   '". in /var/www/html/yii/web/CController.php:483
Stack trace:
#0 /var/www/html/yii/web/CController.php(270): CController->missingAction(''   tmb_url   '')
#1 /var/www/html/yii/web/CWebApplication.php(282): CController->run(''   tmb_url   '')
#2 /var/www/html/yii/web/CWebApplication.php(141): CWebApplication->runController('site/'   tmb_ur...')
#3 /var/www/html/yii/base/CApplication.php(185): CWebApplication->processRequest()
#4 /var/www/html/mcscrap/index.php(14): CApplication->run()
#5 {main}
REQUEST_URI=/mcscrap/index.php/site/'%20+%20tmb_url%20+%20'
HTTP_REFERER=http://localhost/mcscrap/index.php/site/bookdetails
---
2017/07/19 15:29:55 [error] [exception.CHttpException.404] CHttpException: The system is unable to find the requested action "'   main_image.thumb_url   '". in /var/www/html/yii/web/CController.php:483
Stack trace:
#0 /var/www/html/yii/web/CController.php(270): CController->missingAction(''   main_image....')
#1 /var/www/html/yii/web/CWebApplication.php(282): CController->run(''   main_image....')
#2 /var/www/html/yii/web/CWebApplication.php(141): CWebApplication->runController('site/'   main_i...')
#3 /var/www/html/yii/base/CApplication.php(185): CWebApplication->processRequest()
#4 /var/www/html/mcscrap/index.php(14): CApplication->run()
#5 {main}
REQUEST_URI=/mcscrap/index.php/site/'%20+%20main_image.thumb_url%20+%20'
HTTP_REFERER=http://localhost/mcscrap/index.php/site/bookdetails
---
2017/07/19 15:29:55 [error] [exception.CHttpException.404] CHttpException: The system is unable to find the requested action "'   tmb_url   '". in /var/www/html/yii/web/CController.php:483
Stack trace:
#0 /var/www/html/yii/web/CController.php(270): CController->missingAction(''   tmb_url   '')
#1 /var/www/html/yii/web/CWebApplication.php(282): CController->run(''   tmb_url   '')
#2 /var/www/html/yii/web/CWebApplication.php(141): CWebApplication->runController('site/'   tmb_ur...')
#3 /var/www/html/yii/base/CApplication.php(185): CWebApplication->processRequest()
#4 /var/www/html/mcscrap/index.php(14): CApplication->run()
#5 {main}
REQUEST_URI=/mcscrap/index.php/site/'%20+%20tmb_url%20+%20'
HTTP_REFERER=http://localhost/mcscrap/index.php/site/bookdetails
---
2017/07/19 15:39:09 [error] [exception.InvalidArgumentException] InvalidArgumentException: The current node list is empty. in /var/www/html/mcscrap/vendor/symfony/dom-crawler/Crawler.php:514
Stack trace:
#0 /var/www/html/mcscrap/protected/controllers/SiteController.php(89): Symfony\Component\DomCrawler\Crawler->children()
#1 /var/www/html/yii/web/actions/CInlineAction.php(49): SiteController->actionBookdetails()
#2 /var/www/html/yii/web/CController.php(308): CInlineAction->runWithParams(Array)
#3 /var/www/html/yii/web/CController.php(286): CController->runAction(Object(CInlineAction))
#4 /var/www/html/yii/web/CController.php(265): CController->runActionWithFilters(Object(CInlineAction), Array)
#5 /var/www/html/yii/web/CWebApplication.php(282): CController->run('bookdetails')
#6 /var/www/html/yii/web/CWebApplication.php(141): CWebApplication->runController('site/bookdetail...')
#7 /var/www/html/yii/base/CApplication.php(185): CWebApplication->processRequest()
#8 /var/www/html/mcscrap/index.php(14): CApplication->run()
#9 {main}
REQUEST_URI=/mcscrap/index.php/site/bookdetails
---
2017/07/19 15:39:36 [error] [exception.InvalidArgumentException] InvalidArgumentException: The current node list is empty. in /var/www/html/mcscrap/vendor/symfony/dom-crawler/Crawler.php:584
Stack trace:
#0 /var/www/html/mcscrap/protected/controllers/SiteController.php(89): Symfony\Component\DomCrawler\Crawler->html()
#1 /var/www/html/yii/web/actions/CInlineAction.php(49): SiteController->actionBookdetails()
#2 /var/www/html/yii/web/CController.php(308): CInlineAction->runWithParams(Array)
#3 /var/www/html/yii/web/CController.php(286): CController->runAction(Object(CInlineAction))
#4 /var/www/html/yii/web/CController.php(265): CController->runActionWithFilters(Object(CInlineAction), Array)
#5 /var/www/html/yii/web/CWebApplication.php(282): CController->run('bookdetails')
#6 /var/www/html/yii/web/CWebApplication.php(141): CWebApplication->runController('site/bookdetail...')
#7 /var/www/html/yii/base/CApplication.php(185): CWebApplication->processRequest()
#8 /var/www/html/mcscrap/index.php(14): CApplication->run()
#9 {main}
REQUEST_URI=/mcscrap/index.php/site/bookdetails
---
2017/07/19 15:47:21 [error] [exception.InvalidArgumentException] InvalidArgumentException: The current node list is empty. in /var/www/html/mcscrap/vendor/symfony/dom-crawler/Crawler.php:584
Stack trace:
#0 /var/www/html/mcscrap/protected/controllers/SiteController.php(89): Symfony\Component\DomCrawler\Crawler->html()
#1 /var/www/html/yii/web/actions/CInlineAction.php(49): SiteController->actionBookdetails()
#2 /var/www/html/yii/web/CController.php(308): CInlineAction->runWithParams(Array)
#3 /var/www/html/yii/web/CController.php(286): CController->runAction(Object(CInlineAction))
#4 /var/www/html/yii/web/CController.php(265): CController->runActionWithFilters(Object(CInlineAction), Array)
#5 /var/www/html/yii/web/CWebApplication.php(282): CController->run('bookdetails')
#6 /var/www/html/yii/web/CWebApplication.php(141): CWebApplication->runController('site/bookdetail...')
#7 /var/www/html/yii/base/CApplication.php(185): CWebApplication->processRequest()
#8 /var/www/html/mcscrap/index.php(14): CApplication->run()
#9 {main}
REQUEST_URI=/mcscrap/index.php/site/bookdetails
---
2017/07/19 15:49:16 [error] [exception.InvalidArgumentException] InvalidArgumentException: The current node list is empty. in /var/www/html/mcscrap/vendor/symfony/dom-crawler/Crawler.php:584
Stack trace:
#0 /var/www/html/mcscrap/protected/controllers/SiteController.php(89): Symfony\Component\DomCrawler\Crawler->html()
#1 /var/www/html/yii/web/actions/CInlineAction.php(49): SiteController->actionBookdetails()
#2 /var/www/html/yii/web/CController.php(308): CInlineAction->runWithParams(Array)
#3 /var/www/html/yii/web/CController.php(286): CController->runAction(Object(CInlineAction))
#4 /var/www/html/yii/web/CController.php(265): CController->runActionWithFilters(Object(CInlineAction), Array)
#5 /var/www/html/yii/web/CWebApplication.php(282): CController->run('bookdetails')
#6 /var/www/html/yii/web/CWebApplication.php(141): CWebApplication->runController('site/bookdetail...')
#7 /var/www/html/yii/base/CApplication.php(185): CWebApplication->processRequest()
#8 /var/www/html/mcscrap/index.php(14): CApplication->run()
#9 {main}
REQUEST_URI=/mcscrap/index.php/site/bookdetails
---
2017/07/19 16:11:35 [error] [exception.InvalidArgumentException] InvalidArgumentException: The current node list is empty. in /var/www/html/mcscrap/vendor/symfony/dom-crawler/Crawler.php:552
Stack trace:
#0 /var/www/html/mcscrap/protected/controllers/SiteController.php(89): Symfony\Component\DomCrawler\Crawler->nodeName()
#1 /var/www/html/yii/web/actions/CInlineAction.php(49): SiteController->actionBookdetails()
#2 /var/www/html/yii/web/CController.php(308): CInlineAction->runWithParams(Array)
#3 /var/www/html/yii/web/CController.php(286): CController->runAction(Object(CInlineAction))
#4 /var/www/html/yii/web/CController.php(265): CController->runActionWithFilters(Object(CInlineAction), Array)
#5 /var/www/html/yii/web/CWebApplication.php(282): CController->run('bookdetails')
#6 /var/www/html/yii/web/CWebApplication.php(141): CWebApplication->runController('site/bookdetail...')
#7 /var/www/html/yii/base/CApplication.php(185): CWebApplication->processRequest()
#8 /var/www/html/mcscrap/index.php(14): CApplication->run()
#9 {main}
REQUEST_URI=/mcscrap/index.php/site/bookdetails
---
2017/07/19 16:12:17 [error] [exception.InvalidArgumentException] InvalidArgumentException: The current node list is empty. in /var/www/html/mcscrap/vendor/symfony/dom-crawler/Crawler.php:552
Stack trace:
#0 /var/www/html/mcscrap/protected/controllers/SiteController.php(89): Symfony\Component\DomCrawler\Crawler->nodeName()
#1 /var/www/html/yii/web/actions/CInlineAction.php(49): SiteController->actionBookdetails()
#2 /var/www/html/yii/web/CController.php(308): CInlineAction->runWithParams(Array)
#3 /var/www/html/yii/web/CController.php(286): CController->runAction(Object(CInlineAction))
#4 /var/www/html/yii/web/CController.php(265): CController->runActionWithFilters(Object(CInlineAction), Array)
#5 /var/www/html/yii/web/CWebApplication.php(282): CController->run('bookdetails')
#6 /var/www/html/yii/web/CWebApplication.php(141): CWebApplication->runController('site/bookdetail...')
#7 /var/www/html/yii/base/CApplication.php(185): CWebApplication->processRequest()
#8 /var/www/html/mcscrap/index.php(14): CApplication->run()
#9 {main}
REQUEST_URI=/mcscrap/index.php/site/bookdetails
---
2017/07/19 16:13:26 [error] [exception.CHttpException.404] CHttpException: The system is unable to find the requested action "'   main_image.thumb_url   '". in /var/www/html/yii/web/CController.php:483
Stack trace:
#0 /var/www/html/yii/web/CController.php(270): CController->missingAction(''   main_image....')
#1 /var/www/html/yii/web/CWebApplication.php(282): CController->run(''   main_image....')
#2 /var/www/html/yii/web/CWebApplication.php(141): CWebApplication->runController('site/'   main_i...')
#3 /var/www/html/yii/base/CApplication.php(185): CWebApplication->processRequest()
#4 /var/www/html/mcscrap/index.php(14): CApplication->run()
#5 {main}
REQUEST_URI=/mcscrap/index.php/site/'%20+%20main_image.thumb_url%20+%20'
HTTP_REFERER=http://localhost/mcscrap/index.php/site/bookdetails
---
2017/07/19 16:13:26 [error] [exception.CHttpException.404] CHttpException: The system is unable to find the requested action "'   tmb_url   '". in /var/www/html/yii/web/CController.php:483
Stack trace:
#0 /var/www/html/yii/web/CController.php(270): CController->missingAction(''   tmb_url   '')
#1 /var/www/html/yii/web/CWebApplication.php(282): CController->run(''   tmb_url   '')
#2 /var/www/html/yii/web/CWebApplication.php(141): CWebApplication->runController('site/'   tmb_ur...')
#3 /var/www/html/yii/base/CApplication.php(185): CWebApplication->processRequest()
#4 /var/www/html/mcscrap/index.php(14): CApplication->run()
#5 {main}
REQUEST_URI=/mcscrap/index.php/site/'%20+%20tmb_url%20+%20'
HTTP_REFERER=http://localhost/mcscrap/index.php/site/bookdetails
---
2017/07/19 16:27:26 [error] [exception.ParseError] ParseError: syntax error, unexpected 'exit' (T_EXIT) in /var/www/html/mcscrap/protected/controllers/SiteController.php:93
Stack trace:
#0 /var/www/html/yii/web/CWebApplication.php(276): CWebApplication->createController('bookdetails/')
#1 /var/www/html/yii/web/CWebApplication.php(141): CWebApplication->runController('site/bookdetail...')
#2 /var/www/html/yii/base/CApplication.php(185): CWebApplication->processRequest()
#3 /var/www/html/mcscrap/index.php(14): CApplication->run()
#4 {main}
REQUEST_URI=/mcscrap/index.php/site/bookdetails
---
2017/07/19 21:26:25 [error] [system.db.CDbCommand] CDbCommand::execute() failed: SQLSTATE[HY000]: General error: 1364 Field 'image_main_url' doesn't have a default value. The SQL statement executed was: INSERT INTO `book` (`book_name`, `mrp`, `discount_price`, `book_url`, `image_thumb_url`) VALUES (:book_name, :mrp, :discount_price, :book_url, :image_thumb_url).
in /var/www/html/mcscrap/protected/controllers/SiteController.php (58)
in /var/www/html/mcscrap/index.php (14)
2017/07/19 21:26:25 [error] [exception.CDbException] CDbException: CDbCommand failed to execute the SQL statement: SQLSTATE[HY000]: General error: 1364 Field 'image_main_url' doesn't have a default value. The SQL statement executed was: INSERT INTO `book` (`book_name`, `mrp`, `discount_price`, `book_url`, `image_thumb_url`) VALUES (:book_name, :mrp, :discount_price, :book_url, :image_thumb_url) in /var/www/html/yii/db/CDbCommand.php:358
Stack trace:
#0 /var/www/html/yii/db/CDbCommand.php(1278): CDbCommand->execute(Array)
#1 /var/www/html/mcscrap/protected/controllers/SiteController.php(58): CDbCommand->insert('book', Array)
#2 /var/www/html/yii/web/actions/CInlineAction.php(49): SiteController->actionIndex()
#3 /var/www/html/yii/web/CController.php(308): CInlineAction->runWithParams(Array)
#4 /var/www/html/yii/web/CController.php(286): CController->runAction(Object(CInlineAction))
#5 /var/www/html/yii/web/CController.php(265): CController->runActionWithFilters(Object(CInlineAction), Array)
#6 /var/www/html/yii/web/CWebApplication.php(282): CController->run('')
#7 /var/www/html/yii/web/CWebApplication.php(141): CWebApplication->runController('')
#8 /var/www/html/yii/base/CApplication.php(185): CWebApplication->processRequest()
#9 /var/www/html/mcscrap/index.php(14): CApplication->run()
#10 {main}
REQUEST_URI=/mcscrap/
---
2017/07/20 03:46:15 [error] [exception.ParseError] ParseError: syntax error, unexpected ',' in /var/www/html/mcscrap/protected/controllers/SiteController.php:50
Stack trace:
#0 /var/www/html/yii/web/CWebApplication.php(276): CWebApplication->createController('')
#1 /var/www/html/yii/web/CWebApplication.php(141): CWebApplication->runController('')
#2 /var/www/html/yii/base/CApplication.php(185): CWebApplication->processRequest()
#3 /var/www/html/mcscrap/index.php(14): CApplication->run()
#4 {main}
REQUEST_URI=/mcscrap/
---
2017/07/20 04:06:03 [error] [exception.InvalidArgumentException] InvalidArgumentException: The current node list is empty. in /var/www/html/mcscrap/vendor/symfony/dom-crawler/Crawler.php:584
Stack trace:
#0 /var/www/html/mcscrap/protected/controllers/SiteController.php(84): Symfony\Component\DomCrawler\Crawler->html()
#1 /var/www/html/yii/web/actions/CInlineAction.php(49): SiteController->actionBookdetails()
#2 /var/www/html/yii/web/CController.php(308): CInlineAction->runWithParams(Array)
#3 /var/www/html/yii/web/CController.php(286): CController->runAction(Object(CInlineAction))
#4 /var/www/html/yii/web/CController.php(265): CController->runActionWithFilters(Object(CInlineAction), Array)
#5 /var/www/html/yii/web/CWebApplication.php(282): CController->run('bookdetails')
#6 /var/www/html/yii/web/CWebApplication.php(141): CWebApplication->runController('site/bookdetail...')
#7 /var/www/html/yii/base/CApplication.php(185): CWebApplication->processRequest()
#8 /var/www/html/mcscrap/index.php(14): CApplication->run()
#9 {main}
REQUEST_URI=/mcscrap/index.php/site/bookdetails
---
2017/07/20 04:12:20 [error] [php] Trying to get property of non-object (/var/www/html/mcscrap/protected/controllers/SiteController.php:71)
Stack trace:
#0 /var/www/html/yii/web/CController.php(286): SiteController->runAction()
#1 /var/www/html/yii/web/CController.php(265): SiteController->runActionWithFilters()
#2 /var/www/html/yii/web/CWebApplication.php(282): SiteController->run()
#3 /var/www/html/yii/web/CWebApplication.php(141): CWebApplication->runController()
#4 /var/www/html/yii/base/CApplication.php(185): CWebApplication->processRequest()
#5 /var/www/html/mcscrap/index.php(14): CWebApplication->run()
REQUEST_URI=/mcscrap/index.php/site/bookdetails
in /var/www/html/mcscrap/protected/controllers/SiteController.php (71)
in /var/www/html/mcscrap/index.php (14)
2017/07/20 04:14:45 [error] [system.db.CDbCommand] CDbCommand::execute() failed: SQLSTATE[22001]: String data, right truncated: 1406 Data too long for column 'pages' at row 1. The SQL statement executed was: UPDATE `book` SET `id`=:yp0, `book_name`=:yp1, `book_url`=:yp2, `author`=:yp3, `publisher`=:yp4, `language`=:yp5, `mrp`=:yp6, `discount_price`=:yp7, `isbn`=:yp8, `edition`=:yp9, `stock_status`=:yp10, `pages`=:yp11, `length`=:yp12, `width`=:yp13, `height`=:yp14, `weight`=:yp15, `binding`=:yp16, `description`=:yp17, `image_main_url`=:yp18, `image_thumb_url`=:yp19, `category_id`=:yp20, `publisher_id`=:yp21 WHERE `book`.`id`=1.
in /var/www/html/mcscrap/protected/controllers/SiteController.php (88)
in /var/www/html/mcscrap/index.php (14)
2017/07/20 04:14:45 [error] [exception.CDbException] CDbException: CDbCommand failed to execute the SQL statement: SQLSTATE[22001]: String data, right truncated: 1406 Data too long for column 'pages' at row 1. The SQL statement executed was: UPDATE `book` SET `id`=:yp0, `book_name`=:yp1, `book_url`=:yp2, `author`=:yp3, `publisher`=:yp4, `language`=:yp5, `mrp`=:yp6, `discount_price`=:yp7, `isbn`=:yp8, `edition`=:yp9, `stock_status`=:yp10, `pages`=:yp11, `length`=:yp12, `width`=:yp13, `height`=:yp14, `weight`=:yp15, `binding`=:yp16, `description`=:yp17, `image_main_url`=:yp18, `image_thumb_url`=:yp19, `category_id`=:yp20, `publisher_id`=:yp21 WHERE `book`.`id`=1 in /var/www/html/yii/db/CDbCommand.php:358
Stack trace:
#0 /var/www/html/yii/db/ar/CActiveRecord.php(1753): CDbCommand->execute()
#1 /var/www/html/yii/db/ar/CActiveRecord.php(1127): CActiveRecord->updateByPk('1', Array)
#2 /var/www/html/yii/db/ar/CActiveRecord.php(809): CActiveRecord->update(NULL)
#3 /var/www/html/mcscrap/protected/controllers/SiteController.php(88): CActiveRecord->save(false)
#4 /var/www/html/yii/web/actions/CInlineAction.php(49): SiteController->actionBookdetails()
#5 /var/www/html/yii/web/CController.php(308): CInlineAction->runWithParams(Array)
#6 /var/www/html/yii/web/CController.php(286): CController->runAction(Object(CInlineAction))
#7 /var/www/html/yii/web/CController.php(265): CController->runActionWithFilters(Object(CInlineAction), Array)
#8 /var/www/html/yii/web/CWebApplication.php(282): CController->run('bookdetails')
#9 /var/www/html/yii/web/CWebApplication.php(141): CWebApplication->runController('site/bookdetail...')
#10 /var/www/html/yii/base/CApplication.php(185): CWebApplication->processRequest()
#11 /var/www/html/mcscrap/index.php(14): CApplication->run()
#12 {main}
REQUEST_URI=/mcscrap/index.php/site/bookdetails
---
2017/07/20 04:16:23 [error] [exception.InvalidArgumentException] InvalidArgumentException: The current node list is empty. in /var/www/html/mcscrap/vendor/symfony/dom-crawler/Crawler.php:584
Stack trace:
#0 /var/www/html/mcscrap/protected/controllers/SiteController.php(85): Symfony\Component\DomCrawler\Crawler->html()
#1 /var/www/html/yii/web/actions/CInlineAction.php(49): SiteController->actionBookdetails()
#2 /var/www/html/yii/web/CController.php(308): CInlineAction->runWithParams(Array)
#3 /var/www/html/yii/web/CController.php(286): CController->runAction(Object(CInlineAction))
#4 /var/www/html/yii/web/CController.php(265): CController->runActionWithFilters(Object(CInlineAction), Array)
#5 /var/www/html/yii/web/CWebApplication.php(282): CController->run('bookdetails')
#6 /var/www/html/yii/web/CWebApplication.php(141): CWebApplication->runController('site/bookdetail...')
#7 /var/www/html/yii/base/CApplication.php(185): CWebApplication->processRequest()
#8 /var/www/html/mcscrap/index.php(14): CApplication->run()
#9 {main}
REQUEST_URI=/mcscrap/index.php/site/bookdetails
---
2017/07/20 17:36:01 [error] [system.db.CDbCommand] CDbCommand::execute() failed: SQLSTATE[22001]: String data, right truncated: 1406 Data too long for column 'pages' at row 1. The SQL statement executed was: UPDATE `book` SET `id`=:yp0, `book_name`=:yp1, `book_url`=:yp2, `author`=:yp3, `publisher`=:yp4, `language`=:yp5, `mrp`=:yp6, `discount_price`=:yp7, `isbn`=:yp8, `edition`=:yp9, `stock_status`=:yp10, `pages`=:yp11, `length`=:yp12, `width`=:yp13, `height`=:yp14, `weight`=:yp15, `binding`=:yp16, `description`=:yp17, `image_main_url`=:yp18, `image_thumb_url`=:yp19, `category_id`=:yp20, `publisher_id`=:yp21, `isCompleted`=:yp22 WHERE `book`.`id`=1.
in /var/www/html/mcscrap/protected/controllers/SiteController.php (89)
in /var/www/html/mcscrap/index.php (14)
2017/07/20 17:36:01 [error] [exception.CDbException] CDbException: CDbCommand failed to execute the SQL statement: SQLSTATE[22001]: String data, right truncated: 1406 Data too long for column 'pages' at row 1. The SQL statement executed was: UPDATE `book` SET `id`=:yp0, `book_name`=:yp1, `book_url`=:yp2, `author`=:yp3, `publisher`=:yp4, `language`=:yp5, `mrp`=:yp6, `discount_price`=:yp7, `isbn`=:yp8, `edition`=:yp9, `stock_status`=:yp10, `pages`=:yp11, `length`=:yp12, `width`=:yp13, `height`=:yp14, `weight`=:yp15, `binding`=:yp16, `description`=:yp17, `image_main_url`=:yp18, `image_thumb_url`=:yp19, `category_id`=:yp20, `publisher_id`=:yp21, `isCompleted`=:yp22 WHERE `book`.`id`=1 in /var/www/html/yii/db/CDbCommand.php:358
Stack trace:
#0 /var/www/html/yii/db/ar/CActiveRecord.php(1753): CDbCommand->execute()
#1 /var/www/html/yii/db/ar/CActiveRecord.php(1127): CActiveRecord->updateByPk('1', Array)
#2 /var/www/html/yii/db/ar/CActiveRecord.php(809): CActiveRecord->update(NULL)
#3 /var/www/html/mcscrap/protected/controllers/SiteController.php(89): CActiveRecord->save(false)
#4 /var/www/html/yii/web/actions/CInlineAction.php(49): SiteController->actionBookdetails()
#5 /var/www/html/yii/web/CController.php(308): CInlineAction->runWithParams(Array)
#6 /var/www/html/yii/web/CController.php(286): CController->runAction(Object(CInlineAction))
#7 /var/www/html/yii/web/CController.php(265): CController->runActionWithFilters(Object(CInlineAction), Array)
#8 /var/www/html/yii/web/CWebApplication.php(282): CController->run('bookdetails')
#9 /var/www/html/yii/web/CWebApplication.php(141): CWebApplication->runController('site/bookdetail...')
#10 /var/www/html/yii/base/CApplication.php(185): CWebApplication->processRequest()
#11 /var/www/html/mcscrap/index.php(14): CApplication->run()
#12 {main}
REQUEST_URI=/mcscrap/index.php/site/bookdetails
---
2017/07/21 18:20:51 [error] [php] Array to string conversion (/var/www/html/mcscrap/protected/controllers/SiteController.php:40)
Stack trace:
#0 /var/www/html/yii/web/CController.php(286): SiteController->runAction()
#1 /var/www/html/yii/web/CController.php(265): SiteController->runActionWithFilters()
#2 /var/www/html/yii/web/CWebApplication.php(282): SiteController->run()
#3 /var/www/html/yii/web/CWebApplication.php(141): CWebApplication->runController()
#4 /var/www/html/yii/base/CApplication.php(185): CWebApplication->processRequest()
#5 /var/www/html/mcscrap/index.php(14): CWebApplication->run()
REQUEST_URI=/mcscrap/
in /var/www/html/mcscrap/protected/controllers/SiteController.php (40)
in /var/www/html/mcscrap/index.php (14)
2017/07/21 18:21:07 [error] [php] Object of class Book could not be converted to string (/var/www/html/mcscrap/protected/controllers/SiteController.php:40)
Stack trace:
#0 /var/www/html/yii/web/CController.php(286): SiteController->runAction()
#1 /var/www/html/yii/web/CController.php(265): SiteController->runActionWithFilters()
#2 /var/www/html/yii/web/CWebApplication.php(282): SiteController->run()
#3 /var/www/html/yii/web/CWebApplication.php(141): CWebApplication->runController()
#4 /var/www/html/yii/base/CApplication.php(185): CWebApplication->processRequest()
#5 /var/www/html/mcscrap/index.php(14): CWebApplication->run()
REQUEST_URI=/mcscrap/
in /var/www/html/mcscrap/protected/controllers/SiteController.php (40)
in /var/www/html/mcscrap/index.php (14)
2017/07/21 18:22:46 [error] [exception.ParseError] ParseError: syntax error, unexpected '=>' (T_DOUBLE_ARROW), expecting ',' or ')' in /var/www/html/mcscrap/protected/controllers/SiteController.php:41
Stack trace:
#0 /var/www/html/yii/web/CWebApplication.php(276): CWebApplication->createController('')
#1 /var/www/html/yii/web/CWebApplication.php(141): CWebApplication->runController('')
#2 /var/www/html/yii/base/CApplication.php(185): CWebApplication->processRequest()
#3 /var/www/html/mcscrap/index.php(14): CApplication->run()
#4 {main}
REQUEST_URI=/mcscrap/
---
2017/07/21 18:23:11 [error] [exception.CException] CException: Property "CDbCriteria.publisher_id" is not defined. in /var/www/html/yii/base/CComponent.php:173
Stack trace:
#0 /var/www/html/yii/db/schema/CDbCriteria.php(160): CComponent->__set('publisher_id', '1')
#1 /var/www/html/yii/db/schema/CDbCommandBuilder.php(588): CDbCriteria->__construct(Array)
#2 /var/www/html/yii/db/ar/CActiveRecord.php(1602): CDbCommandBuilder->createCriteria(Array, Array)
#3 /var/www/html/mcscrap/protected/controllers/SiteController.php(41): CActiveRecord->count(Array)
#4 /var/www/html/yii/web/actions/CInlineAction.php(49): SiteController->actionIndex()
#5 /var/www/html/yii/web/CController.php(308): CInlineAction->runWithParams(Array)
#6 /var/www/html/yii/web/CController.php(286): CController->runAction(Object(CInlineAction))
#7 /var/www/html/yii/web/CController.php(265): CController->runActionWithFilters(Object(CInlineAction), Array)
#8 /var/www/html/yii/web/CWebApplication.php(282): CController->run('')
#9 /var/www/html/yii/web/CWebApplication.php(141): CWebApplication->runController('')
#10 /var/www/html/yii/base/CApplication.php(185): CWebApplication->processRequest()
#11 /var/www/html/mcscrap/index.php(14): CApplication->run()
#12 {main}
REQUEST_URI=/mcscrap/
---
2017/07/21 18:25:53 [error] [exception.CException] CException: Book and its behaviors do not have a method or closure named "countAllByAttributes". in /var/www/html/yii/base/CComponent.php:266
Stack trace:
#0 /var/www/html/yii/db/ar/CActiveRecord.php(227): CComponent->__call('countAllByAttri...', Array)
#1 /var/www/html/mcscrap/protected/controllers/SiteController.php(41): CActiveRecord->__call('countAllByAttri...', Array)
#2 /var/www/html/yii/web/actions/CInlineAction.php(49): SiteController->actionIndex()
#3 /var/www/html/yii/web/CController.php(308): CInlineAction->runWithParams(Array)
#4 /var/www/html/yii/web/CController.php(286): CController->runAction(Object(CInlineAction))
#5 /var/www/html/yii/web/CController.php(265): CController->runActionWithFilters(Object(CInlineAction), Array)
#6 /var/www/html/yii/web/CWebApplication.php(282): CController->run('')
#7 /var/www/html/yii/web/CWebApplication.php(141): CWebApplication->runController('')
#8 /var/www/html/yii/base/CApplication.php(185): CWebApplication->processRequest()
#9 /var/www/html/mcscrap/index.php(14): CApplication->run()
#10 {main}
REQUEST_URI=/mcscrap/
---
2017/07/21 18:41:09 [error] [system.db.CDbCommand] CDbCommand::execute() failed: SQLSTATE[HY000]: General error: 1364 Field 'product_id' doesn't have a default value. The SQL statement executed was: INSERT INTO `book` (`book_name`, `mrp`, `discount_price`, `book_url`, `image_thumb_url`, `publisher_id`, `category_id`) VALUES (:yp0, :yp1, :yp2, :yp3, :yp4, :yp5, :yp6).
in /var/www/html/mcscrap/protected/controllers/SiteController.php (63)
in /var/www/html/mcscrap/index.php (14)
2017/07/21 18:41:09 [error] [exception.CDbException] CDbException: CDbCommand failed to execute the SQL statement: SQLSTATE[HY000]: General error: 1364 Field 'product_id' doesn't have a default value. The SQL statement executed was: INSERT INTO `book` (`book_name`, `mrp`, `discount_price`, `book_url`, `image_thumb_url`, `publisher_id`, `category_id`) VALUES (:yp0, :yp1, :yp2, :yp3, :yp4, :yp5, :yp6) in /var/www/html/yii/db/CDbCommand.php:358
Stack trace:
#0 /var/www/html/yii/db/ar/CActiveRecord.php(1080): CDbCommand->execute()
#1 /var/www/html/yii/db/ar/CActiveRecord.php(809): CActiveRecord->insert(NULL)
#2 /var/www/html/mcscrap/protected/controllers/SiteController.php(63): CActiveRecord->save(false)
#3 /var/www/html/yii/web/actions/CInlineAction.php(49): SiteController->actionIndex()
#4 /var/www/html/yii/web/CController.php(308): CInlineAction->runWithParams(Array)
#5 /var/www/html/yii/web/CController.php(286): CController->runAction(Object(CInlineAction))
#6 /var/www/html/yii/web/CController.php(265): CController->runActionWithFilters(Object(CInlineAction), Array)
#7 /var/www/html/yii/web/CWebApplication.php(282): CController->run('')
#8 /var/www/html/yii/web/CWebApplication.php(141): CWebApplication->runController('')
#9 /var/www/html/yii/base/CApplication.php(185): CWebApplication->processRequest()
#10 /var/www/html/mcscrap/index.php(14): CApplication->run()
#11 {main}
REQUEST_URI=/mcscrap/index.php
---
2017/07/21 18:41:51 [error] [system.db.CDbCommand] CDbCommand::execute() failed: SQLSTATE[HY000]: General error: 1364 Field 'product_id' doesn't have a default value. The SQL statement executed was: INSERT INTO `book` (`book_name`, `mrp`, `discount_price`, `book_url`, `image_thumb_url`, `publisher_id`, `category_id`) VALUES (:yp0, :yp1, :yp2, :yp3, :yp4, :yp5, :yp6).
in /var/www/html/mcscrap/protected/controllers/SiteController.php (63)
in /var/www/html/mcscrap/index.php (14)
2017/07/21 18:41:51 [error] [exception.CDbException] CDbException: CDbCommand failed to execute the SQL statement: SQLSTATE[HY000]: General error: 1364 Field 'product_id' doesn't have a default value. The SQL statement executed was: INSERT INTO `book` (`book_name`, `mrp`, `discount_price`, `book_url`, `image_thumb_url`, `publisher_id`, `category_id`) VALUES (:yp0, :yp1, :yp2, :yp3, :yp4, :yp5, :yp6) in /var/www/html/yii/db/CDbCommand.php:358
Stack trace:
#0 /var/www/html/yii/db/ar/CActiveRecord.php(1080): CDbCommand->execute()
#1 /var/www/html/yii/db/ar/CActiveRecord.php(809): CActiveRecord->insert(NULL)
#2 /var/www/html/mcscrap/protected/controllers/SiteController.php(63): CActiveRecord->save(false)
#3 /var/www/html/yii/web/actions/CInlineAction.php(49): SiteController->actionIndex()
#4 /var/www/html/yii/web/CController.php(308): CInlineAction->runWithParams(Array)
#5 /var/www/html/yii/web/CController.php(286): CController->runAction(Object(CInlineAction))
#6 /var/www/html/yii/web/CController.php(265): CController->runActionWithFilters(Object(CInlineAction), Array)
#7 /var/www/html/yii/web/CWebApplication.php(282): CController->run('')
#8 /var/www/html/yii/web/CWebApplication.php(141): CWebApplication->runController('')
#9 /var/www/html/yii/base/CApplication.php(185): CWebApplication->processRequest()
#10 /var/www/html/mcscrap/index.php(14): CApplication->run()
#11 {main}
REQUEST_URI=/mcscrap/index.php
---
2017/07/21 18:42:42 [error] [system.db.CDbCommand] CDbCommand::execute() failed: SQLSTATE[HY000]: General error: 1364 Field 'product_id' doesn't have a default value. The SQL statement executed was: INSERT INTO `book` (`book_name`, `mrp`, `discount_price`, `book_url`, `image_thumb_url`, `publisher_id`, `category_id`) VALUES (:yp0, :yp1, :yp2, :yp3, :yp4, :yp5, :yp6).
in /var/www/html/mcscrap/protected/controllers/SiteController.php (63)
in /var/www/html/mcscrap/index.php (14)
2017/07/21 18:42:42 [error] [exception.CDbException] CDbException: CDbCommand failed to execute the SQL statement: SQLSTATE[HY000]: General error: 1364 Field 'product_id' doesn't have a default value. The SQL statement executed was: INSERT INTO `book` (`book_name`, `mrp`, `discount_price`, `book_url`, `image_thumb_url`, `publisher_id`, `category_id`) VALUES (:yp0, :yp1, :yp2, :yp3, :yp4, :yp5, :yp6) in /var/www/html/yii/db/CDbCommand.php:358
Stack trace:
#0 /var/www/html/yii/db/ar/CActiveRecord.php(1080): CDbCommand->execute()
#1 /var/www/html/yii/db/ar/CActiveRecord.php(809): CActiveRecord->insert(NULL)
#2 /var/www/html/mcscrap/protected/controllers/SiteController.php(63): CActiveRecord->save(false)
#3 /var/www/html/yii/web/actions/CInlineAction.php(49): SiteController->actionIndex()
#4 /var/www/html/yii/web/CController.php(308): CInlineAction->runWithParams(Array)
#5 /var/www/html/yii/web/CController.php(286): CController->runAction(Object(CInlineAction))
#6 /var/www/html/yii/web/CController.php(265): CController->runActionWithFilters(Object(CInlineAction), Array)
#7 /var/www/html/yii/web/CWebApplication.php(282): CController->run('')
#8 /var/www/html/yii/web/CWebApplication.php(141): CWebApplication->runController('')
#9 /var/www/html/yii/base/CApplication.php(185): CWebApplication->processRequest()
#10 /var/www/html/mcscrap/index.php(14): CApplication->run()
#11 {main}
REQUEST_URI=/mcscrap/index.php
---
2017/07/21 19:59:08 [error] [php] file_get_contents(): Filename cannot be empty (/var/www/html/mcscrap/protected/controllers/SiteController.php:134)
Stack trace:
#0 /var/www/html/yii/web/CController.php(308): CInlineAction->runWithParams()
#1 /var/www/html/yii/web/CController.php(286): SiteController->runAction()
#2 /var/www/html/yii/web/CController.php(265): SiteController->runActionWithFilters()
#3 /var/www/html/yii/web/CWebApplication.php(282): SiteController->run()
#4 /var/www/html/yii/web/CWebApplication.php(141): CWebApplication->runController()
#5 /var/www/html/yii/base/CApplication.php(185): CWebApplication->processRequest()
#6 /var/www/html/mcscrap/index.php(14): CWebApplication->run()
REQUEST_URI=/mcscrap/index.php/site/pushimage
in /var/www/html/mcscrap/protected/controllers/SiteController.php (134)
in /var/www/html/mcscrap/index.php (14)
2017/07/21 20:00:22 [error] [php] file_get_contents(//www.arihantbooks.com/image/thumbnails/19/0d/9789311125282_jpg-102623-250x250.jpg): failed to open stream: No such file or directory (/var/www/html/mcscrap/protected/controllers/SiteController.php:135)
Stack trace:
#0 /var/www/html/yii/web/CController.php(308): CInlineAction->runWithParams()
#1 /var/www/html/yii/web/CController.php(286): SiteController->runAction()
#2 /var/www/html/yii/web/CController.php(265): SiteController->runActionWithFilters()
#3 /var/www/html/yii/web/CWebApplication.php(282): SiteController->run()
#4 /var/www/html/yii/web/CWebApplication.php(141): CWebApplication->runController()
#5 /var/www/html/yii/base/CApplication.php(185): CWebApplication->processRequest()
#6 /var/www/html/mcscrap/index.php(14): CWebApplication->run()
REQUEST_URI=/mcscrap/index.php/site/pushimage
in /var/www/html/mcscrap/protected/controllers/SiteController.php (135)
in /var/www/html/mcscrap/index.php (14)
2017/07/21 20:01:35 [error] [php] file_put_contents(/var/www/html/mcscrap/image/data/150064749535.jpg): failed to open stream: Permission denied (/var/www/html/mcscrap/protected/controllers/SiteController.php:137)
Stack trace:
#0 /var/www/html/yii/web/CController.php(308): CInlineAction->runWithParams()
#1 /var/www/html/yii/web/CController.php(286): SiteController->runAction()
#2 /var/www/html/yii/web/CController.php(265): SiteController->runActionWithFilters()
#3 /var/www/html/yii/web/CWebApplication.php(282): SiteController->run()
#4 /var/www/html/yii/web/CWebApplication.php(141): CWebApplication->runController()
#5 /var/www/html/yii/base/CApplication.php(185): CWebApplication->processRequest()
#6 /var/www/html/mcscrap/index.php(14): CWebApplication->run()
REQUEST_URI=/mcscrap/index.php/site/pushimage
in /var/www/html/mcscrap/protected/controllers/SiteController.php (137)
in /var/www/html/mcscrap/index.php (14)
2017/07/23 19:17:24 [error] [exception.CException] CException: SiteController and its behaviors do not have a method or closure named "filter_number_from_string". in /var/www/html/yii/base/CComponent.php:266
Stack trace:
#0 /var/www/html/mcscrap/protected/controllers/SiteController.php(246): CComponent->__call('filter_number_f...', Array)
#1 /var/www/html/mcscrap/protected/controllers/SiteController.php(275): SiteController->processDiscount(350)
#2 /var/www/html/mcscrap/protected/controllers/SiteController.php(240): SiteController->calculateDiscount(350)
#3 /var/www/html/yii/web/actions/CInlineAction.php(49): SiteController->actionDiscount()
#4 /var/www/html/yii/web/CController.php(308): CInlineAction->runWithParams(Array)
#5 /var/www/html/yii/web/CController.php(286): CController->runAction(Object(CInlineAction))
#6 /var/www/html/yii/web/CController.php(265): CController->runActionWithFilters(Object(CInlineAction), Array)
#7 /var/www/html/yii/web/CWebApplication.php(282): CController->run('discount')
#8 /var/www/html/yii/web/CWebApplication.php(141): CWebApplication->runController('site/discount')
#9 /var/www/html/yii/base/CApplication.php(185): CWebApplication->processRequest()
#10 /var/www/html/mcscrap/index.php(14): CApplication->run()
#11 {main}
REQUEST_URI=/mcscrap/index.php/site/discount
---
2017/07/23 19:28:52 [error] [system.db.CDbCommand] CDbCommand::execute() failed: SQLSTATE[HY000]: General error: 1364 Field 'discount_price' doesn't have a default value. The SQL statement executed was: INSERT INTO `book` (`book_name`, `mrp`, `book_url`, `image_thumb_url`, `publisher_id`, `category_id`, `product_id`) VALUES (:yp0, :yp1, :yp2, :yp3, :yp4, :yp5, :yp6).
in /var/www/html/mcscrap/protected/controllers/SiteController.php (64)
in /var/www/html/mcscrap/index.php (14)
2017/07/23 19:28:52 [error] [exception.CDbException] CDbException: CDbCommand failed to execute the SQL statement: SQLSTATE[HY000]: General error: 1364 Field 'discount_price' doesn't have a default value. The SQL statement executed was: INSERT INTO `book` (`book_name`, `mrp`, `book_url`, `image_thumb_url`, `publisher_id`, `category_id`, `product_id`) VALUES (:yp0, :yp1, :yp2, :yp3, :yp4, :yp5, :yp6) in /var/www/html/yii/db/CDbCommand.php:358
Stack trace:
#0 /var/www/html/yii/db/ar/CActiveRecord.php(1080): CDbCommand->execute()
#1 /var/www/html/yii/db/ar/CActiveRecord.php(809): CActiveRecord->insert(NULL)
#2 /var/www/html/mcscrap/protected/controllers/SiteController.php(64): CActiveRecord->save(false)
#3 /var/www/html/yii/web/actions/CInlineAction.php(49): SiteController->actionIndex()
#4 /var/www/html/yii/web/CController.php(308): CInlineAction->runWithParams(Array)
#5 /var/www/html/yii/web/CController.php(286): CController->runAction(Object(CInlineAction))
#6 /var/www/html/yii/web/CController.php(265): CController->runActionWithFilters(Object(CInlineAction), Array)
#7 /var/www/html/yii/web/CWebApplication.php(282): CController->run('')
#8 /var/www/html/yii/web/CWebApplication.php(141): CWebApplication->runController('')
#9 /var/www/html/yii/base/CApplication.php(185): CWebApplication->processRequest()
#10 /var/www/html/mcscrap/index.php(14): CApplication->run()
#11 {main}
REQUEST_URI=/mcscrap/index.php
---
2017/07/23 19:29:39 [error] [system.db.CDbCommand] CDbCommand::execute() failed: SQLSTATE[HY000]: General error: 1364 Field 'discount_price' doesn't have a default value. The SQL statement executed was: INSERT INTO `book` (`book_name`, `mrp`, `book_url`, `image_thumb_url`, `publisher_id`, `category_id`, `product_id`) VALUES (:yp0, :yp1, :yp2, :yp3, :yp4, :yp5, :yp6).
in /var/www/html/mcscrap/protected/controllers/SiteController.php (64)
in /var/www/html/mcscrap/index.php (14)
2017/07/23 19:29:39 [error] [exception.CDbException] CDbException: CDbCommand failed to execute the SQL statement: SQLSTATE[HY000]: General error: 1364 Field 'discount_price' doesn't have a default value. The SQL statement executed was: INSERT INTO `book` (`book_name`, `mrp`, `book_url`, `image_thumb_url`, `publisher_id`, `category_id`, `product_id`) VALUES (:yp0, :yp1, :yp2, :yp3, :yp4, :yp5, :yp6) in /var/www/html/yii/db/CDbCommand.php:358
Stack trace:
#0 /var/www/html/yii/db/ar/CActiveRecord.php(1080): CDbCommand->execute()
#1 /var/www/html/yii/db/ar/CActiveRecord.php(809): CActiveRecord->insert(NULL)
#2 /var/www/html/mcscrap/protected/controllers/SiteController.php(64): CActiveRecord->save(false)
#3 /var/www/html/yii/web/actions/CInlineAction.php(49): SiteController->actionIndex()
#4 /var/www/html/yii/web/CController.php(308): CInlineAction->runWithParams(Array)
#5 /var/www/html/yii/web/CController.php(286): CController->runAction(Object(CInlineAction))
#6 /var/www/html/yii/web/CController.php(265): CController->runActionWithFilters(Object(CInlineAction), Array)
#7 /var/www/html/yii/web/CWebApplication.php(282): CController->run('')
#8 /var/www/html/yii/web/CWebApplication.php(141): CWebApplication->runController('')
#9 /var/www/html/yii/base/CApplication.php(185): CWebApplication->processRequest()
#10 /var/www/html/mcscrap/index.php(14): CApplication->run()
#11 {main}
REQUEST_URI=/mcscrap/index.php
---
2017/07/23 21:31:45 [error] [system.db.CDbCommand] CDbCommand::execute() failed: SQLSTATE[HY000]: General error: 1364 Field 'discount_price' doesn't have a default value. The SQL statement executed was: INSERT INTO `book` (`book_name`, `mrp`, `book_url`, `image_thumb_url`, `publisher_id`, `category_id`, `product_id`) VALUES (:yp0, :yp1, :yp2, :yp3, :yp4, :yp5, :yp6).
in /var/www/html/mcscrap/protected/controllers/SiteController.php (64)
in /var/www/html/mcscrap/index.php (14)
2017/07/23 21:31:45 [error] [exception.CDbException] CDbException: CDbCommand failed to execute the SQL statement: SQLSTATE[HY000]: General error: 1364 Field 'discount_price' doesn't have a default value. The SQL statement executed was: INSERT INTO `book` (`book_name`, `mrp`, `book_url`, `image_thumb_url`, `publisher_id`, `category_id`, `product_id`) VALUES (:yp0, :yp1, :yp2, :yp3, :yp4, :yp5, :yp6) in /var/www/html/yii/db/CDbCommand.php:358
Stack trace:
#0 /var/www/html/yii/db/ar/CActiveRecord.php(1080): CDbCommand->execute()
#1 /var/www/html/yii/db/ar/CActiveRecord.php(809): CActiveRecord->insert(NULL)
#2 /var/www/html/mcscrap/protected/controllers/SiteController.php(64): CActiveRecord->save(false)
#3 /var/www/html/yii/web/actions/CInlineAction.php(49): SiteController->actionIndex()
#4 /var/www/html/yii/web/CController.php(308): CInlineAction->runWithParams(Array)
#5 /var/www/html/yii/web/CController.php(286): CController->runAction(Object(CInlineAction))
#6 /var/www/html/yii/web/CController.php(265): CController->runActionWithFilters(Object(CInlineAction), Array)
#7 /var/www/html/yii/web/CWebApplication.php(282): CController->run('')
#8 /var/www/html/yii/web/CWebApplication.php(141): CWebApplication->runController('')
#9 /var/www/html/yii/base/CApplication.php(185): CWebApplication->processRequest()
#10 /var/www/html/mcscrap/index.php(14): CApplication->run()
#11 {main}
REQUEST_URI=/mcscrap/index.php
---
2017/07/23 21:55:40 [error] [exception.CException] CException: SiteController and its behaviors do not have a method or closure named "roundUpToAny". in /var/www/html/yii/base/CComponent.php:266
Stack trace:
#0 /var/www/html/mcscrap/protected/controllers/SiteController.php(285): CComponent->__call('roundUpToAny', Array)
#1 /var/www/html/mcscrap/protected/controllers/SiteController.php(275): SiteController->filter_number_from_string('.390')
#2 /var/www/html/mcscrap/protected/controllers/SiteController.php(58): SiteController->calculateDiscount('Rs.390')
#3 /var/www/html/yii/web/actions/CInlineAction.php(49): SiteController->actionIndex()
#4 /var/www/html/yii/web/CController.php(308): CInlineAction->runWithParams(Array)
#5 /var/www/html/yii/web/CController.php(286): CController->runAction(Object(CInlineAction))
#6 /var/www/html/yii/web/CController.php(265): CController->runActionWithFilters(Object(CInlineAction), Array)
#7 /var/www/html/yii/web/CWebApplication.php(282): CController->run('')
#8 /var/www/html/yii/web/CWebApplication.php(141): CWebApplication->runController('')
#9 /var/www/html/yii/base/CApplication.php(185): CWebApplication->processRequest()
#10 /var/www/html/mcscrap/index.php(14): CApplication->run()
#11 {main}
REQUEST_URI=/mcscrap/index.php
---
2017/07/24 19:44:39 [error] [php] Creating default object from empty value (/var/www/html/mcscrap/protected/controllers/SiteController.php:92)
Stack trace:
#0 /var/www/html/yii/web/CController.php(286): SiteController->runAction()
#1 /var/www/html/yii/web/CController.php(265): SiteController->runActionWithFilters()
#2 /var/www/html/yii/web/CWebApplication.php(282): SiteController->run()
#3 /var/www/html/yii/web/CWebApplication.php(141): CWebApplication->runController()
#4 /var/www/html/yii/base/CApplication.php(185): CWebApplication->processRequest()
#5 /var/www/html/mcscrap/index.php(14): CWebApplication->run()
REQUEST_URI=/mcscrap/index.php/site/bookdetails
in /var/www/html/mcscrap/protected/controllers/SiteController.php (92)
in /var/www/html/mcscrap/index.php (14)
2017/07/24 19:49:19 [error] [exception.InvalidArgumentException] InvalidArgumentException: The current node list is empty. in /var/www/html/mcscrap/vendor/symfony/dom-crawler/Crawler.php:584
Stack trace:
#0 /var/www/html/mcscrap/protected/controllers/SiteController.php(97): Symfony\Component\DomCrawler\Crawler->html()
#1 /var/www/html/yii/web/actions/CInlineAction.php(49): SiteController->actionBookdetails()
#2 /var/www/html/yii/web/CController.php(308): CInlineAction->runWithParams(Array)
#3 /var/www/html/yii/web/CController.php(286): CController->runAction(Object(CInlineAction))
#4 /var/www/html/yii/web/CController.php(265): CController->runActionWithFilters(Object(CInlineAction), Array)
#5 /var/www/html/yii/web/CWebApplication.php(282): CController->run('bookdetails')
#6 /var/www/html/yii/web/CWebApplication.php(141): CWebApplication->runController('site/bookdetail...')
#7 /var/www/html/yii/base/CApplication.php(185): CWebApplication->processRequest()
#8 /var/www/html/mcscrap/index.php(14): CApplication->run()
#9 {main}
REQUEST_URI=/mcscrap/index.php/site/bookdetails
---
2017/07/24 19:55:31 [error] [php] Array to string conversion (/var/www/html/yii/db/schema/CDbColumnSchema.php:146)
Stack trace:
#0 /var/www/html/yii/db/ar/CActiveRecord.php(1127): Book->updateByPk()
#1 /var/www/html/yii/db/ar/CActiveRecord.php(809): Book->update()
#2 /var/www/html/mcscrap/protected/controllers/SiteController.php(103): Book->save()
#3 /var/www/html/yii/web/actions/CInlineAction.php(49): SiteController->actionBookdetails()
#4 /var/www/html/yii/web/CController.php(308): CInlineAction->runWithParams()
#5 /var/www/html/yii/web/CController.php(286): SiteController->runAction()
#6 /var/www/html/yii/web/CController.php(265): SiteController->runActionWithFilters()
#7 /var/www/html/yii/web/CWebApplication.php(282): SiteController->run()
#8 /var/www/html/yii/web/CWebApplication.php(141): CWebApplication->runController()
#9 /var/www/html/yii/base/CApplication.php(185): CWebApplication->processRequest()
#10 /var/www/html/mcscrap/index.php(14): CWebApplication->run()
REQUEST_URI=/mcscrap/index.php/site/bookdetails
in /var/www/html/mcscrap/protected/controllers/SiteController.php (103)
in /var/www/html/mcscrap/index.php (14)
2017/07/24 19:58:22 [error] [exception.InvalidArgumentException] InvalidArgumentException: The current node list is empty. in /var/www/html/mcscrap/vendor/symfony/dom-crawler/Crawler.php:584
Stack trace:
#0 /var/www/html/mcscrap/protected/controllers/SiteController.php(95): Symfony\Component\DomCrawler\Crawler->html()
#1 /var/www/html/yii/web/actions/CInlineAction.php(49): SiteController->actionBookdetails()
#2 /var/www/html/yii/web/CController.php(308): CInlineAction->runWithParams(Array)
#3 /var/www/html/yii/web/CController.php(286): CController->runAction(Object(CInlineAction))
#4 /var/www/html/yii/web/CController.php(265): CController->runActionWithFilters(Object(CInlineAction), Array)
#5 /var/www/html/yii/web/CWebApplication.php(282): CController->run('bookdetails')
#6 /var/www/html/yii/web/CWebApplication.php(141): CWebApplication->runController('site/bookdetail...')
#7 /var/www/html/yii/base/CApplication.php(185): CWebApplication->processRequest()
#8 /var/www/html/mcscrap/index.php(14): CApplication->run()
#9 {main}
REQUEST_URI=/mcscrap/index.php/site/bookdetails
---
2017/07/24 20:09:49 [error] [exception.InvalidArgumentException] InvalidArgumentException: The current node list is empty. in /var/www/html/mcscrap/vendor/symfony/dom-crawler/Crawler.php:584
Stack trace:
#0 /var/www/html/mcscrap/protected/controllers/SiteController.php(96): Symfony\Component\DomCrawler\Crawler->html()
#1 /var/www/html/yii/web/actions/CInlineAction.php(49): SiteController->actionBookdetails()
#2 /var/www/html/yii/web/CController.php(308): CInlineAction->runWithParams(Array)
#3 /var/www/html/yii/web/CController.php(286): CController->runAction(Object(CInlineAction))
#4 /var/www/html/yii/web/CController.php(265): CController->runActionWithFilters(Object(CInlineAction), Array)
#5 /var/www/html/yii/web/CWebApplication.php(282): CController->run('bookdetails')
#6 /var/www/html/yii/web/CWebApplication.php(141): CWebApplication->runController('site/bookdetail...')
#7 /var/www/html/yii/base/CApplication.php(185): CWebApplication->processRequest()
#8 /var/www/html/mcscrap/index.php(14): CApplication->run()
#9 {main}
REQUEST_URI=/mcscrap/index.php/site/bookdetails
---
2017/07/24 20:16:43 [error] [php] Array to string conversion (/var/www/html/yii/db/schema/CDbColumnSchema.php:146)
Stack trace:
#0 /var/www/html/yii/db/ar/CActiveRecord.php(1127): Book->updateByPk()
#1 /var/www/html/yii/db/ar/CActiveRecord.php(809): Book->update()
#2 /var/www/html/mcscrap/protected/controllers/SiteController.php(106): Book->save()
#3 /var/www/html/yii/web/actions/CInlineAction.php(49): SiteController->actionBookdetails()
#4 /var/www/html/yii/web/CController.php(308): CInlineAction->runWithParams()
#5 /var/www/html/yii/web/CController.php(286): SiteController->runAction()
#6 /var/www/html/yii/web/CController.php(265): SiteController->runActionWithFilters()
#7 /var/www/html/yii/web/CWebApplication.php(282): SiteController->run()
#8 /var/www/html/yii/web/CWebApplication.php(141): CWebApplication->runController()
#9 /var/www/html/yii/base/CApplication.php(185): CWebApplication->processRequest()
#10 /var/www/html/mcscrap/index.php(14): CWebApplication->run()
REQUEST_URI=/mcscrap/index.php/site/bookdetails
in /var/www/html/mcscrap/protected/controllers/SiteController.php (106)
in /var/www/html/mcscrap/index.php (14)
2017/07/24 20:19:11 [error] [php] Array to string conversion (/var/www/html/yii/db/schema/CDbColumnSchema.php:146)
Stack trace:
#0 /var/www/html/yii/db/ar/CActiveRecord.php(1127): Book->updateByPk()
#1 /var/www/html/yii/db/ar/CActiveRecord.php(809): Book->update()
#2 /var/www/html/mcscrap/protected/controllers/SiteController.php(106): Book->save()
#3 /var/www/html/yii/web/actions/CInlineAction.php(49): SiteController->actionBookdetails()
#4 /var/www/html/yii/web/CController.php(308): CInlineAction->runWithParams()
#5 /var/www/html/yii/web/CController.php(286): SiteController->runAction()
#6 /var/www/html/yii/web/CController.php(265): SiteController->runActionWithFilters()
#7 /var/www/html/yii/web/CWebApplication.php(282): SiteController->run()
#8 /var/www/html/yii/web/CWebApplication.php(141): CWebApplication->runController()
#9 /var/www/html/yii/base/CApplication.php(185): CWebApplication->processRequest()
#10 /var/www/html/mcscrap/index.php(14): CWebApplication->run()
REQUEST_URI=/mcscrap/index.php/site/bookdetails
in /var/www/html/mcscrap/protected/controllers/SiteController.php (106)
in /var/www/html/mcscrap/index.php (14)
2017/07/24 20:19:32 [error] [php] Array to string conversion (/var/www/html/yii/db/schema/CDbColumnSchema.php:146)
Stack trace:
#0 /var/www/html/yii/db/ar/CActiveRecord.php(1127): Book->updateByPk()
#1 /var/www/html/mcscrap/protected/controllers/SiteController.php(106): Book->update()
#2 /var/www/html/yii/web/actions/CInlineAction.php(49): SiteController->actionBookdetails()
#3 /var/www/html/yii/web/CController.php(308): CInlineAction->runWithParams()
#4 /var/www/html/yii/web/CController.php(286): SiteController->runAction()
#5 /var/www/html/yii/web/CController.php(265): SiteController->runActionWithFilters()
#6 /var/www/html/yii/web/CWebApplication.php(282): SiteController->run()
#7 /var/www/html/yii/web/CWebApplication.php(141): CWebApplication->runController()
#8 /var/www/html/yii/base/CApplication.php(185): CWebApplication->processRequest()
#9 /var/www/html/mcscrap/index.php(14): CWebApplication->run()
REQUEST_URI=/mcscrap/index.php/site/bookdetails
in /var/www/html/mcscrap/protected/controllers/SiteController.php (106)
in /var/www/html/mcscrap/index.php (14)
2017/07/24 20:34:10 [error] [exception.CException] CException: Property "Book.0" is not defined. in /var/www/html/yii/base/CComponent.php:130
Stack trace:
#0 /var/www/html/yii/db/ar/CActiveRecord.php(145): CComponent->__get('0')
#1 /var/www/html/yii/base/CModel.php(596): CActiveRecord->__get('0')
#2 /var/www/html/mcscrap/protected/controllers/SiteController.php(85): CModel->offsetGet(0)
#3 /var/www/html/yii/web/actions/CInlineAction.php(49): SiteController->actionBookdetails()
#4 /var/www/html/yii/web/CController.php(308): CInlineAction->runWithParams(Array)
#5 /var/www/html/yii/web/CController.php(286): CController->runAction(Object(CInlineAction))
#6 /var/www/html/yii/web/CController.php(265): CController->runActionWithFilters(Object(CInlineAction), Array)
#7 /var/www/html/yii/web/CWebApplication.php(282): CController->run('bookdetails')
#8 /var/www/html/yii/web/CWebApplication.php(141): CWebApplication->runController('site/bookdetail...')
#9 /var/www/html/yii/base/CApplication.php(185): CWebApplication->processRequest()
#10 /var/www/html/mcscrap/index.php(14): CApplication->run()
#11 {main}
REQUEST_URI=/mcscrap/index.php/site/bookdetails
---
2017/07/24 20:34:41 [error] [exception.CException] CException: Property "Book.0" is not defined. in /var/www/html/yii/base/CComponent.php:130
Stack trace:
#0 /var/www/html/yii/db/ar/CActiveRecord.php(145): CComponent->__get('0')
#1 /var/www/html/yii/base/CModel.php(596): CActiveRecord->__get('0')
#2 /var/www/html/mcscrap/protected/controllers/SiteController.php(85): CModel->offsetGet(0)
#3 /var/www/html/yii/web/actions/CInlineAction.php(49): SiteController->actionBookdetails()
#4 /var/www/html/yii/web/CController.php(308): CInlineAction->runWithParams(Array)
#5 /var/www/html/yii/web/CController.php(286): CController->runAction(Object(CInlineAction))
#6 /var/www/html/yii/web/CController.php(265): CController->runActionWithFilters(Object(CInlineAction), Array)
#7 /var/www/html/yii/web/CWebApplication.php(282): CController->run('bookdetails')
#8 /var/www/html/yii/web/CWebApplication.php(141): CWebApplication->runController('site/bookdetail...')
#9 /var/www/html/yii/base/CApplication.php(185): CWebApplication->processRequest()
#10 /var/www/html/mcscrap/index.php(14): CApplication->run()
#11 {main}
REQUEST_URI=/mcscrap/index.php/site/bookdetails
---
2017/07/24 20:38:42 [error] [php] Array to string conversion (/var/www/html/yii/db/schema/CDbColumnSchema.php:146)
Stack trace:
#0 /var/www/html/yii/db/ar/CActiveRecord.php(1127): Book->updateByPk()
#1 /var/www/html/yii/db/ar/CActiveRecord.php(809): Book->update()
#2 /var/www/html/mcscrap/protected/controllers/SiteController.php(108): Book->save()
#3 /var/www/html/yii/web/actions/CInlineAction.php(49): SiteController->actionBookdetails()
#4 /var/www/html/yii/web/CController.php(308): CInlineAction->runWithParams()
#5 /var/www/html/yii/web/CController.php(286): SiteController->runAction()
#6 /var/www/html/yii/web/CController.php(265): SiteController->runActionWithFilters()
#7 /var/www/html/yii/web/CWebApplication.php(282): SiteController->run()
#8 /var/www/html/yii/web/CWebApplication.php(141): CWebApplication->runController()
#9 /var/www/html/yii/base/CApplication.php(185): CWebApplication->processRequest()
#10 /var/www/html/mcscrap/index.php(14): CWebApplication->run()
REQUEST_URI=/mcscrap/index.php/site/bookdetails
in /var/www/html/mcscrap/protected/controllers/SiteController.php (108)
in /var/www/html/mcscrap/index.php (14)
2017/07/24 20:55:25 [error] [exception.ParseError] ParseError: syntax error, unexpected ',' in /var/www/html/mcscrap/protected/controllers/SiteController.php:100
Stack trace:
#0 /var/www/html/yii/web/CWebApplication.php(276): CWebApplication->createController('bookdetails/')
#1 /var/www/html/yii/web/CWebApplication.php(141): CWebApplication->runController('site/bookdetail...')
#2 /var/www/html/yii/base/CApplication.php(185): CWebApplication->processRequest()
#3 /var/www/html/mcscrap/index.php(14): CApplication->run()
#4 {main}
REQUEST_URI=/mcscrap/index.php/site/bookdetails
---
2017/07/24 21:01:58 [error] [exception.GuzzleHttp\Exception\ConnectException] GuzzleHttp\Exception\ConnectException: cURL error 7: Failed to connect to www.arihantbooks.com port 443: Connection timed out (see http://curl.haxx.se/libcurl/c/libcurl-errors.html) in /var/www/html/mcscrap/vendor/guzzlehttp/guzzle/src/Handler/CurlFactory.php:186
Stack trace:
#0 /var/www/html/mcscrap/vendor/guzzlehttp/guzzle/src/Handler/CurlFactory.php(150): GuzzleHttp\Handler\CurlFactory::createRejection(Object(GuzzleHttp\Handler\EasyHandle), Array)
#1 /var/www/html/mcscrap/vendor/guzzlehttp/guzzle/src/Handler/CurlFactory.php(103): GuzzleHttp\Handler\CurlFactory::finishError(Object(GuzzleHttp\Handler\CurlHandler), Object(GuzzleHttp\Handler\EasyHandle), Object(GuzzleHttp\Handler\CurlFactory))
#2 /var/www/html/mcscrap/vendor/guzzlehttp/guzzle/src/Handler/CurlHandler.php(43): GuzzleHttp\Handler\CurlFactory::finish(Object(GuzzleHttp\Handler\CurlHandler), Object(GuzzleHttp\Handler\EasyHandle), Object(GuzzleHttp\Handler\CurlFactory))
#3 /var/www/html/mcscrap/vendor/guzzlehttp/guzzle/src/Handler/Proxy.php(28): GuzzleHttp\Handler\CurlHandler->__invoke(Object(GuzzleHttp\Psr7\Request), Array)
#4 /var/www/html/mcscrap/vendor/guzzlehttp/guzzle/src/Handler/Proxy.php(51): GuzzleHttp\Handler\Proxy::GuzzleHttp\Handler\{closure}(Object(GuzzleHttp\Psr7\Request), Array)
#5 /var/www/html/mcscrap/vendor/guzzlehttp/guzzle/src/PrepareBodyMiddleware.php(37): GuzzleHttp\Handler\Proxy::GuzzleHttp\Handler\{closure}(Object(GuzzleHttp\Psr7\Request), Array)
#6 /var/www/html/mcscrap/vendor/guzzlehttp/guzzle/src/Middleware.php(30): GuzzleHttp\PrepareBodyMiddleware->__invoke(Object(GuzzleHttp\Psr7\Request), Array)
#7 /var/www/html/mcscrap/vendor/guzzlehttp/guzzle/src/RedirectMiddleware.php(70): GuzzleHttp\Middleware::GuzzleHttp\{closure}(Object(GuzzleHttp\Psr7\Request), Array)
#8 /var/www/html/mcscrap/vendor/guzzlehttp/guzzle/src/Middleware.php(59): GuzzleHttp\RedirectMiddleware->__invoke(Object(GuzzleHttp\Psr7\Request), Array)
#9 /var/www/html/mcscrap/vendor/guzzlehttp/guzzle/src/HandlerStack.php(67): GuzzleHttp\Middleware::GuzzleHttp\{closure}(Object(GuzzleHttp\Psr7\Request), Array)
#10 /var/www/html/mcscrap/vendor/guzzlehttp/guzzle/src/Client.php(277): GuzzleHttp\HandlerStack->__invoke(Object(GuzzleHttp\Psr7\Request), Array)
#11 /var/www/html/mcscrap/vendor/guzzlehttp/guzzle/src/Client.php(125): GuzzleHttp\Client->transfer(Object(GuzzleHttp\Psr7\Request), Array)
#12 /var/www/html/mcscrap/vendor/guzzlehttp/guzzle/src/Client.php(131): GuzzleHttp\Client->requestAsync('GET', Object(GuzzleHttp\Psr7\Uri), Array)
#13 /var/www/html/mcscrap/protected/controllers/SiteController.php(89): GuzzleHttp\Client->request('GET', 'https://www.ari...')
#14 /var/www/html/yii/web/actions/CInlineAction.php(49): SiteController->actionBookdetails()
#15 /var/www/html/yii/web/CController.php(308): CInlineAction->runWithParams(Array)
#16 /var/www/html/yii/web/CController.php(286): CController->runAction(Object(CInlineAction))
#17 /var/www/html/yii/web/CController.php(265): CController->runActionWithFilters(Object(CInlineAction), Array)
#18 /var/www/html/yii/web/CWebApplication.php(282): CController->run('bookdetails')
#19 /var/www/html/yii/web/CWebApplication.php(141): CWebApplication->runController('site/bookdetail...')
#20 /var/www/html/yii/base/CApplication.php(185): CWebApplication->processRequest()
#21 /var/www/html/mcscrap/index.php(14): CApplication->run()
#22 {main}
REQUEST_URI=/mcscrap/index.php/site/bookdetails
---
2017/07/24 21:45:49 [error] [php] Array to string conversion (/var/www/html/yii/db/schema/CDbColumnSchema.php:146)
Stack trace:
#0 /var/www/html/yii/db/ar/CActiveRecord.php(1127): Book->updateByPk()
#1 /var/www/html/yii/db/ar/CActiveRecord.php(809): Book->update()
#2 /var/www/html/mcscrap/protected/controllers/SiteController.php(110): Book->save()
#3 /var/www/html/yii/web/actions/CInlineAction.php(49): SiteController->actionBookdetails()
#4 /var/www/html/yii/web/CController.php(308): CInlineAction->runWithParams()
#5 /var/www/html/yii/web/CController.php(286): SiteController->runAction()
#6 /var/www/html/yii/web/CController.php(265): SiteController->runActionWithFilters()
#7 /var/www/html/yii/web/CWebApplication.php(282): SiteController->run()
#8 /var/www/html/yii/web/CWebApplication.php(141): CWebApplication->runController()
#9 /var/www/html/yii/base/CApplication.php(185): CWebApplication->processRequest()
#10 /var/www/html/mcscrap/index.php(14): CWebApplication->run()
REQUEST_URI=/mcscrap/index.php/site/bookdetails
in /var/www/html/mcscrap/protected/controllers/SiteController.php (110)
in /var/www/html/mcscrap/index.php (14)
2017/07/25 18:01:04 [error] [php] json_decode() expects parameter 1 to be string, array given (/var/www/html/mcscrap/protected/controllers/SiteController.php:101)
Stack trace:
#0 /var/www/html/yii/web/CController.php(308): CInlineAction->runWithParams()
#1 /var/www/html/yii/web/CController.php(286): SiteController->runAction()
#2 /var/www/html/yii/web/CController.php(265): SiteController->runActionWithFilters()
#3 /var/www/html/yii/web/CWebApplication.php(282): SiteController->run()
#4 /var/www/html/yii/web/CWebApplication.php(141): CWebApplication->runController()
#5 /var/www/html/yii/base/CApplication.php(185): CWebApplication->processRequest()
#6 /var/www/html/mcscrap/index.php(14): CWebApplication->run()
REQUEST_URI=/mcscrap/index.php/site/bookdetails
in /var/www/html/mcscrap/protected/controllers/SiteController.php (101)
in /var/www/html/mcscrap/index.php (14)
2017/07/25 18:44:12 [error] [exception.CHttpException.400] CHttpException: Your request is invalid. in /var/www/html/yii/web/CController.php:336
Stack trace:
#0 /var/www/html/yii/web/CController.php(309): CController->invalidActionParams(Object(CInlineAction))
#1 /var/www/html/yii/web/CController.php(286): CController->runAction(Object(CInlineAction))
#2 /var/www/html/yii/web/CController.php(265): CController->runActionWithFilters(Object(CInlineAction), Array)
#3 /var/www/html/yii/web/CWebApplication.php(282): CController->run('index')
#4 /var/www/html/yii/web/CWebApplication.php(141): CWebApplication->runController('site/index/Phys...')
#5 /var/www/html/yii/base/CApplication.php(185): CWebApplication->processRequest()
#6 /var/www/html/mcscrap/index.php(14): CApplication->run()
#7 {main}
REQUEST_URI=/mcscrap/index.php/site/index/Physics
---
2017/07/25 18:57:16 [error] [exception.CException] CException: SiteController and its behaviors do not have a method or closure named "pushImage". in /var/www/html/yii/base/CComponent.php:266
Stack trace:
#0 /var/www/html/mcscrap/protected/controllers/SiteController.php(326): CComponent->__call('pushImage', Array)
#1 /var/www/html/yii/web/actions/CInlineAction.php(49): SiteController->actionprocessImage()
#2 /var/www/html/yii/web/CController.php(308): CInlineAction->runWithParams(Array)
#3 /var/www/html/yii/web/CController.php(286): CController->runAction(Object(CInlineAction))
#4 /var/www/html/yii/web/CController.php(265): CController->runActionWithFilters(Object(CInlineAction), Array)
#5 /var/www/html/yii/web/CWebApplication.php(282): CController->run('processimage')
#6 /var/www/html/yii/web/CWebApplication.php(141): CWebApplication->runController('site/processima...')
#7 /var/www/html/yii/base/CApplication.php(185): CWebApplication->processRequest()
#8 /var/www/html/mcscrap/index.php(14): CApplication->run()
#9 {main}
REQUEST_URI=/mcscrap/index.php/site/processimage
---
2017/07/25 18:57:48 [error] [exception.CException] CException: Property "Book.url" is not defined. in /var/www/html/yii/base/CComponent.php:130
Stack trace:
#0 /var/www/html/yii/db/ar/CActiveRecord.php(145): CComponent->__get('url')
#1 /var/www/html/yii/base/CModel.php(596): CActiveRecord->__get('url')
#2 /var/www/html/mcscrap/protected/controllers/SiteController.php(255): CModel->offsetGet('url')
#3 /var/www/html/mcscrap/protected/controllers/SiteController.php(326): SiteController->pushImage(Object(Book))
#4 /var/www/html/yii/web/actions/CInlineAction.php(49): SiteController->actionprocessImage()
#5 /var/www/html/yii/web/CController.php(308): CInlineAction->runWithParams(Array)
#6 /var/www/html/yii/web/CController.php(286): CController->runAction(Object(CInlineAction))
#7 /var/www/html/yii/web/CController.php(265): CController->runActionWithFilters(Object(CInlineAction), Array)
#8 /var/www/html/yii/web/CWebApplication.php(282): CController->run('processimage')
#9 /var/www/html/yii/web/CWebApplication.php(141): CWebApplication->runController('site/processima...')
#10 /var/www/html/yii/base/CApplication.php(185): CWebApplication->processRequest()
#11 /var/www/html/mcscrap/index.php(14): CApplication->run()
#12 {main}
REQUEST_URI=/mcscrap/index.php/site/processimage
---
2017/07/25 18:58:27 [error] [php] file_get_contents(https:https://www.arihantbooks.com/maths-textbooks/a-textbook-of-algebra-for--jee-main--advanced): failed to open stream: No such file or directory (/var/www/html/mcscrap/protected/controllers/SiteController.php:258)
Stack trace:
#0 /var/www/html/yii/web/actions/CInlineAction.php(49): SiteController->actionprocessImage()
#1 /var/www/html/yii/web/CController.php(308): CInlineAction->runWithParams()
#2 /var/www/html/yii/web/CController.php(286): SiteController->runAction()
#3 /var/www/html/yii/web/CController.php(265): SiteController->runActionWithFilters()
#4 /var/www/html/yii/web/CWebApplication.php(282): SiteController->run()
#5 /var/www/html/yii/web/CWebApplication.php(141): CWebApplication->runController()
#6 /var/www/html/yii/base/CApplication.php(185): CWebApplication->processRequest()
#7 /var/www/html/mcscrap/index.php(14): CWebApplication->run()
REQUEST_URI=/mcscrap/index.php/site/processimage
in /var/www/html/mcscrap/protected/controllers/SiteController.php (258)
in /var/www/html/mcscrap/protected/controllers/SiteController.php (326)
in /var/www/html/mcscrap/index.php (14)
2017/07/26 04:41:58 [error] [exception.ParseError] ParseError: syntax error, unexpected ',' in /var/www/html/mcscrap/protected/controllers/SiteController.php:332
Stack trace:
#0 /var/www/html/yii/web/CWebApplication.php(276): CWebApplication->createController('onepush/')
#1 /var/www/html/yii/web/CWebApplication.php(141): CWebApplication->runController('site/onepush')
#2 /var/www/html/yii/base/CApplication.php(185): CWebApplication->processRequest()
#3 /var/www/html/mcscrap/index.php(14): CApplication->run()
#4 {main}
REQUEST_URI=/mcscrap/index.php/site/onepush
---
2017/07/26 04:42:35 [error] [exception.ParseError] ParseError: syntax error, unexpected ',' in /var/www/html/mcscrap/protected/controllers/SiteController.php:332
Stack trace:
#0 /var/www/html/yii/web/CWebApplication.php(276): CWebApplication->createController('onepush/')
#1 /var/www/html/yii/web/CWebApplication.php(141): CWebApplication->runController('site/onepush')
#2 /var/www/html/yii/base/CApplication.php(185): CWebApplication->processRequest()
#3 /var/www/html/mcscrap/index.php(14): CApplication->run()
#4 {main}
REQUEST_URI=/mcscrap/index.php/site/onepush
---
2017/07/26 04:42:37 [error] [exception.ParseError] ParseError: syntax error, unexpected ',' in /var/www/html/mcscrap/protected/controllers/SiteController.php:332
Stack trace:
#0 /var/www/html/yii/web/CWebApplication.php(276): CWebApplication->createController('onepush/')
#1 /var/www/html/yii/web/CWebApplication.php(141): CWebApplication->runController('site/onepush')
#2 /var/www/html/yii/base/CApplication.php(185): CWebApplication->processRequest()
#3 /var/www/html/mcscrap/index.php(14): CApplication->run()
#4 {main}
REQUEST_URI=/mcscrap/index.php/site/onepush
---
2017/07/26 04:44:25 [error] [php] Trying to get property of non-object (/var/www/html/mcscrap/protected/controllers/SiteController.php:252)
Stack trace:
#0 /var/www/html/yii/web/actions/CInlineAction.php(49): SiteController->actionOnePush()
#1 /var/www/html/yii/web/CController.php(308): CInlineAction->runWithParams()
#2 /var/www/html/yii/web/CController.php(286): SiteController->runAction()
#3 /var/www/html/yii/web/CController.php(265): SiteController->runActionWithFilters()
#4 /var/www/html/yii/web/CWebApplication.php(282): SiteController->run()
#5 /var/www/html/yii/web/CWebApplication.php(141): CWebApplication->runController()
#6 /var/www/html/yii/base/CApplication.php(185): CWebApplication->processRequest()
#7 /var/www/html/mcscrap/index.php(14): CWebApplication->run()
REQUEST_URI=/mcscrap/index.php/site/onepush
in /var/www/html/mcscrap/protected/controllers/SiteController.php (252)
in /var/www/html/mcscrap/protected/controllers/SiteController.php (135)
in /var/www/html/mcscrap/protected/controllers/SiteController.php (352)
2017/07/26 04:56:33 [error] [php] include(Expression.php): failed to open stream: No such file or directory (/var/www/html/yii/YiiBase.php:432)
Stack trace:
#0 /var/www/html/mcscrap/protected/controllers/SiteController.php(160): spl_autoload_call()
#1 /var/www/html/mcscrap/protected/controllers/SiteController.php(352): SiteController->addToMountCart()
#2 /var/www/html/yii/web/actions/CInlineAction.php(49): SiteController->actionOnePush()
#3 /var/www/html/yii/web/CController.php(308): CInlineAction->runWithParams()
#4 /var/www/html/yii/web/CController.php(286): SiteController->runAction()
#5 /var/www/html/yii/web/CController.php(265): SiteController->runActionWithFilters()
#6 /var/www/html/yii/web/CWebApplication.php(282): SiteController->run()
#7 /var/www/html/yii/web/CWebApplication.php(141): CWebApplication->runController()
#8 /var/www/html/yii/base/CApplication.php(185): CWebApplication->processRequest()
#9 /var/www/html/mcscrap/index.php(14): CWebApplication->run()
REQUEST_URI=/mcscrap/index.php/site/onepush
in /var/www/html/mcscrap/protected/controllers/SiteController.php (160)
in /var/www/html/mcscrap/protected/controllers/SiteController.php (352)
in /var/www/html/mcscrap/index.php (14)
2017/07/26 04:58:33 [error] [exception.Error] Error: Call to a member function execute() on integer in /var/www/html/mcscrap/protected/controllers/SiteController.php:164
Stack trace:
#0 /var/www/html/mcscrap/protected/controllers/SiteController.php(352): SiteController->addToMountCart(Array, 0, 0, 0)
#1 /var/www/html/yii/web/actions/CInlineAction.php(49): SiteController->actionOnePush()
#2 /var/www/html/yii/web/CController.php(308): CInlineAction->runWithParams(Array)
#3 /var/www/html/yii/web/CController.php(286): CController->runAction(Object(CInlineAction))
#4 /var/www/html/yii/web/CController.php(265): CController->runActionWithFilters(Object(CInlineAction), Array)
#5 /var/www/html/yii/web/CWebApplication.php(282): CController->run('onepush')
#6 /var/www/html/yii/web/CWebApplication.php(141): CWebApplication->runController('site/onepush')
#7 /var/www/html/yii/base/CApplication.php(185): CWebApplication->processRequest()
#8 /var/www/html/mcscrap/index.php(14): CApplication->run()
#9 {main}
REQUEST_URI=/mcscrap/index.php/site/onepush
---
2017/07/26 05:03:40 [error] [system.db.CDbCommand] CDbCommand::execute() failed: SQLSTATE[22007]: Invalid datetime format: 1292 Incorrect date value: '0000-00-00' for column 'date_start' at row 1. The SQL statement executed was: INSERT INTO `oc_product_special` (`product_id`, `customer_group_id`, `priority`, `price`) VALUES (:product_id, :customer_group_id, :priority, :price).
in /var/www/html/mcscrap/protected/controllers/SiteController.php (230)
in /var/www/html/mcscrap/protected/controllers/SiteController.php (352)
in /var/www/html/mcscrap/index.php (14)
2017/07/26 05:29:44 [error] [system.db.CDbCommand] CDbCommand::execute() failed: SQLSTATE[22007]: Invalid datetime format: 1292 Incorrect date value: '0000-00-00' for column 'date_start' at row 1. The SQL statement executed was: INSERT INTO `oc_product_special` (`product_id`, `customer_group_id`, `priority`, `price`) VALUES (:product_id, :customer_group_id, :priority, :price).
in /var/www/html/mcscrap/protected/controllers/SiteController.php (230)
in /var/www/html/mcscrap/protected/controllers/SiteController.php (352)
in /var/www/html/mcscrap/index.php (14)
2017/07/26 05:33:05 [error] [system.db.CDbCommand] CDbCommand::execute() failed: SQLSTATE[22007]: Invalid datetime format: 1292 Incorrect date value: '0000-00-00' for column 'date_start' at row 1. The SQL statement executed was: INSERT INTO `oc_product_special` (`product_id`, `customer_group_id`, `priority`, `price`, `date_start`, `date_end`) VALUES (:product_id, :customer_group_id, :priority, :price, :date_start, :date_end).
in /var/www/html/mcscrap/protected/controllers/SiteController.php (232)
in /var/www/html/mcscrap/protected/controllers/SiteController.php (354)
in /var/www/html/mcscrap/index.php (14)
2017/07/26 05:39:16 [error] [system.db.CDbCommand] CDbCommand::execute() failed: SQLSTATE[22007]: Invalid datetime format: 1292 Incorrect date value: '0000-00-00' for column 'date_start' at row 1. The SQL statement executed was: INSERT INTO `oc_product_special` (`product_id`, `customer_group_id`, `priority`, `price`, `date_start`, `date_end`) VALUES (:product_id, :customer_group_id, :priority, :price, :date_start, :date_end).
in /var/www/html/mcscrap/protected/controllers/SiteController.php (232)
in /var/www/html/mcscrap/protected/controllers/SiteController.php (354)
in /var/www/html/mcscrap/index.php (14)
2017/07/26 05:40:44 [error] [system.db.CDbCommand] CDbCommand::execute() failed: SQLSTATE[HY000]: General error: 1366 Incorrect decimal value: 'Rs.390' for column 'price' at row 1. The SQL statement executed was: INSERT INTO `oc_product` (`model`, `author`, `isbn`, `quantity`, `stock_status_id`, `image`, `manufacturer_id`, `price`, `cost`, `edit`, `sku`, `upc`, `ean`, `jan`, `mpn`, `location`, `tax_class_id`, `length`, `width`, `height`, `date_available`, `status`, `date_added`, `date_modified`) VALUES (:model, :author, :isbn, :quantity, :stock_status_id, :image, :manufacturer_id, :price, :cost, :edit, :sku, :upc, :ean, :jan, :mpn, :location, :tax_class_id, :length, :width, :height, NOW(), :status, NOW(), NOW()).
in /var/www/html/mcscrap/protected/controllers/SiteController.php (163)
in /var/www/html/mcscrap/protected/controllers/SiteController.php (354)
in /var/www/html/mcscrap/index.php (14)
2017/07/26 05:41:11 [error] [system.db.CDbCommand] CDbCommand::execute() failed: SQLSTATE[22007]: Invalid datetime format: 1292 Incorrect date value: '0000-00-00' for column 'date_start' at row 1. The SQL statement executed was: INSERT INTO `oc_product_special` (`product_id`, `customer_group_id`, `priority`, `price`, `date_start`, `date_end`) VALUES (:product_id, :customer_group_id, :priority, :price, :date_start, :date_end).
in /var/www/html/mcscrap/protected/controllers/SiteController.php (232)
in /var/www/html/mcscrap/protected/controllers/SiteController.php (354)
in /var/www/html/mcscrap/index.php (14)
2017/07/26 05:42:39 [error] [system.db.CDbCommand] CDbCommand::execute() failed: SQLSTATE[22007]: Invalid datetime format: 1292 Incorrect date value: '0000-00-00' for column 'date_start' at row 1. The SQL statement executed was: INSERT INTO `oc_product_special` (`product_id`, `customer_group_id`, `priority`, `price`, `date_start`, `date_end`) VALUES (:product_id, :customer_group_id, :priority, :price, :date_start, :date_end).
in /var/www/html/mcscrap/protected/controllers/SiteController.php (232)
in /var/www/html/mcscrap/protected/controllers/SiteController.php (354)
in /var/www/html/mcscrap/index.php (14)
2017/07/26 05:43:59 [error] [php] Array to string conversion (/var/www/html/mcscrap/protected/controllers/SiteController.php:147)
Stack trace:
#0 /var/www/html/yii/web/CController.php(308): CInlineAction->runWithParams()
#1 /var/www/html/yii/web/CController.php(286): SiteController->runAction()
#2 /var/www/html/yii/web/CController.php(265): SiteController->runActionWithFilters()
#3 /var/www/html/yii/web/CWebApplication.php(282): SiteController->run()
#4 /var/www/html/yii/web/CWebApplication.php(141): CWebApplication->runController()
#5 /var/www/html/yii/base/CApplication.php(185): CWebApplication->processRequest()
#6 /var/www/html/mcscrap/index.php(14): CWebApplication->run()
REQUEST_URI=/mcscrap/index.php/site/onepush
in /var/www/html/mcscrap/protected/controllers/SiteController.php (147)
in /var/www/html/mcscrap/protected/controllers/SiteController.php (354)
in /var/www/html/mcscrap/index.php (14)
2017/07/26 06:02:13 [error] [system.db.CDbCommand] CDbCommand::execute() failed: SQLSTATE[22007]: Invalid datetime format: 1292 Incorrect date value: '0000-00-00' for column 'date_start' at row 1. The SQL statement executed was: INSERT INTO `oc_product_special` (`product_id`, `customer_group_id`, `priority`, `price`, `date_start`, `date_end`) VALUES (:product_id, :customer_group_id, :priority, :price, :date_start, :date_end).
in /var/www/html/mcscrap/protected/controllers/SiteController.php (232)
in /var/www/html/mcscrap/protected/controllers/SiteController.php (354)
in /var/www/html/mcscrap/index.php (14)
2017/07/26 06:04:33 [error] [system.db.CDbCommand] CDbCommand::execute() failed: SQLSTATE[22007]: Invalid datetime format: 1292 Incorrect date value: '0000-00-00' for column 'date_start' at row 1. The SQL statement executed was: INSERT INTO `oc_product_special` (`product_id`, `customer_group_id`, `priority`, `price`, `date_start`, `date_end`) VALUES (:product_id, :customer_group_id, :priority, :price, :date_start, :date_end).
in /var/www/html/mcscrap/protected/controllers/SiteController.php (232)
in /var/www/html/mcscrap/protected/controllers/SiteController.php (354)
in /var/www/html/mcscrap/index.php (14)
2017/07/26 06:16:39 [error] [php] include(Crawler1.php): failed to open stream: No such file or directory (/var/www/html/yii/YiiBase.php:432)
Stack trace:
#0 /var/www/html/mcscrap/protected/controllers/SiteController.php(63): spl_autoload_call()
#1 unknown(0): SiteController->actionIndex()
#2 /var/www/html/yii/web/actions/CAction.php(109): ReflectionMethod->invokeArgs()
#3 /var/www/html/yii/web/actions/CInlineAction.php(47): CInlineAction->runWithParamsInternal()
#4 /var/www/html/yii/web/CController.php(308): CInlineAction->runWithParams()
#5 /var/www/html/yii/web/CController.php(286): SiteController->runAction()
#6 /var/www/html/yii/web/CController.php(265): SiteController->runActionWithFilters()
#7 /var/www/html/yii/web/CWebApplication.php(282): SiteController->run()
#8 /var/www/html/yii/web/CWebApplication.php(141): CWebApplication->runController()
#9 /var/www/html/yii/base/CApplication.php(185): CWebApplication->processRequest()
#10 /var/www/html/mcscrap/index.php(14): CWebApplication->run()
REQUEST_URI=/mcscrap/index.php/site/index/attr/Physics
in /var/www/html/mcscrap/protected/controllers/SiteController.php (63)
in /var/www/html/mcscrap/index.php (14)
2017/07/26 06:48:06 [error] [php] Undefined variable: crawler (/var/www/html/mcscrap/protected/controllers/SiteController.php:46)
Stack trace:
#0 /var/www/html/yii/web/actions/CInlineAction.php(47): CInlineAction->runWithParamsInternal()
#1 /var/www/html/yii/web/CController.php(308): CInlineAction->runWithParams()
#2 /var/www/html/yii/web/CController.php(286): SiteController->runAction()
#3 /var/www/html/yii/web/CController.php(265): SiteController->runActionWithFilters()
#4 /var/www/html/yii/web/CWebApplication.php(282): SiteController->run()
#5 /var/www/html/yii/web/CWebApplication.php(141): CWebApplication->runController()
#6 /var/www/html/yii/base/CApplication.php(185): CWebApplication->processRequest()
#7 /var/www/html/mcscrap/index.php(14): CWebApplication->run()
REQUEST_URI=/mcscrap/index.php/site/index/attr/Mathematics
in /var/www/html/mcscrap/protected/controllers/SiteController.php (46)
in /var/www/html/mcscrap/index.php (14)
2017/07/26 06:58:39 [error] [exception.InvalidArgumentException] InvalidArgumentException: The current node list is empty. in /var/www/html/mcscrap/vendor/symfony/dom-crawler/Crawler.php:584
Stack trace:
#0 /var/www/html/mcscrap/protected/controllers/SiteController.php(58): Symfony\Component\DomCrawler\Crawler->html()
#1 [internal function]: SiteController->actionIndex('Mathematics')
#2 /var/www/html/yii/web/actions/CAction.php(109): ReflectionMethod->invokeArgs(Object(SiteController), Array)
#3 /var/www/html/yii/web/actions/CInlineAction.php(47): CAction->runWithParamsInternal(Object(SiteController), Object(ReflectionMethod), Array)
#4 /var/www/html/yii/web/CController.php(308): CInlineAction->runWithParams(Array)
#5 /var/www/html/yii/web/CController.php(286): CController->runAction(Object(CInlineAction))
#6 /var/www/html/yii/web/CController.php(265): CController->runActionWithFilters(Object(CInlineAction), Array)
#7 /var/www/html/yii/web/CWebApplication.php(282): CController->run('index')
#8 /var/www/html/yii/web/CWebApplication.php(141): CWebApplication->runController('site/index/attr...')
#9 /var/www/html/yii/base/CApplication.php(185): CWebApplication->processRequest()
#10 /var/www/html/mcscrap/index.php(14): CApplication->run()
#11 {main}
REQUEST_URI=/mcscrap/index.php/site/index/attr/Mathematics
---
2017/07/26 06:59:30 [error] [exception.InvalidArgumentException] InvalidArgumentException: The current node list is empty. in /var/www/html/mcscrap/vendor/symfony/dom-crawler/Crawler.php:584
Stack trace:
#0 /var/www/html/mcscrap/protected/controllers/SiteController.php(57): Symfony\Component\DomCrawler\Crawler->html()
#1 [internal function]: SiteController->actionIndex('Mathematics')
#2 /var/www/html/yii/web/actions/CAction.php(109): ReflectionMethod->invokeArgs(Object(SiteController), Array)
#3 /var/www/html/yii/web/actions/CInlineAction.php(47): CAction->runWithParamsInternal(Object(SiteController), Object(ReflectionMethod), Array)
#4 /var/www/html/yii/web/CController.php(308): CInlineAction->runWithParams(Array)
#5 /var/www/html/yii/web/CController.php(286): CController->runAction(Object(CInlineAction))
#6 /var/www/html/yii/web/CController.php(265): CController->runActionWithFilters(Object(CInlineAction), Array)
#7 /var/www/html/yii/web/CWebApplication.php(282): CController->run('index')
#8 /var/www/html/yii/web/CWebApplication.php(141): CWebApplication->runController('site/index/attr...')
#9 /var/www/html/yii/base/CApplication.php(185): CWebApplication->processRequest()
#10 /var/www/html/mcscrap/index.php(14): CApplication->run()
#11 {main}
REQUEST_URI=/mcscrap/index.php/site/index/attr/Mathematics
---
2017/07/26 08:21:25 [error] [exception.ParseError] ParseError: syntax error, unexpected ';', expecting ')' in /var/www/html/mcscrap/protected/controllers/SiteController.php:150
Stack trace:
#0 /var/www/html/yii/web/CWebApplication.php(276): CWebApplication->createController('index/attr/Math...')
#1 /var/www/html/yii/web/CWebApplication.php(141): CWebApplication->runController('site/index/attr...')
#2 /var/www/html/yii/base/CApplication.php(185): CWebApplication->processRequest()
#3 /var/www/html/mcscrap/index.php(14): CApplication->run()
#4 {main}
REQUEST_URI=/mcscrap/index.php/site/index/attr/Mathematics
---
2017/07/26 08:25:19 [error] [exception.Error] Error: Call to undefined function roundUpToAny() in /var/www/html/mcscrap/protected/controllers/SiteController.php:295
Stack trace:
#0 /var/www/html/mcscrap/protected/controllers/SiteController.php(62): SiteController->calculateDiscount('675')
#1 [internal function]: SiteController->actionIndex('Mathematics')
#2 /var/www/html/yii/web/actions/CAction.php(109): ReflectionMethod->invokeArgs(Object(SiteController), Array)
#3 /var/www/html/yii/web/actions/CInlineAction.php(47): CAction->runWithParamsInternal(Object(SiteController), Object(ReflectionMethod), Array)
#4 /var/www/html/yii/web/CController.php(308): CInlineAction->runWithParams(Array)
#5 /var/www/html/yii/web/CController.php(286): CController->runAction(Object(CInlineAction))
#6 /var/www/html/yii/web/CController.php(265): CController->runActionWithFilters(Object(CInlineAction), Array)
#7 /var/www/html/yii/web/CWebApplication.php(282): CController->run('index')
#8 /var/www/html/yii/web/CWebApplication.php(141): CWebApplication->runController('site/index/attr...')
#9 /var/www/html/yii/base/CApplication.php(185): CWebApplication->processRequest()
#10 /var/www/html/mcscrap/index.php(14): CApplication->run()
#11 {main}
REQUEST_URI=/mcscrap/index.php/site/index/attr/Mathematics
---
2017/07/26 12:36:58 [error] [exception.CHttpException.400] CHttpException: Your request is invalid. in /var/www/html/yii/web/CController.php:336
Stack trace:
#0 /var/www/html/yii/web/CController.php(309): CController->invalidActionParams(Object(CInlineAction))
#1 /var/www/html/yii/web/CController.php(286): CController->runAction(Object(CInlineAction))
#2 /var/www/html/yii/web/CController.php(265): CController->runActionWithFilters(Object(CInlineAction), Array)
#3 /var/www/html/yii/web/CWebApplication.php(282): CController->run('masspush')
#4 /var/www/html/yii/web/CWebApplication.php(141): CWebApplication->runController('site/masspush')
#5 /var/www/html/yii/base/CApplication.php(185): CWebApplication->processRequest()
#6 /var/www/html/mcscrap/index.php(14): CApplication->run()
#7 {main}
REQUEST_URI=/mcscrap/index.php/site/masspush
---
2017/07/26 12:37:13 [error] [exception.CHttpException.400] CHttpException: Your request is invalid. in /var/www/html/yii/web/CController.php:336
Stack trace:
#0 /var/www/html/yii/web/CController.php(309): CController->invalidActionParams(Object(CInlineAction))
#1 /var/www/html/yii/web/CController.php(286): CController->runAction(Object(CInlineAction))
#2 /var/www/html/yii/web/CController.php(265): CController->runActionWithFilters(Object(CInlineAction), Array)
#3 /var/www/html/yii/web/CWebApplication.php(282): CController->run('Masspush')
#4 /var/www/html/yii/web/CWebApplication.php(141): CWebApplication->runController('site/Masspush')
#5 /var/www/html/yii/base/CApplication.php(185): CWebApplication->processRequest()
#6 /var/www/html/mcscrap/index.php(14): CApplication->run()
#7 {main}
REQUEST_URI=/mcscrap/index.php/site/Masspush
---
2017/07/26 12:37:21 [error] [exception.CHttpException.400] CHttpException: Your request is invalid. in /var/www/html/yii/web/CController.php:336
Stack trace:
#0 /var/www/html/yii/web/CController.php(309): CController->invalidActionParams(Object(CInlineAction))
#1 /var/www/html/yii/web/CController.php(286): CController->runAction(Object(CInlineAction))
#2 /var/www/html/yii/web/CController.php(265): CController->runActionWithFilters(Object(CInlineAction), Array)
#3 /var/www/html/yii/web/CWebApplication.php(282): CController->run('massPush')
#4 /var/www/html/yii/web/CWebApplication.php(141): CWebApplication->runController('site/massPush')
#5 /var/www/html/yii/base/CApplication.php(185): CWebApplication->processRequest()
#6 /var/www/html/mcscrap/index.php(14): CApplication->run()
#7 {main}
REQUEST_URI=/mcscrap/index.php/site/massPush
---
2017/07/26 12:37:38 [error] [exception.CHttpException.400] CHttpException: Your request is invalid. in /var/www/html/yii/web/CController.php:336
Stack trace:
#0 /var/www/html/yii/web/CController.php(309): CController->invalidActionParams(Object(CInlineAction))
#1 /var/www/html/yii/web/CController.php(286): CController->runAction(Object(CInlineAction))
#2 /var/www/html/yii/web/CController.php(265): CController->runActionWithFilters(Object(CInlineAction), Array)
#3 /var/www/html/yii/web/CWebApplication.php(282): CController->run('masspush')
#4 /var/www/html/yii/web/CWebApplication.php(141): CWebApplication->runController('site/masspush')
#5 /var/www/html/yii/base/CApplication.php(185): CWebApplication->processRequest()
#6 /var/www/html/mcscrap/index.php(14): CApplication->run()
#7 {main}
REQUEST_URI=/mcscrap/index.php/site/masspush
---
2017/07/26 12:38:07 [error] [exception.CDbException] CDbException: Table "book" does not have a column named "sendToMountCart". in /var/www/html/yii/db/schema/CDbCommandBuilder.php:697
Stack trace:
#0 /var/www/html/yii/db/ar/CActiveRecord.php(1540): CDbCommandBuilder->createColumnCriteria(Object(CMysqlTableSchema), Array, '', Array, '`t`.')
#1 /var/www/html/mcscrap/protected/controllers/SiteController.php(329): CActiveRecord->findAllByAttributes(Array)
#2 /var/www/html/yii/web/actions/CInlineAction.php(49): SiteController->actionmassPush()
#3 /var/www/html/yii/web/CController.php(308): CInlineAction->runWithParams(Array)
#4 /var/www/html/yii/web/CController.php(286): CController->runAction(Object(CInlineAction))
#5 /var/www/html/yii/web/CController.php(265): CController->runActionWithFilters(Object(CInlineAction), Array)
#6 /var/www/html/yii/web/CWebApplication.php(282): CController->run('masspush')
#7 /var/www/html/yii/web/CWebApplication.php(141): CWebApplication->runController('site/masspush')
#8 /var/www/html/yii/base/CApplication.php(185): CWebApplication->processRequest()
#9 /var/www/html/mcscrap/index.php(14): CApplication->run()
#10 {main}
REQUEST_URI=/mcscrap/index.php/site/masspush
---
2017/07/26 12:38:52 [error] [exception.CDbException] CDbException: Table "book" does not have a column named "sendToMountcart". in /var/www/html/yii/db/schema/CDbCommandBuilder.php:697
Stack trace:
#0 /var/www/html/yii/db/ar/CActiveRecord.php(1540): CDbCommandBuilder->createColumnCriteria(Object(CMysqlTableSchema), Array, '', Array, '`t`.')
#1 /var/www/html/mcscrap/protected/controllers/SiteController.php(329): CActiveRecord->findAllByAttributes(Array)
#2 /var/www/html/yii/web/actions/CInlineAction.php(49): SiteController->actionmassPush()
#3 /var/www/html/yii/web/CController.php(308): CInlineAction->runWithParams(Array)
#4 /var/www/html/yii/web/CController.php(286): CController->runAction(Object(CInlineAction))
#5 /var/www/html/yii/web/CController.php(265): CController->runActionWithFilters(Object(CInlineAction), Array)
#6 /var/www/html/yii/web/CWebApplication.php(282): CController->run('masspush')
#7 /var/www/html/yii/web/CWebApplication.php(141): CWebApplication->runController('site/masspush')
#8 /var/www/html/yii/base/CApplication.php(185): CWebApplication->processRequest()
#9 /var/www/html/mcscrap/index.php(14): CApplication->run()
#10 {main}
REQUEST_URI=/mcscrap/index.php/site/masspush
---
2017/07/26 12:40:26 [error] [php] Object of class stdClass could not be converted to string (/var/www/html/mcscrap/protected/controllers/SiteController.php:136)
Stack trace:
#0 /var/www/html/yii/web/CController.php(308): CInlineAction->runWithParams()
#1 /var/www/html/yii/web/CController.php(286): SiteController->runAction()
#2 /var/www/html/yii/web/CController.php(265): SiteController->runActionWithFilters()
#3 /var/www/html/yii/web/CWebApplication.php(282): SiteController->run()
#4 /var/www/html/yii/web/CWebApplication.php(141): CWebApplication->runController()
#5 /var/www/html/yii/base/CApplication.php(185): CWebApplication->processRequest()
#6 /var/www/html/mcscrap/index.php(14): CWebApplication->run()
REQUEST_URI=/mcscrap/index.php/site/onepush
in /var/www/html/mcscrap/protected/controllers/SiteController.php (136)
in /var/www/html/mcscrap/protected/controllers/SiteController.php (351)
in /var/www/html/mcscrap/index.php (14)
2017/07/26 12:41:51 [error] [exception.Error] Error: Cannot use object of type stdClass as array in /var/www/html/mcscrap/protected/controllers/SiteController.php:137
Stack trace:
#0 /var/www/html/mcscrap/protected/controllers/SiteController.php(352): SiteController->addToMountCart(Array, 0, 0, 0)
#1 /var/www/html/yii/web/actions/CInlineAction.php(49): SiteController->actionOnePush()
#2 /var/www/html/yii/web/CController.php(308): CInlineAction->runWithParams(Array)
#3 /var/www/html/yii/web/CController.php(286): CController->runAction(Object(CInlineAction))
#4 /var/www/html/yii/web/CController.php(265): CController->runActionWithFilters(Object(CInlineAction), Array)
#5 /var/www/html/yii/web/CWebApplication.php(282): CController->run('onepush')
#6 /var/www/html/yii/web/CWebApplication.php(141): CWebApplication->runController('site/onepush')
#7 /var/www/html/yii/base/CApplication.php(185): CWebApplication->processRequest()
#8 /var/www/html/mcscrap/index.php(14): CApplication->run()
#9 {main}
REQUEST_URI=/mcscrap/index.php/site/onepush
---
2017/07/26 12:44:06 [error] [php] Illegal string offset 'main' (/var/www/html/mcscrap/protected/controllers/SiteController.php:137)
Stack trace:
#0 /var/www/html/yii/web/CController.php(308): CInlineAction->runWithParams()
#1 /var/www/html/yii/web/CController.php(286): SiteController->runAction()
#2 /var/www/html/yii/web/CController.php(265): SiteController->runActionWithFilters()
#3 /var/www/html/yii/web/CWebApplication.php(282): SiteController->run()
#4 /var/www/html/yii/web/CWebApplication.php(141): CWebApplication->runController()
#5 /var/www/html/yii/base/CApplication.php(185): CWebApplication->processRequest()
#6 /var/www/html/mcscrap/index.php(14): CWebApplication->run()
REQUEST_URI=/mcscrap/index.php/site/onepush
in /var/www/html/mcscrap/protected/controllers/SiteController.php (137)
in /var/www/html/mcscrap/protected/controllers/SiteController.php (352)
in /var/www/html/mcscrap/index.php (14)
2017/07/26 12:44:10 [error] [php] Illegal string offset 'main' (/var/www/html/mcscrap/protected/controllers/SiteController.php:137)
Stack trace:
#0 /var/www/html/yii/web/CController.php(308): CInlineAction->runWithParams()
#1 /var/www/html/yii/web/CController.php(286): SiteController->runAction()
#2 /var/www/html/yii/web/CController.php(265): SiteController->runActionWithFilters()
#3 /var/www/html/yii/web/CWebApplication.php(282): SiteController->run()
#4 /var/www/html/yii/web/CWebApplication.php(141): CWebApplication->runController()
#5 /var/www/html/yii/base/CApplication.php(185): CWebApplication->processRequest()
#6 /var/www/html/mcscrap/index.php(14): CWebApplication->run()
REQUEST_URI=/mcscrap/index.php/site/onepush
in /var/www/html/mcscrap/protected/controllers/SiteController.php (137)
in /var/www/html/mcscrap/protected/controllers/SiteController.php (352)
in /var/www/html/mcscrap/index.php (14)
2017/07/26 12:53:24 [error] [php] Undefined variable: string (/var/www/html/mcscrap/protected/controllers/SiteController.php:150)
Stack trace:
#0 /var/www/html/yii/web/CController.php(308): CInlineAction->runWithParams()
#1 /var/www/html/yii/web/CController.php(286): SiteController->runAction()
#2 /var/www/html/yii/web/CController.php(265): SiteController->runActionWithFilters()
#3 /var/www/html/yii/web/CWebApplication.php(282): SiteController->run()
#4 /var/www/html/yii/web/CWebApplication.php(141): CWebApplication->runController()
#5 /var/www/html/yii/base/CApplication.php(185): CWebApplication->processRequest()
#6 /var/www/html/mcscrap/index.php(14): CWebApplication->run()
REQUEST_URI=/mcscrap/index.php/site/masspush
in /var/www/html/mcscrap/protected/controllers/SiteController.php (150)
in /var/www/html/mcscrap/protected/controllers/SiteController.php (340)
in /var/www/html/mcscrap/index.php (14)
2017/07/26 12:55:23 [error] [php] file_get_contents(https://www.arihantbooks.com/image/thumbnails/19/0d/9789311125282_jpg-102623-250x250.jpg): failed to open stream: Connection timed out (/var/www/html/mcscrap/protected/controllers/SiteController.php:252)
Stack trace:
#0 /var/www/html/mcscrap/protected/controllers/SiteController.php(340): SiteController->addToMountCart()
#1 /var/www/html/yii/web/actions/CInlineAction.php(49): SiteController->actionmassPush()
#2 /var/www/html/yii/web/CController.php(308): CInlineAction->runWithParams()
#3 /var/www/html/yii/web/CController.php(286): SiteController->runAction()
#4 /var/www/html/yii/web/CController.php(265): SiteController->runActionWithFilters()
#5 /var/www/html/yii/web/CWebApplication.php(282): SiteController->run()
#6 /var/www/html/yii/web/CWebApplication.php(141): CWebApplication->runController()
#7 /var/www/html/yii/base/CApplication.php(185): CWebApplication->processRequest()
#8 /var/www/html/mcscrap/index.php(14): CWebApplication->run()
REQUEST_URI=/mcscrap/index.php/site/masspush
in /var/www/html/mcscrap/protected/controllers/SiteController.php (252)
in /var/www/html/mcscrap/protected/controllers/SiteController.php (138)
in /var/www/html/mcscrap/protected/controllers/SiteController.php (340)
2017/07/26 13:24:36 [error] [php] file_put_contents(/home/mynewmountcart/www/image/data/150105567697.jpg): failed to open stream: No such file or directory (/var/www/html/mcscrap/protected/controllers/SiteController.php:255)
Stack trace:
#0 /var/www/html/mcscrap/protected/controllers/SiteController.php(341): SiteController->addToMountCart()
#1 /var/www/html/yii/web/actions/CInlineAction.php(49): SiteController->actionmassPush()
#2 /var/www/html/yii/web/CController.php(308): CInlineAction->runWithParams()
#3 /var/www/html/yii/web/CController.php(286): SiteController->runAction()
#4 /var/www/html/yii/web/CController.php(265): SiteController->runActionWithFilters()
#5 /var/www/html/yii/web/CWebApplication.php(282): SiteController->run()
#6 /var/www/html/yii/web/CWebApplication.php(141): CWebApplication->runController()
#7 /var/www/html/yii/base/CApplication.php(185): CWebApplication->processRequest()
#8 /var/www/html/mcscrap/index.php(14): CWebApplication->run()
REQUEST_URI=/mcscrap/index.php/site/masspush
in /var/www/html/mcscrap/protected/controllers/SiteController.php (255)
in /var/www/html/mcscrap/protected/controllers/SiteController.php (138)
in /var/www/html/mcscrap/protected/controllers/SiteController.php (341)
2017/07/26 13:25:23 [error] [exception.CHttpException.400] CHttpException: Your request is invalid. in /var/www/html/yii/web/CController.php:336
Stack trace:
#0 /var/www/html/yii/web/CController.php(309): CController->invalidActionParams(Object(CInlineAction))
#1 /var/www/html/yii/web/CController.php(286): CController->runAction(Object(CInlineAction))
#2 /var/www/html/yii/web/CController.php(265): CController->runActionWithFilters(Object(CInlineAction), Array)
#3 /var/www/html/yii/web/CWebApplication.php(282): CController->run('')
#4 /var/www/html/yii/web/CWebApplication.php(141): CWebApplication->runController('')
#5 /var/www/html/yii/base/CApplication.php(185): CWebApplication->processRequest()
#6 /var/www/html/mcscrap/index.php(14): CApplication->run()
#7 {main}
REQUEST_URI=/mcscrap/
---
2017/07/26 13:26:24 [error] [exception.CHttpException.400] CHttpException: Your request is invalid. in /var/www/html/mcscrap/yii/web/CController.php:336
Stack trace:
#0 /var/www/html/mcscrap/yii/web/CController.php(309): CController->invalidActionParams(Object(CInlineAction))
#1 /var/www/html/mcscrap/yii/web/CController.php(286): CController->runAction(Object(CInlineAction))
#2 /var/www/html/mcscrap/yii/web/CController.php(265): CController->runActionWithFilters(Object(CInlineAction), Array)
#3 /var/www/html/mcscrap/yii/web/CWebApplication.php(282): CController->run('')
#4 /var/www/html/mcscrap/yii/web/CWebApplication.php(141): CWebApplication->runController('')
#5 /var/www/html/mcscrap/yii/base/CApplication.php(185): CWebApplication->processRequest()
#6 /var/www/html/mcscrap/index.php(14): CApplication->run()
#7 {main}
REQUEST_URI=/mcscrap/
---
2017/07/26 13:26:42 [error] [exception.CHttpException.400] CHttpException: Your request is invalid. in /var/www/html/mcscrap/yii/web/CController.php:336
Stack trace:
#0 /var/www/html/mcscrap/yii/web/CController.php(309): CController->invalidActionParams(Object(CInlineAction))
#1 /var/www/html/mcscrap/yii/web/CController.php(286): CController->runAction(Object(CInlineAction))
#2 /var/www/html/mcscrap/yii/web/CController.php(265): CController->runActionWithFilters(Object(CInlineAction), Array)
#3 /var/www/html/mcscrap/yii/web/CWebApplication.php(282): CController->run('')
#4 /var/www/html/mcscrap/yii/web/CWebApplication.php(141): CWebApplication->runController('')
#5 /var/www/html/mcscrap/yii/base/CApplication.php(185): CWebApplication->processRequest()
#6 /var/www/html/mcscrap/index.php(14): CApplication->run()
#7 {main}
REQUEST_URI=/mcscrap/
---
